T-Spice - Tanner SPICE
Version 16.01
Network license
Product Release ID: T-Spice Win64 16.01.20130407.21:15:40
Copyright © 1988-2013 Tanner EDA

	Parsing "D:\pesquisa\Projeto SEE\Algoritmos\Passo1\src\Bruno\Output\Passo1_AOI21_011_VDDtoOUT_FO1.sp"
	Including "D:\pesquisa\Projeto SEE\Algoritmos\Passo1\src\Bruno\Output\ptm_90nm.l"

Start of Passo1_AOI21_011_VDDtoOUT_FO1.sp
Loaded BSIM4v450 model library, Berkeley BSIM4 v4.5.0

	Opening simulation database "D:\pesquisa\Projeto SEE\Algoritmos\Passo1\src\Bruno\Output\Passo1_AOI21_011_VDDtoOUT_FO1.tsim"
Warning : "Passo1_AOI21_011_VDDtoOUT_FO1.sp" line 8 Power supply node VDD2 is singularly attached to V2, and will be terminated with a Gmin conductance

General options:
        threads = 1

 Device and node counts:
              MOSFETs -       8
    MOSFET geometries -       4
      Voltage sources -       4
      Current sources -       1
          Subcircuits -       2
    Model Definitions -       3
      Computed Models -       2
    Independent nodes -      36
       Boundary nodes -       5
          Total nodes -      41
*** 1 WARNING MESSAGE GENERATED DURING SETUP


Optimization model parameters:
  Level   = 1
  verbose = 1
  cendif  = 1e-009
  close   = 0.001
  cut     = 2
  difsiz  = 0.001
  grad    = 1e-006
  itropt  = 40
  max     = 600000
  parmin  = 0.1
  relin   = 0.001
  relout  = 0.001

Warning : Warning messages were issued, but were suppressed
        : during a sweep, optimization, or Monte Carlos analysis.
        : 	Use '.options maxmsg=0' to view all warnings.


Optimization parameters:
      iTotal = 2e-005            derivative = -4.2668        

Optimization initialization: resid=0.978863 grad=4.2668 Marquardt=0.001

Optimization parameters:
      iTotal = 0.000934296       derivative = 0.194904       


Measure information will be written to file "D:\pesquisa\Projeto SEE\Algoritmos\Passo1\src\Bruno\Output\Passo1_AOI21_011_VDDtoOUT_FO1\Passo1_AOI21_011_VDDtoOUT_FO1.measure"

Measurement result summary: OPTIMIZE=opt2_1
   Vpeak           =    1.8291       
   avgiS           =   39.5916u      
   cargaTotal      =   15.8366f      

Optimization iteration 1
                   Residual = 0.524217
              Gradient norm = 0.194904
        Marquardt parameter = 0.0005
       Function evaluations = 4
                  Converged = no
         Gradient converged = no
            Input converged = no
           Output converged = no

Measurement result summary: OPTIMIZE=opt2_2
   Vpeak           =   25.3645m      
   avgiS           =  846.6545n      
   cargaTotal      =  338.6618a      

Optimization iteration 2
                   Residual = 0.524217
              Gradient norm = 0.194904
        Marquardt parameter = 0.002
       Function evaluations = 1
                  Converged = no
         Gradient converged = no
            Input converged = no
           Output converged = no

Measurement result summary: OPTIMIZE=opt2_3
   Vpeak           =   25.3645m      
   avgiS           =  846.6545n      
   cargaTotal      =  338.6618a      

Optimization iteration 3
                   Residual = 0.524217
              Gradient norm = 0.194904
        Marquardt parameter = 0.008
       Function evaluations = 1
                  Converged = no
         Gradient converged = no
            Input converged = no
           Output converged = no

Measurement result summary: OPTIMIZE=opt2_4
   Vpeak           =   25.3645m      
   avgiS           =  846.6545n      
   cargaTotal      =  338.6618a      

Optimization iteration 4
                   Residual = 0.524217
              Gradient norm = 0.194904
        Marquardt parameter = 0.032
       Function evaluations = 1
                  Converged = no
         Gradient converged = no
            Input converged = no
           Output converged = no

Measurement result summary: OPTIMIZE=opt2_5
   Vpeak           =   25.3645m      
   avgiS           =  846.6545n      
   cargaTotal      =  338.6618a      

Optimization iteration 5
                   Residual = 0.524217
              Gradient norm = 0.194904
        Marquardt parameter = 0.128
       Function evaluations = 1
                  Converged = no
         Gradient converged = no
            Input converged = no
           Output converged = no

Measurement result summary: OPTIMIZE=opt2_6
   Vpeak           =   25.3645m      
   avgiS           =  846.6545n      
   cargaTotal      =  338.6618a      

Optimization iteration 6
                   Residual = 0.524217
              Gradient norm = 0.194904
        Marquardt parameter = 0.512
       Function evaluations = 1
                  Converged = no
         Gradient converged = no
            Input converged = no
           Output converged = no

Measurement result summary: OPTIMIZE=opt2_7
   Vpeak           =   25.3645m      
   avgiS           =  846.6545n      
   cargaTotal      =  338.6618a      

Optimization iteration 7
                   Residual = 0.524217
              Gradient norm = 0.194904
        Marquardt parameter = 2.048
       Function evaluations = 1
                  Converged = no
         Gradient converged = no
            Input converged = no
           Output converged = no

Measurement result summary: OPTIMIZE=opt2_8
   Vpeak           =   48.1192m      
   avgiS           =    1.5888u      
   cargaTotal      =  635.5100a      

Optimization iteration 8
                   Residual = 0.524217
              Gradient norm = 0.194904
        Marquardt parameter = 8.192
       Function evaluations = 1
                  Converged = no
         Gradient converged = no
            Input converged = no
           Output converged = no

Optimization parameters:
      iTotal = 0.000835694       derivative = 0.19744        


Measurement result summary: OPTIMIZE=opt2_9
   Vpeak           =    1.8207       
   avgiS           =   35.4130u      
   cargaTotal      =   14.1652f      

Optimization iteration 9
                   Residual = 0.517197
              Gradient norm = 0.19744
        Marquardt parameter = 4.096
       Function evaluations = 2
                  Converged = no
         Gradient converged = no
            Input converged = no
           Output converged = no

Optimization parameters:
      iTotal = 0.000537717       derivative = 1.73833        


Measurement result summary: OPTIMIZE=opt2_10
   Vpeak           =    1.3193       
   avgiS           =   22.7858u      
   cargaTotal      =    9.1143f      

Optimization iteration 10
                   Residual = 0.0975874
              Gradient norm = 1.73833
        Marquardt parameter = 2.048
       Function evaluations = 2
                  Converged = no
         Gradient converged = no
            Input converged = no
           Output converged = no

Optimization parameters:
      iTotal = 0.000534672       derivative = 1.55174        


Measurement result summary: OPTIMIZE=opt2_11
   Vpeak           =    1.3067       
   avgiS           =   22.6568u      
   cargaTotal      =    9.0627f      

Optimization iteration 11
                   Residual = 0.08708
              Gradient norm = 1.55174
        Marquardt parameter = 1.024
       Function evaluations = 2
                  Converged = no
         Gradient converged = no
            Input converged = no
           Output converged = no

Optimization parameters:
      iTotal = 0.000528512       derivative = 1.17441        


Measurement result summary: OPTIMIZE=opt2_12
   Vpeak           =    1.2812       
   avgiS           =   22.3957u      
   cargaTotal      =    8.9583f      

Optimization iteration 12
                   Residual = 0.0658162
              Gradient norm = 1.17441
        Marquardt parameter = 0.512
       Function evaluations = 2
                  Converged = no
         Gradient converged = no
            Input converged = no
           Output converged = no

Optimization parameters:
      iTotal = 0.000520175       derivative = 0.66529        


Measurement result summary: OPTIMIZE=opt2_13
   Vpeak           =    1.2466       
   avgiS           =   22.0424u      
   cargaTotal      =    8.8170f      

Optimization iteration 13
                   Residual = 0.0370243
              Gradient norm = 0.66529
        Marquardt parameter = 0.256
       Function evaluations = 2
                  Converged = no
         Gradient converged = no
            Input converged = no
           Output converged = no

Optimization parameters:
      iTotal = 0.000513378       derivative = 0.252618       


Measurement result summary: OPTIMIZE=opt2_14
   Vpeak           =    1.2184       
   avgiS           =   21.7544u      
   cargaTotal      =    8.7018f      

Optimization iteration 14
                   Residual = 0.0135602
              Gradient norm = 0.252618
        Marquardt parameter = 0.128
       Function evaluations = 2
                  Converged = no
         Gradient converged = no
            Input converged = no
           Output converged = no

Optimization parameters:
      iTotal = 0.00051029        derivative = 0.0660913      


Measurement result summary: OPTIMIZE=opt2_15
   Vpeak           =    1.2056       
   avgiS           =   21.6236u      
   cargaTotal      =    8.6494f      

Optimization iteration 15
                   Residual = 0.00290584
              Gradient norm = 0.0660913
        Marquardt parameter = 0.064
       Function evaluations = 2
                  Converged = no
         Gradient converged = no
            Input converged = no
           Output converged = no

Optimization parameters:
      iTotal = 0.000509546       derivative = 0.0212549      


Measurement result summary: OPTIMIZE=opt2_16
   Vpeak           =    1.2025       
   avgiS           =   21.5921u      
   cargaTotal      =    8.6368f      

Optimization iteration 16
                   Residual = 0.000339385
              Gradient norm = 0.0212549
        Marquardt parameter = 0.032
       Function evaluations = 2
                  Converged = yes
         Gradient converged = no
            Input converged = yes
           Output converged = yes

Optimization results:
                   Residual = 0.000339385
              Gradient norm = 0.0212549
        Marquardt parameter = 0.032
       Function evaluations = 27
       Number of iterations = 16
         Gradient converged = no
            Input converged = yes
           Output converged = yes

Optimized parameter values:
   iTotal =  5.0955e-004

Measurement result summary: OPTIMIZE=opt2_16
   Vpeak           =    1.2004       
   avgiS           =   21.5705u      
   cargaTotal      =    8.6282f      

Parsing                      0.01 seconds
.TRAN Sweep                  4.68 seconds
Overhead                     0.30 seconds
-----------------------------------------
Total                        5.00 seconds

Simulation completed	with  2 Warnings