T-Spice - Tanner SPICE
Version 16.01
Network license
Product Release ID: T-Spice Win64 16.01.20130407.21:15:40
Copyright © 1988-2013 Tanner EDA

	Parsing "D:\pesquisa\Projeto SEE\Algoritmos\Passo1\src\Bruno\Output\Passo1_AOI21_011_VDDtoOUT_FO8.sp"
	Including "D:\pesquisa\Projeto SEE\Algoritmos\Passo1\src\Bruno\Output\ptm_90nm.l"

Start of Passo1_AOI21_011_VDDtoOUT_FO8.sp
Loaded BSIM4v450 model library, Berkeley BSIM4 v4.5.0

	Opening simulation database "D:\pesquisa\Projeto SEE\Algoritmos\Passo1\src\Bruno\Output\Passo1_AOI21_011_VDDtoOUT_FO8.tsim"
Warning : "Passo1_AOI21_011_VDDtoOUT_FO8.sp" line 8 Power supply node VDD2 is singularly attached to V2, and will be terminated with a Gmin conductance

General options:
        threads = 1

 Device and node counts:
              MOSFETs -      22
    MOSFET geometries -       4
      Voltage sources -       4
      Current sources -       1
          Subcircuits -       9
    Model Definitions -       3
      Computed Models -       2
    Independent nodes -      92
       Boundary nodes -       5
          Total nodes -      97
*** 1 WARNING MESSAGE GENERATED DURING SETUP


Optimization model parameters:
  Level   = 1
  verbose = 1
  cendif  = 1e-009
  close   = 0.001
  cut     = 2
  difsiz  = 0.001
  grad    = 1e-006
  itropt  = 40
  max     = 600000
  parmin  = 0.1
  relin   = 0.001
  relout  = 0.001

Warning : Warning messages were issued, but were suppressed
        : during a sweep, optimization, or Monte Carlos analysis.
        : 	Use '.options maxmsg=0' to view all warnings.


Optimization parameters:
      iTotal = 2e-005            derivative = -2.98318       

Optimization initialization: resid=0.985175 grad=2.98318 Marquardt=0.001

Optimization parameters:
      iTotal = 0.00134467        derivative = 2.84935        


Measure information will be written to file "D:\pesquisa\Projeto SEE\Algoritmos\Passo1\src\Bruno\Output\Passo1_AOI21_011_VDDtoOUT_FO8\Passo1_AOI21_011_VDDtoOUT_FO8.measure"

Measurement result summary: OPTIMIZE=opt2_1
   Vpeak           =    1.6535       
   avgiS           =   56.9804u      
   cargaTotal      =   22.7921f      

Optimization iteration 1
                   Residual = 0.376372
              Gradient norm = 2.84935
        Marquardt parameter = 0.0005
       Function evaluations = 4
                  Converged = no
         Gradient converged = no
            Input converged = no
           Output converged = no

Optimization parameters:
      iTotal = 0.00100978        derivative = -1.06567       


Measurement result summary: OPTIMIZE=opt2_2
   Vpeak           =    1.0620       
   avgiS           =   42.7895u      
   cargaTotal      =   17.1158f      

Optimization iteration 2
                   Residual = 0.116518
              Gradient norm = 1.06567
        Marquardt parameter = 0.00025
       Function evaluations = 2
                  Converged = no
         Gradient converged = no
            Input converged = no
           Output converged = no

Optimization parameters:
      iTotal = 0.00108643        derivative = 0.0707737      


Measurement result summary: OPTIMIZE=opt2_3
   Vpeak           =    1.2095       
   avgiS           =   46.0376u      
   cargaTotal      =   18.4151f      

Optimization iteration 3
                   Residual = 0.00618277
              Gradient norm = 0.0707737
        Marquardt parameter = 0.000125
       Function evaluations = 2
                  Converged = no
         Gradient converged = no
            Input converged = no
           Output converged = no

Optimization parameters:
      iTotal = 0.0010826         derivative = 0.00877219     


Measurement result summary: OPTIMIZE=opt2_4
   Vpeak           =    1.2021       
   avgiS           =   45.8753u      
   cargaTotal      =   18.3501f      

Optimization iteration 4
                   Residual = 3.40262e-006
              Gradient norm = 0.00877219
        Marquardt parameter = 6.25e-005
       Function evaluations = 2
                  Converged = yes
         Gradient converged = no
            Input converged = no
           Output converged = yes

Optimization results:
                   Residual = 3.40262e-006
              Gradient norm = 0.00877219
        Marquardt parameter = 6.25e-005
       Function evaluations = 10
       Number of iterations = 4
         Gradient converged = no
            Input converged = no
           Output converged = yes

Optimized parameter values:
   iTotal =  1.0826e-003

Measurement result summary: OPTIMIZE=opt2_4
   Vpeak           =    1.2000       
   avgiS           =   45.8295u      
   cargaTotal      =   18.3318f      

Parsing                      0.01 seconds
.TRAN Sweep                  4.06 seconds
Overhead                     0.91 seconds
-----------------------------------------
Total                        4.97 seconds

Simulation completed	with  2 Warnings