T-Spice - Tanner SPICE
Version 16.01
Network license
Product Release ID: T-Spice Win64 16.01.20130407.21:15:40
Copyright © 1988-2013 Tanner EDA

	Parsing "D:\pesquisa\Projeto SEE\Algoritmos\Passo1\src\Bruno\Output\Passo2_AOI21_011_VDDtoOUT_FO4.sp"
	Including "D:\pesquisa\Projeto SEE\Algoritmos\Passo1\src\Bruno\Output\ptm_90nm.l"

Start of Passo2_AOI21_011_VDDtoOUT_FO4.sp
Loaded BSIM4v450 model library, Berkeley BSIM4 v4.5.0

	Opening simulation database "D:\pesquisa\Projeto SEE\Algoritmos\Passo1\src\Bruno\Output\Passo2_AOI21_011_VDDtoOUT_FO4.tsim"
Warning : "Passo2_AOI21_011_VDDtoOUT_FO4.sp" line 10 Power supply node VDD2 is singularly attached to V2, and will be terminated with a Gmin conductance

General options:
        threads = 1

 Device and node counts:
              MOSFETs -      14
    MOSFET geometries -       4
      Voltage sources -       4
      Current sources -       2
          Subcircuits -       5
    Model Definitions -       3
      Computed Models -       2
    Independent nodes -      60
       Boundary nodes -       5
          Total nodes -      65
*** 1 WARNING MESSAGE GENERATED DURING SETUP


Optimization model parameters:
  Level   = 1
  verbose = 1
  cendif  = 1e-009
  close   = 0.001
  cut     = 2
  difsiz  = 0.001
  grad    = 1e-006
  itropt  = 40
  max     = 600000
  parmin  = 0.1
  relin   = 0.001
  relout  = 0.001

Warning : Warning messages were issued, but were suppressed
        : during a sweep, optimization, or Monte Carlos analysis.
        : 	Use '.options maxmsg=0' to view all warnings.


Optimization parameters:
       iHold = 2e-005            derivative = -4.72335       

Optimization initialization: resid=0.976104 grad=4.72335 Marquardt=0.001

Optimization parameters:
       iHold = 0.000841262       derivative = 0.207416       


Measure information will be written to file "D:\pesquisa\Projeto SEE\Algoritmos\Passo1\src\Bruno\Output\Passo2_AOI21_011_VDDtoOUT_FO4\Passo2_AOI21_011_VDDtoOUT_FO4.measure"

Measurement result summary: OPTIMIZE=opt2_1
   setTracker      =    1.8233       
   vPeakMin        =    1.8233       
   vPeakMax        =    1.8233       
   avgPrompt       =   -3.4940u      
   cargaPrompt     =   -1.3976f      
   avgHold         =  214.5954u      
   cargaHold       =   85.8381f      

Optimization iteration 1
                   Residual = 0.519378
              Gradient norm = 0.207416
        Marquardt parameter = 0.0005
       Function evaluations = 4
                  Converged = no
         Gradient converged = no
            Input converged = no
           Output converged = no

Measurement result summary: OPTIMIZE=opt2_2
   setTracker      =    1.2075       
   vPeakMin        =   28.6756m      
   vPeakMax        =  497.7336m      
   avgPrompt       =   31.3076u      
   cargaPrompt     =   12.5230f      
   avgHold         =    5.0967u      
   cargaHold       =    2.0387f      

Optimization iteration 2
                   Residual = 0.519378
              Gradient norm = 0.207416
        Marquardt parameter = 0.002
       Function evaluations = 1
                  Converged = no
         Gradient converged = no
            Input converged = no
           Output converged = no

Measurement result summary: OPTIMIZE=opt2_3
   setTracker      =    1.2075       
   vPeakMin        =   28.6756m      
   vPeakMax        =  497.7336m      
   avgPrompt       =   31.3076u      
   cargaPrompt     =   12.5230f      
   avgHold         =    5.0967u      
   cargaHold       =    2.0387f      

Optimization iteration 3
                   Residual = 0.519378
              Gradient norm = 0.207416
        Marquardt parameter = 0.008
       Function evaluations = 1
                  Converged = no
         Gradient converged = no
            Input converged = no
           Output converged = no

Measurement result summary: OPTIMIZE=opt2_4
   setTracker      =    1.2075       
   vPeakMin        =   28.6756m      
   vPeakMax        =  497.7336m      
   avgPrompt       =   31.3076u      
   cargaPrompt     =   12.5230f      
   avgHold         =    5.0967u      
   cargaHold       =    2.0387f      

Optimization iteration 4
                   Residual = 0.519378
              Gradient norm = 0.207416
        Marquardt parameter = 0.032
       Function evaluations = 1
                  Converged = no
         Gradient converged = no
            Input converged = no
           Output converged = no

Measurement result summary: OPTIMIZE=opt2_5
   setTracker      =    1.2075       
   vPeakMin        =   28.6756m      
   vPeakMax        =  497.7336m      
   avgPrompt       =   31.3076u      
   cargaPrompt     =   12.5230f      
   avgHold         =    5.0967u      
   cargaHold       =    2.0387f      

Optimization iteration 5
                   Residual = 0.519378
              Gradient norm = 0.207416
        Marquardt parameter = 0.128
       Function evaluations = 1
                  Converged = no
         Gradient converged = no
            Input converged = no
           Output converged = no

Measurement result summary: OPTIMIZE=opt2_6
   setTracker      =    1.2075       
   vPeakMin        =   28.6756m      
   vPeakMax        =  497.7336m      
   avgPrompt       =   31.3076u      
   cargaPrompt     =   12.5230f      
   avgHold         =    5.0967u      
   cargaHold       =    2.0387f      

Optimization iteration 6
                   Residual = 0.519378
              Gradient norm = 0.207416
        Marquardt parameter = 0.512
       Function evaluations = 1
                  Converged = no
         Gradient converged = no
            Input converged = no
           Output converged = no

Measurement result summary: OPTIMIZE=opt2_7
   setTracker      =    1.2075       
   vPeakMin        =   28.6756m      
   vPeakMax        =  497.7336m      
   avgPrompt       =   31.3076u      
   cargaPrompt     =   12.5230f      
   avgHold         =    5.0967u      
   cargaHold       =    2.0387f      

Optimization iteration 7
                   Residual = 0.519378
              Gradient norm = 0.207416
        Marquardt parameter = 2.048
       Function evaluations = 1
                  Converged = no
         Gradient converged = no
            Input converged = no
           Output converged = no

Measurement result summary: OPTIMIZE=opt2_8
   setTracker      =    1.2141       
   vPeakMin        =   58.0695m      
   vPeakMax        =  554.5381m      
   avgPrompt       =   30.4556u      
   cargaPrompt     =   12.1822f      
   avgHold         =   10.2256u      
   cargaHold       =    4.0902f      

Optimization iteration 8
                   Residual = 0.519378
              Gradient norm = 0.207416
        Marquardt parameter = 8.192
       Function evaluations = 1
                  Converged = no
         Gradient converged = no
            Input converged = no
           Output converged = no

Optimization parameters:
       iHold = 0.000753174       derivative = 0.255055       


Measurement result summary: OPTIMIZE=opt2_9
   setTracker      =    1.8150       
   vPeakMin        =    1.8150       
   vPeakMax        =    1.8150       
   avgPrompt       =  238.4467n      
   cargaPrompt     =   95.3787a      
   avgHold         =  192.1253u      
   cargaHold       =   76.8501f      

Optimization iteration 9
                   Residual = 0.512422
              Gradient norm = 0.255055
        Marquardt parameter = 4.096
       Function evaluations = 2
                  Converged = no
         Gradient converged = no
            Input converged = no
           Output converged = no

Optimization parameters:
       iHold = 0.000533288       derivative = 0.817166       


Measurement result summary: OPTIMIZE=opt2_10
   setTracker      =    1.7734       
   vPeakMin        =    1.7726       
   vPeakMax        =    1.7734       
   avgPrompt       =    9.5561u      
   cargaPrompt     =    3.8225f      
   avgHold         =  136.0351u      
   cargaHold       =   54.4140f      

Optimization iteration 10
                   Residual = 0.477027
              Gradient norm = 0.817166
        Marquardt parameter = 2.048
       Function evaluations = 2
                  Converged = no
         Gradient converged = no
            Input converged = no
           Output converged = no

Optimization parameters:
       iHold = 0.000380195       derivative = 1.92546        


Measurement result summary: OPTIMIZE=opt2_11
   setTracker      =    1.6499       
   vPeakMin        =    1.6339       
   vPeakMax        =    1.6499       
   avgPrompt       =   16.0435u      
   cargaPrompt     =    6.4174f      
   avgHold         =   96.9829u      
   cargaHold       =   38.7932f      

Optimization iteration 11
                   Residual = 0.361127
              Gradient norm = 1.92546
        Marquardt parameter = 1.024
       Function evaluations = 2
                  Converged = no
         Gradient converged = no
            Input converged = no
           Output converged = no

Optimization parameters:
       iHold = 0.000300781       derivative = 2.55161        


Measurement result summary: OPTIMIZE=opt2_12
   setTracker      =    1.5183       
   vPeakMin        =    1.4899       
   vPeakMax        =    1.5183       
   avgPrompt       =   19.4086u      
   cargaPrompt     =    7.7635f      
   avgHold         =   76.7255u      
   cargaHold       =   30.6902f      

Optimization iteration 12
                   Residual = 0.240872
              Gradient norm = 2.55161
        Marquardt parameter = 0.512
       Function evaluations = 2
                  Converged = no
         Gradient converged = no
            Input converged = no
           Output converged = no

Optimization parameters:
       iHold = 0.00025455        derivative = -3.24102       


Measurement result summary: OPTIMIZE=opt2_13
   setTracker      =    1.3685       
   vPeakMin        =    1.1189       
   vPeakMax        =    1.3293       
   avgPrompt       =   21.3677u      
   cargaPrompt     =    8.5471f      
   avgHold         =   64.9324u      
   cargaHold       =   25.9730f      

Optimization iteration 13
                   Residual = 0.0701775
              Gradient norm = 3.24102
        Marquardt parameter = 0.256
       Function evaluations = 2
                  Converged = no
         Gradient converged = no
            Input converged = no
           Output converged = no

Optimization parameters:
       iHold = 0.000258849       derivative = -1.1476        


Measurement result summary: OPTIMIZE=opt2_14
   setTracker      =    1.3755       
   vPeakMin        =    1.1723       
   vPeakMax        =    1.3459       
   avgPrompt       =   21.1855u      
   cargaPrompt     =    8.4742f      
   avgHold         =   66.0292u      
   cargaHold       =   26.4117f      

Optimization iteration 14
                   Residual = 0.0257236
              Gradient norm = 1.1476
        Marquardt parameter = 0.128
       Function evaluations = 2
                  Converged = no
         Gradient converged = no
            Input converged = no
           Output converged = no

Optimization parameters:
       iHold = 0.000260807       derivative = -0.196454      


Measurement result summary: OPTIMIZE=opt2_15
   setTracker      =    1.3790       
   vPeakMin        =    1.1966       
   vPeakMax        =    1.3534       
   avgPrompt       =   21.1025u      
   cargaPrompt     =    8.4410f      
   avgHold         =   66.5287u      
   cargaHold       =   26.6115f      

Optimization iteration 15
                   Residual = 0.00552337
              Gradient norm = 0.196454
        Marquardt parameter = 0.064
       Function evaluations = 2
                  Converged = no
         Gradient converged = no
            Input converged = no
           Output converged = no

Optimization parameters:
       iHold = 0.000261281       derivative = 0.0328913      


Measurement result summary: OPTIMIZE=opt2_16
   setTracker      =    1.3800       
   vPeakMin        =    1.2025       
   vPeakMax        =    1.3552       
   avgPrompt       =   21.0825u      
   cargaPrompt     =    8.4330f      
   avgHold         =   66.6495u      
   cargaHold       =   26.6598f      

Optimization iteration 16
                   Residual = 0.000645151
              Gradient norm = 0.0328913
        Marquardt parameter = 0.032
       Function evaluations = 2
                  Converged = yes
         Gradient converged = no
            Input converged = yes
           Output converged = yes

Optimization results:
                   Residual = 0.000645151
              Gradient norm = 0.0328913
        Marquardt parameter = 0.032
       Function evaluations = 27
       Number of iterations = 16
         Gradient converged = no
            Input converged = yes
           Output converged = yes

Optimized parameter values:
   iHold =  2.6128e-004

Measurement result summary: OPTIMIZE=opt2_16
   setTracker      =    1.3794       
   vPeakMin        =    1.1992       
   vPeakMax        =    1.3542       
   avgPrompt       =   21.0935u      
   cargaPrompt     =    8.4374f      
   avgHold         =   66.5829u      
   cargaHold       =   26.6332f      

Parsing                      0.01 seconds
.TRAN Sweep                  6.50 seconds
Overhead                     0.90 seconds
-----------------------------------------
Total                        7.41 seconds

Simulation completed	with  2 Warnings