T-Spice - Tanner SPICE
Version 16.01
Network license
Product Release ID: T-Spice Win64 16.01.20130407.21:15:40
Copyright © 1988-2013 Tanner EDA

	Parsing "D:\pesquisa\Projeto SEE\Algoritmos\Passo1\src\Bruno\Output\Passo1_AOI21_011_VDDtoOUT_FO4.sp"
	Including "D:\pesquisa\Projeto SEE\Algoritmos\Passo1\src\Bruno\Output\ptm_90nm.l"

Start of Passo1_AOI21_011_VDDtoOUT_FO4.sp
Loaded BSIM4v450 model library, Berkeley BSIM4 v4.5.0

	Opening simulation database "D:\pesquisa\Projeto SEE\Algoritmos\Passo1\src\Bruno\Output\Passo1_AOI21_011_VDDtoOUT_FO4.tsim"
Warning : "Passo1_AOI21_011_VDDtoOUT_FO4.sp" line 8 Power supply node VDD2 is singularly attached to V2, and will be terminated with a Gmin conductance

General options:
        threads = 1

 Device and node counts:
              MOSFETs -      14
    MOSFET geometries -       4
      Voltage sources -       4
      Current sources -       1
          Subcircuits -       5
    Model Definitions -       3
      Computed Models -       2
    Independent nodes -      60
       Boundary nodes -       5
          Total nodes -      65
*** 1 WARNING MESSAGE GENERATED DURING SETUP


Optimization model parameters:
  Level   = 1
  verbose = 1
  cendif  = 1e-009
  close   = 0.001
  cut     = 2
  difsiz  = 0.001
  grad    = 1e-006
  itropt  = 40
  max     = 600000
  parmin  = 0.1
  relin   = 0.001
  relout  = 0.001

Warning : Warning messages were issued, but were suppressed
        : during a sweep, optimization, or Monte Carlos analysis.
        : 	Use '.options maxmsg=0' to view all warnings.


Optimization parameters:
      iTotal = 2e-005            derivative = -3.62702       

Optimization initialization: resid=0.981979 grad=3.62702 Marquardt=0.001

Optimization parameters:
      iTotal = 0.00110245        derivative = 0.703126       


Measure information will be written to file "D:\pesquisa\Projeto SEE\Algoritmos\Passo1\src\Bruno\Output\Passo1_AOI21_011_VDDtoOUT_FO4\Passo1_AOI21_011_VDDtoOUT_FO4.measure"

Measurement result summary: OPTIMIZE=opt2_1
   Vpeak           =    1.8191       
   avgiS           =   46.6947u      
   cargaTotal      =   18.6779f      

Optimization iteration 1
                   Residual = 0.515651
              Gradient norm = 0.703126
        Marquardt parameter = 0.0005
       Function evaluations = 4
                  Converged = no
         Gradient converged = no
            Input converged = no
           Output converged = no

Measurement result summary: OPTIMIZE=opt2_2
   Vpeak           =   21.6255m      
   avgiS           =  846.6545n      
   cargaTotal      =  338.6618a      

Optimization iteration 2
                   Residual = 0.515651
              Gradient norm = 0.703126
        Marquardt parameter = 0.002
       Function evaluations = 1
                  Converged = no
         Gradient converged = no
            Input converged = no
           Output converged = no

Measurement result summary: OPTIMIZE=opt2_3
   Vpeak           =   21.6255m      
   avgiS           =  846.6545n      
   cargaTotal      =  338.6618a      

Optimization iteration 3
                   Residual = 0.515651
              Gradient norm = 0.703126
        Marquardt parameter = 0.008
       Function evaluations = 1
                  Converged = no
         Gradient converged = no
            Input converged = no
           Output converged = no

Measurement result summary: OPTIMIZE=opt2_4
   Vpeak           =   21.6255m      
   avgiS           =  846.6545n      
   cargaTotal      =  338.6618a      

Optimization iteration 4
                   Residual = 0.515651
              Gradient norm = 0.703126
        Marquardt parameter = 0.032
       Function evaluations = 1
                  Converged = no
         Gradient converged = no
            Input converged = no
           Output converged = no

Measurement result summary: OPTIMIZE=opt2_5
   Vpeak           =   21.6255m      
   avgiS           =  846.6545n      
   cargaTotal      =  338.6618a      

Optimization iteration 5
                   Residual = 0.515651
              Gradient norm = 0.703126
        Marquardt parameter = 0.128
       Function evaluations = 1
                  Converged = no
         Gradient converged = no
            Input converged = no
           Output converged = no

Measurement result summary: OPTIMIZE=opt2_6
   Vpeak           =   21.6255m      
   avgiS           =  846.6545n      
   cargaTotal      =  338.6618a      

Optimization iteration 6
                   Residual = 0.515651
              Gradient norm = 0.703126
        Marquardt parameter = 0.512
       Function evaluations = 1
                  Converged = no
         Gradient converged = no
            Input converged = no
           Output converged = no

Measurement result summary: OPTIMIZE=opt2_7
   Vpeak           =   76.2022m      
   avgiS           =    2.9298u      
   cargaTotal      =    1.1719f      

Optimization iteration 7
                   Residual = 0.515651
              Gradient norm = 0.703126
        Marquardt parameter = 2.048
       Function evaluations = 1
                  Converged = no
         Gradient converged = no
            Input converged = no
           Output converged = no

Optimization parameters:
      iTotal = 0.00084819        derivative = 2.63475        


Measurement result summary: OPTIMIZE=opt2_8
   Vpeak           =    1.4501       
   avgiS           =   35.9421u      
   cargaTotal      =   14.3768f      

Optimization iteration 8
                   Residual = 0.206578
              Gradient norm = 2.63475
        Marquardt parameter = 1.024
       Function evaluations = 2
                  Converged = no
         Gradient converged = no
            Input converged = no
           Output converged = no

Optimization parameters:
      iTotal = 0.000825407       derivative = 2.05446        


Measurement result summary: OPTIMIZE=opt2_9
   Vpeak           =    1.3878       
   avgiS           =   34.9767u      
   cargaTotal      =   13.9907f      

Optimization iteration 9
                   Residual = 0.154562
              Gradient norm = 2.05446
        Marquardt parameter = 0.512
       Function evaluations = 2
                  Converged = no
         Gradient converged = no
            Input converged = no
           Output converged = no

Optimization parameters:
      iTotal = 0.000796282       derivative = 1.15259        


Measurement result summary: OPTIMIZE=opt2_10
   Vpeak           =    1.3061       
   avgiS           =   33.7425u      
   cargaTotal      =   13.4970f      

Optimization iteration 10
                   Residual = 0.0865886
              Gradient norm = 1.15259
        Marquardt parameter = 0.256
       Function evaluations = 2
                  Converged = no
         Gradient converged = no
            Input converged = no
           Output converged = no

Optimization parameters:
      iTotal = 0.000772806       derivative = 0.425658       


Measurement result summary: OPTIMIZE=opt2_11
   Vpeak           =    1.2402       
   avgiS           =   32.7477u      
   cargaTotal      =   13.0991f      

Optimization iteration 11
                   Residual = 0.0317183
              Gradient norm = 0.425658
        Marquardt parameter = 0.128
       Function evaluations = 2
                  Converged = no
         Gradient converged = no
            Input converged = no
           Output converged = no

Optimization parameters:
      iTotal = 0.000762135       derivative = 0.0998708      


Measurement result summary: OPTIMIZE=opt2_12
   Vpeak           =    1.2103       
   avgiS           =   32.2955u      
   cargaTotal      =   12.9182f      

Optimization iteration 12
                   Residual = 0.00679877
              Gradient norm = 0.0998708
        Marquardt parameter = 0.064
       Function evaluations = 2
                  Converged = no
         Gradient converged = no
            Input converged = no
           Output converged = no

Optimization parameters:
      iTotal = 0.000759563       derivative = 0.0218048      


Measurement result summary: OPTIMIZE=opt2_13
   Vpeak           =    1.2031       
   avgiS           =   32.1865u      
   cargaTotal      =   12.8746f      

Optimization iteration 13
                   Residual = 0.000794044
              Gradient norm = 0.0218048
        Marquardt parameter = 0.032
       Function evaluations = 2
                  Converged = yes
         Gradient converged = no
            Input converged = no
           Output converged = yes

Optimization results:
                   Residual = 0.000794044
              Gradient norm = 0.0218048
        Marquardt parameter = 0.032
       Function evaluations = 22
       Number of iterations = 13
         Gradient converged = no
            Input converged = no
           Output converged = yes

Optimized parameter values:
   iTotal =  7.5956e-004

Measurement result summary: OPTIMIZE=opt2_13
   Vpeak           =    1.2010       
   avgiS           =   32.1544u      
   cargaTotal      =   12.8618f      

Parsing                      0.01 seconds
.TRAN Sweep                  5.03 seconds
Overhead                     0.90 seconds
-----------------------------------------
Total                        5.93 seconds

Simulation completed	with  2 Warnings