T-Spice - Tanner SPICE
Version 16.01
Network license
Product Release ID: T-Spice Win64 16.01.20130407.21:15:40
Copyright © 1988-2013 Tanner EDA

	Parsing "D:\pesquisa\Projeto SEE\Algoritmos\Passo1\src\bruno\Output\aoi21\100\Passo2_AOI21_100_VDDtoPU_N1_FO8.sp"
	Including "D:\pesquisa\Projeto SEE\Algoritmos\Passo1\src\bruno\Output\aoi21\100\ptm_90nm.l"

Start of Passo2_AOI21_100_VDDtoPU_N1_FO8.sp
Loaded BSIM4v450 model library, Berkeley BSIM4 v4.5.0

	Opening simulation database "D:\pesquisa\Projeto SEE\Algoritmos\Passo1\src\bruno\Output\aoi21\100\Passo2_AOI21_100_VDDtoPU_N1_FO8.tsim"
Warning : "Passo2_AOI21_100_VDDtoPU_N1_FO8.sp" line 11 Power supply node VDD2 is singularly attached to V2, and will be terminated with a Gmin conductance

General options:
        threads = 1

 Device and node counts:
              MOSFETs -      22
    MOSFET geometries -       4
      Voltage sources -       4
      Current sources -       2
          Subcircuits -       9
    Model Definitions -       3
      Computed Models -       2
    Independent nodes -      92
       Boundary nodes -       5
          Total nodes -      97
*** 1 WARNING MESSAGE GENERATED DURING SETUP


Optimization model parameters:
  Level   = 1
  verbose = 1
  cendif  = 1e-009
  close   = 0.001
  cut     = 2
  difsiz  = 0.001
  grad    = 1e-006
  itropt  = 40
  max     = 600000
  parmin  = 0.1
  relin   = 0.001
  relout  = 0.001

Warning : Warning messages were issued, but were suppressed
        : during a sweep, optimization, or Monte Carlos analysis.
        : 	Use '.options maxmsg=0' to view all warnings.


Optimization parameters:
       iHold = 2e-005            derivative = -4.77336       
         opa = 2e-011            derivative = -1.24476       

Optimization initialization: resid=0.510916 grad=2.46649 Marquardt=0.001

Optimization parameters:
       iHold = 0.000131343       derivative = 0.280543       
         opa = 4.53316e-011      derivative = 0.177718       


Measure information will be written to file "D:\pesquisa\Projeto SEE\Algoritmos\Passo1\src\bruno\Output\aoi21\100\Passo2_AOI21_100_VDDtoPU_N1_FO8\Passo2_AOI21_100_VDDtoPU_N1_FO8.measure"

Measurement result summary: OPTIMIZE=opt2_1
   setTracker      =    1.5904       
   vPeakMin        =    1.3672       
   vPeakMax        =    1.5904       
   avgPrompt       =   75.7975u      
   cargaPrompt     =   30.3190f      
   avgHold         =   33.4704u      
   cargaHold       =   13.3882f      

Optimization iteration 1
                   Residual = 0.139124
              Gradient norm = 0.166048
        Marquardt parameter = 0.0005
       Function evaluations = 6
                  Converged = no
         Gradient converged = no
            Input converged = no
           Output converged = no

Measurement result summary: OPTIMIZE=opt2_2
   setTracker      =    1.2099       
   vPeakMin        =  765.3063m      
   vPeakMax        =    1.1646       
   avgPrompt       =   66.7750u      
   cargaPrompt     =   26.7100f      
   avgHold         =    5.0967u      
   cargaHold       =    2.0387f      

Optimization iteration 2
                   Residual = 0.139124
              Gradient norm = 0.166048
        Marquardt parameter = 0.002
       Function evaluations = 1
                  Converged = no
         Gradient converged = no
            Input converged = no
           Output converged = no

Measurement result summary: OPTIMIZE=opt2_3
   setTracker      =    1.2099       
   vPeakMin        =  766.3108m      
   vPeakMax        =    1.1650       
   avgPrompt       =   66.8315u      
   cargaPrompt     =   26.7326f      
   avgHold         =    5.0967u      
   cargaHold       =    2.0387f      

Optimization iteration 3
                   Residual = 0.139124
              Gradient norm = 0.166048
        Marquardt parameter = 0.008
       Function evaluations = 1
                  Converged = no
         Gradient converged = no
            Input converged = no
           Output converged = no

Measurement result summary: OPTIMIZE=opt2_4
   setTracker      =    1.2099       
   vPeakMin        =  770.3049m      
   vPeakMax        =    1.1670       
   avgPrompt       =   67.0555u      
   cargaPrompt     =   26.8222f      
   avgHold         =    5.0967u      
   cargaHold       =    2.0387f      

Optimization iteration 4
                   Residual = 0.139124
              Gradient norm = 0.166048
        Marquardt parameter = 0.032
       Function evaluations = 1
                  Converged = no
         Gradient converged = no
            Input converged = no
           Output converged = no

Measurement result summary: OPTIMIZE=opt2_5
   setTracker      =    1.2101       
   vPeakMin        =  785.8782m      
   vPeakMax        =    1.1746       
   avgPrompt       =   67.9215u      
   cargaPrompt     =   27.1686f      
   avgHold         =    5.0967u      
   cargaHold       =    2.0387f      

Optimization iteration 5
                   Residual = 0.139124
              Gradient norm = 0.166048
        Marquardt parameter = 0.128
       Function evaluations = 1
                  Converged = no
         Gradient converged = no
            Input converged = no
           Output converged = no

Measurement result summary: OPTIMIZE=opt2_6
   setTracker      =    1.2109       
   vPeakMin        =  841.5350m      
   vPeakMax        =    1.2023       
   avgPrompt       =   70.9577u      
   cargaPrompt     =   28.3831f      
   avgHold         =    5.0967u      
   cargaHold       =    2.0387f      

Optimization iteration 6
                   Residual = 0.139124
              Gradient norm = 0.166048
        Marquardt parameter = 0.512
       Function evaluations = 1
                  Converged = no
         Gradient converged = no
            Input converged = no
           Output converged = no

Optimization parameters:
       iHold = 5.31585e-005      derivative = -0.98162       
         opa = 3.69336e-011      derivative = -0.472122      


Measurement result summary: OPTIMIZE=opt2_7
   setTracker      =    1.3259       
   vPeakMin        =    1.1178       
   vPeakMax        =    1.3259       
   avgPrompt       =   74.6083u      
   cargaPrompt     =   29.8433f      
   avgHold         =   13.5465u      
   cargaHold       =    5.4186f      

Optimization iteration 7
                   Residual = 0.0694278
              Gradient norm = 0.544628
        Marquardt parameter = 0.256
       Function evaluations = 3
                  Converged = no
         Gradient converged = no
            Input converged = no
           Output converged = no

Optimization parameters:
       iHold = 6.03089e-005      derivative = -0.288535      
         opa = 3.7921e-011       derivative = -0.136434      


Measurement result summary: OPTIMIZE=opt2_8
   setTracker      =    1.3545       
   vPeakMin        =    1.1763       
   vPeakMax        =    1.3545       
   avgPrompt       =   75.1787u      
   cargaPrompt     =   30.0715f      
   avgHold         =   15.3687u      
   cargaHold       =    6.1475f      

Optimization iteration 8
                   Residual = 0.0206819
              Gradient norm = 0.159583
        Marquardt parameter = 0.128
       Function evaluations = 3
                  Converged = no
         Gradient converged = no
            Input converged = no
           Output converged = no

Optimization parameters:
       iHold = 6.28365e-005      derivative = -0.0448902     
         opa = 3.82758e-011      derivative = -0.0204208     


Measurement result summary: OPTIMIZE=opt2_9
   setTracker      =    1.3649       
   vPeakMin        =    1.1969       
   vPeakMax        =    1.3649       
   avgPrompt       =   75.3803u      
   cargaPrompt     =   30.1521f      
   avgHold         =   16.0128u      
   cargaHold       =    6.4051f      

Optimization iteration 9
                   Residual = 0.00351191
              Gradient norm = 0.0246584
        Marquardt parameter = 0.064
       Function evaluations = 3
                  Converged = no
         Gradient converged = no
            Input converged = no
           Output converged = no

Optimization parameters:
       iHold = 6.33078e-005      derivative = 0.00028388     
         opa = 3.83424e-011      derivative = 0.000961586    


Measurement result summary: OPTIMIZE=opt2_10
   setTracker      =    1.3668       
   vPeakMin        =    1.2007       
   vPeakMax        =    1.3668       
   avgPrompt       =   75.4180u      
   cargaPrompt     =   30.1672f      
   avgHold         =   16.1329u      
   cargaHold       =    6.4532f      

Optimization iteration 10
                   Residual = 0.000315479
              Gradient norm = 0.000501307
        Marquardt parameter = 0.032
       Function evaluations = 3
                  Converged = yes
         Gradient converged = no
            Input converged = yes
           Output converged = yes

Optimization results:
                   Residual = 0.000315479
              Gradient norm = 0.000501307
        Marquardt parameter = 0.032
       Function evaluations = 23
       Number of iterations = 10
         Gradient converged = no
            Input converged = yes
           Output converged = yes

Optimized parameter values:
   iHold =  6.3308e-005
     opa =  3.8342e-011

Measurement result summary: OPTIMIZE=opt2_10
   setTracker      =    1.3662       
   vPeakMin        =    1.1996       
   vPeakMax        =    1.3662       
   avgPrompt       =   75.3616u      
   cargaPrompt     =   30.1447f      
   avgHold         =   16.1329u      
   cargaHold       =    6.4532f      

Parsing                      0.01 seconds
.TRAN Sweep                  7.78 seconds
Overhead                     0.95 seconds
-----------------------------------------
Total                        8.73 seconds

Simulation completed	with  2 Warnings