T-Spice - Tanner SPICE
Version 16.01
Network license
Product Release ID: T-Spice Win64 16.01.20130407.21:15:40
Copyright © 1988-2013 Tanner EDA

	Parsing "D:\pesquisa\Projeto SEE\Algoritmos\Passo1\src\bruno\Output\f33\1000\Passo1_f33_1000_VDDtoOUT_FO8.sp"
	Including "D:\pesquisa\Projeto SEE\Algoritmos\Passo1\src\bruno\Output\f33\1000\ptm_90nm.l"

Start of Passo1_f33_1000_VDDtoOUT_FO8.sp
Loaded BSIM4v450 model library, Berkeley BSIM4 v4.5.0

	Opening simulation database "D:\pesquisa\Projeto SEE\Algoritmos\Passo1\src\bruno\Output\f33\1000\Passo1_f33_1000_VDDtoOUT_FO8.tsim"
Warning : "Passo1_f33_1000_VDDtoOUT_FO8.sp" line 8 Power supply node VDD2 is singularly attached to V2, and will be terminated with a Gmin conductance

General options:
        threads = 1

 Device and node counts:
              MOSFETs -      44
    MOSFET geometries -       3
      Voltage sources -       4
      Current sources -       1
          Subcircuits -       9
    Model Definitions -       3
      Computed Models -       2
    Independent nodes -     143
       Boundary nodes -       5
          Total nodes -     148
*** 1 WARNING MESSAGE GENERATED DURING SETUP


Optimization model parameters:
  Level   = 1
  verbose = 1
  cendif  = 1e-009
  close   = 0.001
  cut     = 2
  difsiz  = 0.001
  grad    = 1e-006
  itropt  = 40
  max     = 600000
  parmin  = 0.1
  relin   = 0.001
  relout  = 0.001

Warning : Warning messages were issued, but were suppressed
        : during a sweep, optimization, or Monte Carlos analysis.
        : 	Use '.options maxmsg=0' to view all warnings.


Optimization parameters:
      iTotal = 2e-005            derivative = -2.48457       

Optimization initialization: resid=0.987727 grad=2.48457 Marquardt=0.001

Optimization parameters:
      iTotal = 0.00161878        derivative = 7.4433         


Measure information will be written to file "D:\pesquisa\Projeto SEE\Algoritmos\Passo1\src\bruno\Output\f33\1000\Passo1_f33_1000_VDDtoOUT_FO8\Passo1_f33_1000_VDDtoOUT_FO8.measure"

Measurement result summary: OPTIMIZE=opt2_1
   Vpeak           =    1.9692       
   avgiS           =   57.1192u      
   cargaTotal      =   22.8477f      

Optimization iteration 1
                   Residual = 0.638425
              Gradient norm = 7.4433
        Marquardt parameter = 0.0005
       Function evaluations = 4
                  Converged = no
         Gradient converged = no
            Input converged = no
           Output converged = no

Optimization parameters:
      iTotal = 0.00121986        derivative = -0.194532      


Measurement result summary: OPTIMIZE=opt2_2
   Vpeak           =    1.1778       
   avgiS           =   43.0430u      
   cargaTotal      =   17.2172f      

Optimization iteration 2
                   Residual = 0.0204198
              Gradient norm = 0.194532
        Marquardt parameter = 0.00025
       Function evaluations = 2
                  Converged = no
         Gradient converged = no
            Input converged = no
           Output converged = no

Optimization parameters:
      iTotal = 0.0012331         derivative = 0.0108545      


Measurement result summary: OPTIMIZE=opt2_3
   Vpeak           =    1.2024       
   avgiS           =   43.5103u      
   cargaTotal      =   17.4041f      

Optimization iteration 3
                   Residual = 0.00010716
              Gradient norm = 0.0108545
        Marquardt parameter = 0.000125
       Function evaluations = 2
                  Converged = yes
         Gradient converged = no
            Input converged = no
           Output converged = yes

Optimization results:
                   Residual = 0.00010716
              Gradient norm = 0.0108545
        Marquardt parameter = 0.000125
       Function evaluations = 8
       Number of iterations = 3
         Gradient converged = no
            Input converged = no
           Output converged = yes

Optimized parameter values:
   iTotal =  1.2331e-003

Measurement result summary: OPTIMIZE=opt2_3
   Vpeak           =    1.2001       
   avgiS           =   43.4668u      
   cargaTotal      =   17.3867f      

Parsing                      0.00 seconds
.TRAN Sweep                  4.07 seconds
Overhead                     0.81 seconds
-----------------------------------------
Total                        4.88 seconds

Simulation completed	with  2 Warnings