T-Spice - Tanner SPICE
Version 16.01
Network license
Product Release ID: T-Spice Win64 16.01.20130407.21:15:40
Copyright © 1988-2013 Tanner EDA

	Parsing "D:\pesquisa\Projeto SEE\Algoritmos\Passo1\src\Bruno\Output\Passo1_nand3_100_PD_N1toGND_FO4.sp"
	Including "D:\pesquisa\Projeto SEE\Algoritmos\Passo1\src\Bruno\Output\ptm_90nm.l"

Start of Passo1_nand3_100_PD_N1toGND_FO4.sp
Loaded BSIM4v450 model library, Berkeley BSIM4 v4.5.0

	Opening simulation database "D:\pesquisa\Projeto SEE\Algoritmos\Passo1\src\Bruno\Output\Passo1_nand3_100_PD_N1toGND_FO4.tsim"
Warning : "Passo1_nand3_100_PD_N1toGND_FO4.sp" line 8 Power supply node VDD2 is singularly attached to V2, and will be terminated with a Gmin conductance

General options:
        threads = 1

 Device and node counts:
              MOSFETs -      14
    MOSFET geometries -       3
      Voltage sources -       4
      Current sources -       1
          Subcircuits -       5
    Model Definitions -       3
      Computed Models -       2
    Independent nodes -      60
       Boundary nodes -       5
          Total nodes -      65
*** 1 WARNING MESSAGE GENERATED DURING SETUP


Optimization model parameters:
  Level   = 1
  verbose = 1
  cendif  = 1e-009
  close   = 0.001
  cut     = 2
  difsiz  = 0.001
  grad    = 1e-006
  itropt  = 40
  max     = 600000
  parmin  = 0.1
  relin   = 0.001
  relout  = 0.001

Warning : Warning messages were issued, but were suppressed
        : during a sweep, optimization, or Monte Carlos analysis.
        : 	Use '.options maxmsg=0' to view all warnings.


Optimization parameters:
      iTotal = 2e-005            derivative = -1.2058e+025   

Optimization initialization: resid=7.08796e+011 grad=1.2058e+025 Marquardt=0.001

Optimization parameters:
      iTotal = 0.000189553       derivative = -2.34069e+024  


Measure information will be written to file "D:\pesquisa\Projeto SEE\Algoritmos\Passo1\src\Bruno\Output\Passo1_nand3_100_PD_N1toGND_FO4\Passo1_nand3_100_PD_N1toGND_FO4.measure"

Measurement result summary: OPTIMIZE=opt2_1
   Vpeak           =  454.0486m      
   avgiS           =    8.0327u      
   cargaTotal      =    3.2131f      

Optimization iteration 1
                   Residual = 4.5428e+011
              Gradient norm = 2.34069e+024
        Marquardt parameter = 0.0005
       Function evaluations = 4
                  Converged = no
         Gradient converged = no
            Input converged = no
           Output converged = no

Optimization parameters:
      iTotal = 0.000578681       derivative = 1.58944e+022   


Measurement result summary: OPTIMIZE=opt2_2
   Vpeak           =   -2.8584m      
   avgiS           =   24.5217u      
   cargaTotal      =    9.8087f      

Optimization iteration 2
                   Residual = 2.15203e+009
              Gradient norm = 1.58944e+022
        Marquardt parameter = 0.00025
       Function evaluations = 2
                  Converged = no
         Gradient converged = no
            Input converged = no
           Output converged = no

Optimization parameters:
      iTotal = 0.000576919       derivative = 2.24206e+021   


Measurement result summary: OPTIMIZE=opt2_3
   Vpeak           = -705.7535u      
   avgiS           =   24.4470u      
   cargaTotal      =    9.7788f      

Optimization iteration 3
                   Residual = 1.91407e+006
              Gradient norm = 2.24206e+021
        Marquardt parameter = 0.000125
       Function evaluations = 2
                  Converged = no
         Gradient converged = no
            Input converged = no
           Output converged = no

Optimization parameters:
      iTotal = 0.000576918       derivative = 2.22992e+021   


Measurement result summary: OPTIMIZE=opt2_4
   Vpeak           = -703.8378u      
   avgiS           =   24.4469u      
   cargaTotal      =    9.7788f      

Optimization iteration 4
                   Residual = 660.281
              Gradient norm = 2.22992e+021
        Marquardt parameter = 6.25e-005
       Function evaluations = 2
                  Converged = no
         Gradient converged = no
            Input converged = yes
           Output converged = no

Optimization parameters:
      iTotal = 0.000576918       derivative = 2.22992e+021   


Measurement result summary: OPTIMIZE=opt2_5
   Vpeak           = -703.8372u      
   avgiS           =   24.4469u      
   cargaTotal      =    9.7788f      

Optimization iteration 5
                   Residual = 0.145222
              Gradient norm = 2.22992e+021
        Marquardt parameter = 3.125e-005
       Function evaluations = 2
                  Converged = no
         Gradient converged = no
            Input converged = yes
           Output converged = no

Optimization parameters:
      iTotal = 0.000576918       derivative = 2.22992e+021   


Measurement result summary: OPTIMIZE=opt2_6
   Vpeak           = -703.8372u      
   avgiS           =   24.4469u      
   cargaTotal      =    9.7788f      

Optimization iteration 6
                   Residual = 0.000310516
              Gradient norm = 2.22992e+021
        Marquardt parameter = 1.5625e-005
       Function evaluations = 2
                  Converged = yes
         Gradient converged = no
            Input converged = yes
           Output converged = yes

Optimization results:
                   Residual = 0.000310516
              Gradient norm = 2.22992e+021
        Marquardt parameter = 1.5625e-005
       Function evaluations = 14
       Number of iterations = 6
         Gradient converged = no
            Input converged = yes
           Output converged = yes

Optimized parameter values:
   iTotal =  5.7692e-004

Measurement result summary: OPTIMIZE=opt2_6
   Vpeak           =  179.9776a      
   avgiS           =   24.4225u      
   cargaTotal      =    9.7690f      

Parsing                      0.01 seconds
.TRAN Sweep                  3.99 seconds
Overhead                     0.89 seconds
-----------------------------------------
Total                        4.89 seconds

Simulation completed	with  2 Warnings