T-Spice - Tanner SPICE
Version 16.01
Network license
Product Release ID: T-Spice Win64 16.01.20130407.21:15:40
Copyright © 1988-2013 Tanner EDA

	Parsing "D:\pesquisa\Projeto SEE\Algoritmos\Passo1\src\Bruno\Output\Passo1_nand3_100_PD_N1toGND_FO15.sp"
	Including "D:\pesquisa\Projeto SEE\Algoritmos\Passo1\src\Bruno\Output\ptm_90nm.l"

Start of Passo1_nand3_100_PD_N1toGND_FO15.sp
Loaded BSIM4v450 model library, Berkeley BSIM4 v4.5.0

	Opening simulation database "D:\pesquisa\Projeto SEE\Algoritmos\Passo1\src\Bruno\Output\Passo1_nand3_100_PD_N1toGND_FO15.tsim"
Warning : "Passo1_nand3_100_PD_N1toGND_FO15.sp" line 8 Power supply node VDD2 is singularly attached to V2, and will be terminated with a Gmin conductance

General options:
        threads = 1

 Device and node counts:
              MOSFETs -      36
    MOSFET geometries -       3
      Voltage sources -       4
      Current sources -       1
          Subcircuits -      16
    Model Definitions -       3
      Computed Models -       2
    Independent nodes -     148
       Boundary nodes -       5
          Total nodes -     153
*** 1 WARNING MESSAGE GENERATED DURING SETUP


Optimization model parameters:
  Level   = 1
  verbose = 1
  cendif  = 1e-009
  close   = 0.001
  cut     = 2
  difsiz  = 0.001
  grad    = 1e-006
  itropt  = 40
  max     = 600000
  parmin  = 0.1
  relin   = 0.001
  relout  = 0.001

Warning : Warning messages were issued, but were suppressed
        : during a sweep, optimization, or Monte Carlos analysis.
        : 	Use '.options maxmsg=0' to view all warnings.


Optimization parameters:
      iTotal = 2e-005            derivative = -1.19714e+025  

Optimization initialization: resid=7.0897e+011 grad=1.19714e+025 Marquardt=0.001

Optimization parameters:
      iTotal = 0.000190865       derivative = -2.25842e+024  


Measure information will be written to file "D:\pesquisa\Projeto SEE\Algoritmos\Passo1\src\Bruno\Output\Passo1_nand3_100_PD_N1toGND_FO15\Passo1_nand3_100_PD_N1toGND_FO15.measure"

Measurement result summary: OPTIMIZE=opt2_1
   Vpeak           =  460.5091m      
   avgiS           =    8.0882u      
   cargaTotal      =    3.2353f      

Optimization iteration 1
                   Residual = 4.60729e+011
              Gradient norm = 2.25842e+024
        Marquardt parameter = 0.0005
       Function evaluations = 4
                  Converged = no
         Gradient converged = no
            Input converged = no
           Output converged = no

Optimization parameters:
      iTotal = 0.000605953       derivative = -7.75149e+022  


Measurement result summary: OPTIMIZE=opt2_2
   Vpeak           =   13.6040m      
   avgiS           =   25.6773u      
   cargaTotal      =   10.2709f      

Optimization iteration 2
                   Residual = 1.42463e+010
              Gradient norm = 7.75149e+022
        Marquardt parameter = 0.00025
       Function evaluations = 2
                  Converged = no
         Gradient converged = no
            Input converged = no
           Output converged = no

Optimization parameters:
      iTotal = 0.000619388       derivative = 1.77396e+021   


Measurement result summary: OPTIMIZE=opt2_3
   Vpeak           = -645.3015u      
   avgiS           =   26.2466u      
   cargaTotal      =   10.4986f      

Optimization iteration 3
                   Residual = 1.08356e+007
              Gradient norm = 1.77396e+021
        Marquardt parameter = 0.000125
       Function evaluations = 2
                  Converged = no
         Gradient converged = no
            Input converged = no
           Output converged = no

Measurement result summary: OPTIMIZE=opt2_4
   Vpeak           =   22.0386u      
   avgiS           =   26.2199u      
   cargaTotal      =   10.4880f      

Optimization iteration 4
                   Residual = 1.08356e+007
              Gradient norm = 1.77396e+021
        Marquardt parameter = 0.0005
       Function evaluations = 1
                  Converged = no
         Gradient converged = no
            Input converged = no
           Output converged = no

Measurement result summary: OPTIMIZE=opt2_5
   Vpeak           =   22.0302u      
   avgiS           =   26.2199u      
   cargaTotal      =   10.4880f      

Optimization iteration 5
                   Residual = 1.08356e+007
              Gradient norm = 1.77396e+021
        Marquardt parameter = 0.002
       Function evaluations = 1
                  Converged = no
         Gradient converged = no
            Input converged = no
           Output converged = no

Measurement result summary: OPTIMIZE=opt2_6
   Vpeak           =   21.9968u      
   avgiS           =   26.2199u      
   cargaTotal      =   10.4880f      

Optimization iteration 6
                   Residual = 1.08356e+007
              Gradient norm = 1.77396e+021
        Marquardt parameter = 0.008
       Function evaluations = 1
                  Converged = no
         Gradient converged = no
            Input converged = no
           Output converged = no

Measurement result summary: OPTIMIZE=opt2_7
   Vpeak           =   21.8643u      
   avgiS           =   26.2199u      
   cargaTotal      =   10.4880f      

Optimization iteration 7
                   Residual = 1.08356e+007
              Gradient norm = 1.77396e+021
        Marquardt parameter = 0.032
       Function evaluations = 1
                  Converged = no
         Gradient converged = no
            Input converged = no
           Output converged = no

Measurement result summary: OPTIMIZE=opt2_8
   Vpeak           =   21.3573u      
   avgiS           =   26.2200u      
   cargaTotal      =   10.4880f      

Optimization iteration 8
                   Residual = 1.08356e+007
              Gradient norm = 1.77396e+021
        Marquardt parameter = 0.128
       Function evaluations = 1
                  Converged = no
         Gradient converged = no
            Input converged = no
           Output converged = no

Measurement result summary: OPTIMIZE=opt2_9
   Vpeak           =   19.6426u      
   avgiS           =   26.2200u      
   cargaTotal      =   10.4880f      

Optimization iteration 9
                   Residual = 1.08356e+007
              Gradient norm = 1.77396e+021
        Marquardt parameter = 0.512
       Function evaluations = 1
                  Converged = no
         Gradient converged = no
            Input converged = no
           Output converged = no

Measurement result summary: OPTIMIZE=opt2_10
   Vpeak           =   15.7372u      
   avgiS           =   26.2202u      
   cargaTotal      =   10.4881f      

Optimization iteration 10
                   Residual = 1.08356e+007
              Gradient norm = 1.77396e+021
        Marquardt parameter = 2.048
       Function evaluations = 1
                  Converged = no
         Gradient converged = no
            Input converged = no
           Output converged = no

Measurement result summary: OPTIMIZE=opt2_11
   Vpeak           =   12.0418u      
   avgiS           =   26.2203u      
   cargaTotal      =   10.4881f      

Optimization iteration 11
                   Residual = 1.08356e+007
              Gradient norm = 1.77396e+021
        Marquardt parameter = 8.192
       Function evaluations = 1
                  Converged = no
         Gradient converged = no
            Input converged = no
           Output converged = no

Measurement result summary: OPTIMIZE=opt2_12
   Vpeak           =   10.9682u      
   avgiS           =   26.2204u      
   cargaTotal      =   10.4882f      

Optimization iteration 12
                   Residual = 1.08356e+007
              Gradient norm = 1.77396e+021
        Marquardt parameter = 32.768
       Function evaluations = 1
                  Converged = no
         Gradient converged = no
            Input converged = no
           Output converged = no

Measurement result summary: OPTIMIZE=opt2_13
   Vpeak           =   10.8454u      
   avgiS           =   26.2204u      
   cargaTotal      =   10.4882f      

Optimization iteration 13
                   Residual = 1.08356e+007
              Gradient norm = 1.77396e+021
        Marquardt parameter = 131.072
       Function evaluations = 1
                  Converged = no
         Gradient converged = no
            Input converged = no
           Output converged = no

Measurement result summary: OPTIMIZE=opt2_14
   Vpeak           =   10.8362u      
   avgiS           =   26.2204u      
   cargaTotal      =   10.4882f      

Optimization iteration 14
                   Residual = 1.08356e+007
              Gradient norm = 1.77396e+021
        Marquardt parameter = 524.288
       Function evaluations = 1
                  Converged = no
         Gradient converged = no
            Input converged = no
           Output converged = no

Measurement result summary: OPTIMIZE=opt2_15
   Vpeak           =   10.8356u      
   avgiS           =   26.2204u      
   cargaTotal      =   10.4882f      

Optimization iteration 15
                   Residual = 1.08356e+007
              Gradient norm = 1.77396e+021
        Marquardt parameter = 2097.15
       Function evaluations = 1
                  Converged = no
         Gradient converged = no
            Input converged = no
           Output converged = no

Measurement result summary: OPTIMIZE=opt2_16
   Vpeak           =   10.8356u      
   avgiS           =   26.2204u      
   cargaTotal      =   10.4882f      

Optimization iteration 16
                   Residual = 1.08356e+007
              Gradient norm = 1.77396e+021
        Marquardt parameter = 8388.61
       Function evaluations = 1
                  Converged = no
         Gradient converged = no
            Input converged = no
           Output converged = no

Measurement result summary: OPTIMIZE=opt2_17
   Vpeak           =   10.8356u      
   avgiS           =   26.2204u      
   cargaTotal      =   10.4882f      

Optimization iteration 17
                   Residual = 1.08356e+007
              Gradient norm = 1.77396e+021
        Marquardt parameter = 33554.4
       Function evaluations = 1
                  Converged = no
         Gradient converged = no
            Input converged = no
           Output converged = no

Measurement result summary: OPTIMIZE=opt2_18
   Vpeak           =   10.8356u      
   avgiS           =   26.2204u      
   cargaTotal      =   10.4882f      

Optimization iteration 18
                   Residual = 1.08356e+007
              Gradient norm = 1.77396e+021
        Marquardt parameter = 134218
       Function evaluations = 1
                  Converged = no
         Gradient converged = no
            Input converged = no
           Output converged = no

Measurement result summary: OPTIMIZE=opt2_19
   Vpeak           =   10.8356u      
   avgiS           =   26.2204u      
   cargaTotal      =   10.4882f      

Optimization iteration 19
                   Residual = 1.08356e+007
              Gradient norm = 1.77396e+021
        Marquardt parameter = 536871
       Function evaluations = 1
                  Converged = no
         Gradient converged = no
            Input converged = no
           Output converged = no

Optimization parameters:
      iTotal = 0.000619388       derivative = 1.77396e+021   


Measurement result summary: OPTIMIZE=opt2_20
   Vpeak           = -645.3015u      
   avgiS           =   26.2466u      
   cargaTotal      =   10.4986f      

Optimization iteration 20
                   Residual = 1.08356e+007
              Gradient norm = 1.77396e+021
        Marquardt parameter = 268435
       Function evaluations = 2
                  Converged = yes
         Gradient converged = no
            Input converged = yes
           Output converged = yes

Optimization results:
                   Residual = 1.08356e+007
              Gradient norm = 1.77396e+021
        Marquardt parameter = 268435
       Function evaluations = 26
       Number of iterations = 20
         Gradient converged = no
            Input converged = yes
           Output converged = yes

Optimized parameter values:
   iTotal =  6.1939e-004

Measurement result summary: OPTIMIZE=opt2_20
   Vpeak           =   10.8356u      
   avgiS           =   26.2204u      
   cargaTotal      =   10.4882f      

Parsing                      0.01 seconds
.TRAN Sweep                 14.13 seconds
Overhead                     0.91 seconds
-----------------------------------------
Total                       15.04 seconds

Simulation completed	with  2 Warnings