T-Spice - Tanner SPICE
Version 16.01
Network license
Product Release ID: T-Spice Win64 16.01.20130407.21:15:40
Copyright © 1988-2013 Tanner EDA

	Parsing "D:\pesquisa\Projeto SEE\Algoritmos\Passo1\src\Bruno\Output\Passo1_nand3_100_PD_N1toGND_FO1.sp"
	Including "D:\pesquisa\Projeto SEE\Algoritmos\Passo1\src\Bruno\Output\ptm_90nm.l"

Start of Passo1_nand3_100_PD_N1toGND_FO1.sp
Loaded BSIM4v450 model library, Berkeley BSIM4 v4.5.0

	Opening simulation database "D:\pesquisa\Projeto SEE\Algoritmos\Passo1\src\Bruno\Output\Passo1_nand3_100_PD_N1toGND_FO1.tsim"
Warning : "Passo1_nand3_100_PD_N1toGND_FO1.sp" line 8 Power supply node VDD2 is singularly attached to V2, and will be terminated with a Gmin conductance

General options:
        threads = 1

 Device and node counts:
              MOSFETs -       8
    MOSFET geometries -       3
      Voltage sources -       4
      Current sources -       1
          Subcircuits -       2
    Model Definitions -       3
      Computed Models -       2
    Independent nodes -      36
       Boundary nodes -       5
          Total nodes -      41
*** 1 WARNING MESSAGE GENERATED DURING SETUP


Optimization model parameters:
  Level   = 1
  verbose = 1
  cendif  = 1e-009
  close   = 0.001
  cut     = 2
  difsiz  = 0.001
  grad    = 1e-006
  itropt  = 40
  max     = 600000
  parmin  = 0.1
  relin   = 0.001
  relout  = 0.001

Warning : Warning messages were issued, but were suppressed
        : during a sweep, optimization, or Monte Carlos analysis.
        : 	Use '.options maxmsg=0' to view all warnings.


Optimization parameters:
      iTotal = 2e-005            derivative = -1.21095e+025  

Optimization initialization: resid=7.08617e+011 grad=1.21095e+025 Marquardt=0.001

Optimization parameters:
      iTotal = 0.000188746       derivative = -2.40846e+024  


Measure information will be written to file "D:\pesquisa\Projeto SEE\Algoritmos\Passo1\src\Bruno\Output\Passo1_nand3_100_PD_N1toGND_FO1\Passo1_nand3_100_PD_N1toGND_FO1.measure"

Measurement result summary: OPTIMIZE=opt2_1
   Vpeak           =  449.8081m      
   avgiS           =    7.9985u      
   cargaTotal      =    3.1994f      

Optimization iteration 1
                   Residual = 4.50048e+011
              Gradient norm = 2.40846e+024
        Marquardt parameter = 0.0005
       Function evaluations = 4
                  Converged = no
         Gradient converged = no
            Input converged = no
           Output converged = no

Optimization parameters:
      iTotal = 0.000559771       derivative = 1.28897e+024   


Measurement result summary: OPTIMIZE=opt2_2
   Vpeak           = -116.1839m      
   avgiS           =   23.7203u      
   cargaTotal      =    9.4881f      

Optimization iteration 2
                   Residual = 1.14974e+011
              Gradient norm = 1.28897e+024
        Marquardt parameter = 0.00025
       Function evaluations = 2
                  Converged = no
         Gradient converged = no
            Input converged = no
           Output converged = no

Optimization parameters:
      iTotal = 0.000506606       derivative = 4.58758e+022   


Measurement result summary: OPTIMIZE=opt2_3
   Vpeak           =   -5.0507m      
   avgiS           =   21.4675u      
   cargaTotal      =    8.5870f      

Optimization iteration 3
                   Residual = 4.03864e+009
              Gradient norm = 4.58758e+022
        Marquardt parameter = 0.000125
       Function evaluations = 2
                  Converged = no
         Gradient converged = no
            Input converged = no
           Output converged = no

Optimization parameters:
      iTotal = 0.000504585       derivative = 5.15488e+021   


Measurement result summary: OPTIMIZE=opt2_4
   Vpeak           =   -1.0151m      
   avgiS           =   21.3818u      
   cargaTotal      =    8.5527f      

Optimization iteration 4
                   Residual = 1.12e+007
              Gradient norm = 5.15488e+021
        Marquardt parameter = 6.25e-005
       Function evaluations = 2
                  Converged = no
         Gradient converged = no
            Input converged = no
           Output converged = no

Optimization parameters:
      iTotal = 0.000504579       derivative = 5.04226e+021   


Measurement result summary: OPTIMIZE=opt2_5
   Vpeak           =   -1.0039m      
   avgiS           =   21.3816u      
   cargaTotal      =    8.5526f      

Optimization iteration 5
                   Residual = 7186.8
              Gradient norm = 5.04226e+021
        Marquardt parameter = 3.125e-005
       Function evaluations = 2
                  Converged = no
         Gradient converged = no
            Input converged = yes
           Output converged = no

Optimization parameters:
      iTotal = 0.000504579       derivative = 5.04218e+021   


Measurement result summary: OPTIMIZE=opt2_6
   Vpeak           =   -1.0039m      
   avgiS           =   21.3816u      
   cargaTotal      =    8.5526f      

Optimization iteration 6
                   Residual = 4.12647
              Gradient norm = 5.04218e+021
        Marquardt parameter = 1.5625e-005
       Function evaluations = 2
                  Converged = no
         Gradient converged = no
            Input converged = yes
           Output converged = no

Optimization parameters:
      iTotal = 0.000504579       derivative = 5.04218e+021   


Measurement result summary: OPTIMIZE=opt2_7
   Vpeak           =   -1.0039m      
   avgiS           =   21.3816u      
   cargaTotal      =    8.5526f      

Optimization iteration 7
                   Residual = 0.00199076
              Gradient norm = 5.04218e+021
        Marquardt parameter = 7.8125e-006
       Function evaluations = 2
                  Converged = no
         Gradient converged = no
            Input converged = yes
           Output converged = no

Measurement result summary: OPTIMIZE=opt2_8
   Vpeak           =    4.0245f      
   avgiS           =   21.3602u      
   cargaTotal      =    8.5441f      

Optimization iteration 8
                   Residual = 0.00199076
              Gradient norm = 5.04218e+021
        Marquardt parameter = 3.125e-005
       Function evaluations = 1
                  Converged = no
         Gradient converged = no
            Input converged = yes
           Output converged = no

Optimization parameters:
      iTotal = 0.000504579       derivative = 5.04218e+021   


Measurement result summary: OPTIMIZE=opt2_9
   Vpeak           =   -1.0039m      
   avgiS           =   21.3816u      
   cargaTotal      =    8.5526f      

Optimization iteration 9
                   Residual = 0.00025395
              Gradient norm = 5.04218e+021
        Marquardt parameter = 1.5625e-005
       Function evaluations = 2
                  Converged = yes
         Gradient converged = no
            Input converged = yes
           Output converged = yes

Optimization results:
                   Residual = 0.00025395
              Gradient norm = 5.04218e+021
        Marquardt parameter = 1.5625e-005
       Function evaluations = 19
       Number of iterations = 9
         Gradient converged = no
            Input converged = yes
           Output converged = yes

Optimized parameter values:
   iTotal =  5.0458e-004

Measurement result summary: OPTIMIZE=opt2_9
   Vpeak           =  154.1198a      
   avgiS           =   21.3602u      
   cargaTotal      =    8.5441f      

Parsing                      0.01 seconds
.TRAN Sweep                  2.84 seconds
Overhead                     1.15 seconds
-----------------------------------------
Total                        4.00 seconds

Simulation completed	with  2 Warnings