T-Spice - Tanner SPICE
Version 16.01
Network license
Product Release ID: T-Spice Win64 16.01.20130407.21:15:40
Copyright © 1988-2013 Tanner EDA

	Parsing "D:\pesquisa\Projeto SEE\Algoritmos\Passo1\src\Bruno\Output\Passo1_nand3_000_OUTtoGND_FO8.sp"
	Including "D:\pesquisa\Projeto SEE\Algoritmos\Passo1\src\Bruno\Output\ptm_90nm.l"

Start of Passo1_nand3_000_OUTtoGND_FO8.sp
Loaded BSIM4v450 model library, Berkeley BSIM4 v4.5.0

	Opening simulation database "D:\pesquisa\Projeto SEE\Algoritmos\Passo1\src\Bruno\Output\Passo1_nand3_000_OUTtoGND_FO8.tsim"
Warning : "Passo1_nand3_000_OUTtoGND_FO8.sp" line 8 Power supply node VDD2 is singularly attached to V2, and will be terminated with a Gmin conductance
Warning : "Passo1_nand3_000_OUTtoGND_FO8.sp" line 9 Power supply node high is singularly attached to vinA, and will be terminated with a Gmin conductance

General options:
        threads = 1

 Device and node counts:
              MOSFETs -      22
    MOSFET geometries -       3
      Voltage sources -       4
      Current sources -       1
          Subcircuits -       9
    Model Definitions -       3
      Computed Models -       2
    Independent nodes -      92
       Boundary nodes -       5
          Total nodes -      97
*** 2 WARNING MESSAGES GENERATED DURING SETUP


Optimization model parameters:
  Level   = 1
  verbose = 1
  cendif  = 1e-009
  close   = 0.001
  cut     = 2
  difsiz  = 0.001
  grad    = 1e-006
  itropt  = 40
  max     = 600000
  parmin  = 0.1
  relin   = 0.001
  relout  = 0.001

Warning : Warning messages were issued, but were suppressed
        : during a sweep, optimization, or Monte Carlos analysis.
        : 	Use '.options maxmsg=0' to view all warnings.


Optimization parameters:
      iTotal = 2e-005            derivative = -3.57416e+024  

Optimization initialization: resid=1.18525e+012 grad=3.57416e+024 Marquardt=0.001

Optimization parameters:
      iTotal = 0.00162034        derivative = 3.90752e+024   


Measure information will be written to file "D:\pesquisa\Projeto SEE\Algoritmos\Passo1\src\Bruno\Output\Passo1_nand3_000_OUTtoGND_FO8\Passo1_nand3_000_OUTtoGND_FO8.measure"

Measurement result summary: OPTIMIZE=opt2_1
   Vpeak           = -489.2357m      
   avgiS           =   68.6619u      
   cargaTotal      =   27.4647f      

Optimization iteration 1
                   Residual = 4.87455e+011
              Gradient norm = 3.90752e+024
        Marquardt parameter = 0.0005
       Function evaluations = 4
                  Converged = no
         Gradient converged = no
            Input converged = no
           Output converged = no

Optimization parameters:
      iTotal = 0.00117724        derivative = -9.01472e+023  


Measurement result summary: OPTIMIZE=opt2_2
   Vpeak           =  108.9004m      
   avgiS           =   49.8857u      
   cargaTotal      =   19.9543f      

Optimization iteration 2
                   Residual = 1.10414e+011
              Gradient norm = 9.01472e+023
        Marquardt parameter = 0.00025
       Function evaluations = 2
                  Converged = no
         Gradient converged = no
            Input converged = no
           Output converged = no

Optimization parameters:
      iTotal = 0.00126308        derivative = 4.37252e+022   


Measurement result summary: OPTIMIZE=opt2_3
   Vpeak           =   -5.7093m      
   avgiS           =   53.5232u      
   cargaTotal      =   21.4093f      

Optimization iteration 3
                   Residual = 3.9716e+009
              Gradient norm = 4.37252e+022
        Marquardt parameter = 0.000125
       Function evaluations = 2
                  Converged = no
         Gradient converged = no
            Input converged = no
           Output converged = no

Optimization parameters:
      iTotal = 0.0012602         derivative = 7.85059e+021   


Measurement result summary: OPTIMIZE=opt2_4
   Vpeak           =   -1.7367m      
   avgiS           =   53.4009u      
   cargaTotal      =   21.3604f      

Optimization iteration 4
                   Residual = 1.30762e+007
              Gradient norm = 7.85059e+021
        Marquardt parameter = 6.25e-005
       Function evaluations = 2
                  Converged = no
         Gradient converged = no
            Input converged = no
           Output converged = no

Optimization parameters:
      iTotal = 0.00126019        derivative = 7.73267e+021   


Measurement result summary: OPTIMIZE=opt2_5
   Vpeak           =   -1.7236m      
   avgiS           =   53.4005u      
   cargaTotal      =   21.3602f      

Optimization iteration 5
                   Residual = 43621.2
              Gradient norm = 7.73267e+021
        Marquardt parameter = 3.125e-005
       Function evaluations = 2
                  Converged = no
         Gradient converged = no
            Input converged = yes
           Output converged = no

Measurement result summary: OPTIMIZE=opt2_6
   Vpeak           =   87.3931n      
   avgiS           =   53.3471u      
   cargaTotal      =   21.3389f      

Optimization iteration 6
                   Residual = 43621.2
              Gradient norm = 7.73267e+021
        Marquardt parameter = 0.000125
       Function evaluations = 1
                  Converged = no
         Gradient converged = no
            Input converged = yes
           Output converged = no

Measurement result summary: OPTIMIZE=opt2_7
   Vpeak           =   87.3849n      
   avgiS           =   53.3471u      
   cargaTotal      =   21.3389f      

Optimization iteration 7
                   Residual = 43621.2
              Gradient norm = 7.73267e+021
        Marquardt parameter = 0.0005
       Function evaluations = 1
                  Converged = no
         Gradient converged = no
            Input converged = yes
           Output converged = no

Measurement result summary: OPTIMIZE=opt2_8
   Vpeak           =   87.3521n      
   avgiS           =   53.3471u      
   cargaTotal      =   21.3389f      

Optimization iteration 8
                   Residual = 43621.2
              Gradient norm = 7.73267e+021
        Marquardt parameter = 0.002
       Function evaluations = 1
                  Converged = no
         Gradient converged = no
            Input converged = yes
           Output converged = no

Measurement result summary: OPTIMIZE=opt2_9
   Vpeak           =   87.2212n      
   avgiS           =   53.3471u      
   cargaTotal      =   21.3389f      

Optimization iteration 9
                   Residual = 43621.2
              Gradient norm = 7.73267e+021
        Marquardt parameter = 0.008
       Function evaluations = 1
                  Converged = no
         Gradient converged = no
            Input converged = yes
           Output converged = no

Measurement result summary: OPTIMIZE=opt2_10
   Vpeak           =   86.7037n      
   avgiS           =   53.3471u      
   cargaTotal      =   21.3389f      

Optimization iteration 10
                   Residual = 43621.2
              Gradient norm = 7.73267e+021
        Marquardt parameter = 0.032
       Function evaluations = 1
                  Converged = no
         Gradient converged = no
            Input converged = yes
           Output converged = no

Measurement result summary: OPTIMIZE=opt2_11
   Vpeak           =   84.7232n      
   avgiS           =   53.3471u      
   cargaTotal      =   21.3389f      

Optimization iteration 11
                   Residual = 43621.2
              Gradient norm = 7.73267e+021
        Marquardt parameter = 0.128
       Function evaluations = 1
                  Converged = no
         Gradient converged = no
            Input converged = yes
           Output converged = no

Measurement result summary: OPTIMIZE=opt2_12
   Vpeak           =   78.0248n      
   avgiS           =   53.3471u      
   cargaTotal      =   21.3389f      

Optimization iteration 12
                   Residual = 43621.2
              Gradient norm = 7.73267e+021
        Marquardt parameter = 0.512
       Function evaluations = 1
                  Converged = no
         Gradient converged = no
            Input converged = yes
           Output converged = no

Measurement result summary: OPTIMIZE=opt2_13
   Vpeak           =   62.7690n      
   avgiS           =   53.3471u      
   cargaTotal      =   21.3389f      

Optimization iteration 13
                   Residual = 43621.2
              Gradient norm = 7.73267e+021
        Marquardt parameter = 2.048
       Function evaluations = 1
                  Converged = no
         Gradient converged = no
            Input converged = yes
           Output converged = no

Measurement result summary: OPTIMIZE=opt2_14
   Vpeak           =   48.3331n      
   avgiS           =   53.3471u      
   cargaTotal      =   21.3389f      

Optimization iteration 14
                   Residual = 43621.2
              Gradient norm = 7.73267e+021
        Marquardt parameter = 8.192
       Function evaluations = 1
                  Converged = no
         Gradient converged = no
            Input converged = yes
           Output converged = no

Measurement result summary: OPTIMIZE=opt2_15
   Vpeak           =   44.1393n      
   avgiS           =   53.3471u      
   cargaTotal      =   21.3389f      

Optimization iteration 15
                   Residual = 43621.2
              Gradient norm = 7.73267e+021
        Marquardt parameter = 32.768
       Function evaluations = 1
                  Converged = no
         Gradient converged = no
            Input converged = yes
           Output converged = no

Measurement result summary: OPTIMIZE=opt2_16
   Vpeak           =   43.6596n      
   avgiS           =   53.3471u      
   cargaTotal      =   21.3389f      

Optimization iteration 16
                   Residual = 43621.2
              Gradient norm = 7.73267e+021
        Marquardt parameter = 131.072
       Function evaluations = 1
                  Converged = no
         Gradient converged = no
            Input converged = yes
           Output converged = no

Measurement result summary: OPTIMIZE=opt2_17
   Vpeak           =   43.6237n      
   avgiS           =   53.3471u      
   cargaTotal      =   21.3389f      

Optimization iteration 17
                   Residual = 43621.2
              Gradient norm = 7.73267e+021
        Marquardt parameter = 524.288
       Function evaluations = 1
                  Converged = no
         Gradient converged = no
            Input converged = yes
           Output converged = no

Measurement result summary: OPTIMIZE=opt2_18
   Vpeak           =   43.6214n      
   avgiS           =   53.3471u      
   cargaTotal      =   21.3389f      

Optimization iteration 18
                   Residual = 43621.2
              Gradient norm = 7.73267e+021
        Marquardt parameter = 2097.15
       Function evaluations = 1
                  Converged = no
         Gradient converged = no
            Input converged = yes
           Output converged = no

Measurement result summary: OPTIMIZE=opt2_19
   Vpeak           =   43.6212n      
   avgiS           =   53.3471u      
   cargaTotal      =   21.3389f      

Optimization iteration 19
                   Residual = 43621.2
              Gradient norm = 7.73267e+021
        Marquardt parameter = 8388.61
       Function evaluations = 1
                  Converged = no
         Gradient converged = no
            Input converged = yes
           Output converged = no

Measurement result summary: OPTIMIZE=opt2_20
   Vpeak           =   43.6212n      
   avgiS           =   53.3471u      
   cargaTotal      =   21.3389f      

Optimization iteration 20
                   Residual = 43621.2
              Gradient norm = 7.73267e+021
        Marquardt parameter = 33554.4
       Function evaluations = 1
                  Converged = no
         Gradient converged = no
            Input converged = yes
           Output converged = no

Optimization parameters:
      iTotal = 0.00126019        derivative = 7.73267e+021   


Measurement result summary: OPTIMIZE=opt2_21
   Vpeak           =   -1.7236m      
   avgiS           =   53.4005u      
   cargaTotal      =   21.3602f      

Optimization iteration 21
                   Residual = 43621.2
              Gradient norm = 7.73267e+021
        Marquardt parameter = 16777.2
       Function evaluations = 2
                  Converged = yes
         Gradient converged = no
            Input converged = yes
           Output converged = yes

Optimization results:
                   Residual = 43621.2
              Gradient norm = 7.73267e+021
        Marquardt parameter = 16777.2
       Function evaluations = 29
       Number of iterations = 21
         Gradient converged = no
            Input converged = yes
           Output converged = yes

Optimized parameter values:
   iTotal =  1.2602e-003

Measurement result summary: OPTIMIZE=opt2_21
   Vpeak           =   43.6212n      
   avgiS           =   53.3471u      
   cargaTotal      =   21.3389f      

Parsing                      0.00 seconds
.TRAN Sweep                 10.10 seconds
Overhead                     0.91 seconds
-----------------------------------------
Total                       11.01 seconds

Simulation completed	with  3 Warnings