T-Spice - Tanner SPICE
Version 16.01
Network license
Product Release ID: T-Spice Win64 16.01.20130407.21:15:40
Copyright © 1988-2013 Tanner EDA

	Parsing "D:\pesquisa\Projeto SEE\Algoritmos\Passo1\src\Bruno\Output\Passo1_nand3_000_OUTtoGND_FO15.sp"
	Including "D:\pesquisa\Projeto SEE\Algoritmos\Passo1\src\Bruno\Output\ptm_90nm.l"

Start of Passo1_nand3_000_OUTtoGND_FO15.sp
Loaded BSIM4v450 model library, Berkeley BSIM4 v4.5.0

	Opening simulation database "D:\pesquisa\Projeto SEE\Algoritmos\Passo1\src\Bruno\Output\Passo1_nand3_000_OUTtoGND_FO15.tsim"
Warning : "Passo1_nand3_000_OUTtoGND_FO15.sp" line 8 Power supply node VDD2 is singularly attached to V2, and will be terminated with a Gmin conductance
Warning : "Passo1_nand3_000_OUTtoGND_FO15.sp" line 9 Power supply node high is singularly attached to vinA, and will be terminated with a Gmin conductance

General options:
        threads = 1

 Device and node counts:
              MOSFETs -      36
    MOSFET geometries -       3
      Voltage sources -       4
      Current sources -       1
          Subcircuits -      16
    Model Definitions -       3
      Computed Models -       2
    Independent nodes -     148
       Boundary nodes -       5
          Total nodes -     153
*** 2 WARNING MESSAGES GENERATED DURING SETUP


Optimization model parameters:
  Level   = 1
  verbose = 1
  cendif  = 1e-009
  close   = 0.001
  cut     = 2
  difsiz  = 0.001
  grad    = 1e-006
  itropt  = 40
  max     = 600000
  parmin  = 0.1
  relin   = 0.001
  relout  = 0.001

Warning : Warning messages were issued, but were suppressed
        : during a sweep, optimization, or Monte Carlos analysis.
        : 	Use '.options maxmsg=0' to view all warnings.


Optimization parameters:
      iTotal = 2e-005            derivative = -2.95897e+024  

Optimization initialization: resid=1.18776e+012 grad=2.95897e+024 Marquardt=0.001

Optimization parameters:
      iTotal = 0.00196129        derivative = 9.72229e+023   


Measure information will be written to file "D:\pesquisa\Projeto SEE\Algoritmos\Passo1\src\Bruno\Output\Passo1_nand3_000_OUTtoGND_FO15\Passo1_nand3_000_OUTtoGND_FO15.measure"

Measurement result summary: OPTIMIZE=opt2_1
   Vpeak           = -128.8418m      
   avgiS           =   83.1097u      
   cargaTotal      =   33.2439f      

Optimization iteration 1
                   Residual = 1.2697e+011
              Gradient norm = 9.72229e+023
        Marquardt parameter = 0.0005
       Function evaluations = 4
                  Converged = no
         Gradient converged = no
            Input converged = no
           Output converged = no

Optimization parameters:
      iTotal = 0.00182841        derivative = 1.88601e+022   


Measurement result summary: OPTIMIZE=opt2_2
   Vpeak           =   -3.4898m      
   avgiS           =   77.4792u      
   cargaTotal      =   30.9917f      

Optimization iteration 2
                   Residual = 1.79393e+009
              Gradient norm = 1.88601e+022
        Marquardt parameter = 0.00025
       Function evaluations = 2
                  Converged = no
         Gradient converged = no
            Input converged = no
           Output converged = no

Optimization parameters:
      iTotal = 0.00182648        derivative = 6.05053e+021   


Measurement result summary: OPTIMIZE=opt2_3
   Vpeak           =   -1.6950m      
   avgiS           =   77.3972u      
   cargaTotal      =   30.9589f      

Optimization iteration 3
                   Residual = 1.82778e+006
              Gradient norm = 6.05053e+021
        Marquardt parameter = 0.000125
       Function evaluations = 2
                  Converged = no
         Gradient converged = no
            Input converged = yes
           Output converged = no

Optimization parameters:
      iTotal = 0.00182648        derivative = 6.03748e+021   


Measurement result summary: OPTIMIZE=opt2_4
   Vpeak           =   -1.6932m      
   avgiS           =   77.3972u      
   cargaTotal      =   30.9589f      

Optimization iteration 4
                   Residual = 920.088
              Gradient norm = 6.03748e+021
        Marquardt parameter = 6.25e-005
       Function evaluations = 2
                  Converged = no
         Gradient converged = no
            Input converged = yes
           Output converged = no

Optimization parameters:
      iTotal = 0.00182648        derivative = 6.03748e+021   


Measurement result summary: OPTIMIZE=opt2_5
   Vpeak           =   -1.6932m      
   avgiS           =   77.3972u      
   cargaTotal      =   30.9589f      

Optimization iteration 5
                   Residual = 0.34961
              Gradient norm = 6.03748e+021
        Marquardt parameter = 3.125e-005
       Function evaluations = 2
                  Converged = no
         Gradient converged = no
            Input converged = yes
           Output converged = no

Optimization parameters:
      iTotal = 0.00182648        derivative = 6.03748e+021   


Measurement result summary: OPTIMIZE=opt2_6
   Vpeak           =   -1.6932m      
   avgiS           =   77.3972u      
   cargaTotal      =   30.9589f      

Optimization iteration 6
                   Residual = 0.0032136
              Gradient norm = 6.03748e+021
        Marquardt parameter = 1.5625e-005
       Function evaluations = 2
                  Converged = no
         Gradient converged = no
            Input converged = yes
           Output converged = no

Optimization parameters:
      iTotal = 0.00182648        derivative = 6.03748e+021   


Measurement result summary: OPTIMIZE=opt2_7
   Vpeak           =   -1.6932m      
   avgiS           =   77.3972u      
   cargaTotal      =   30.9589f      

Optimization iteration 7
                   Residual = 0.00298955
              Gradient norm = 6.03748e+021
        Marquardt parameter = 7.8125e-006
       Function evaluations = 2
                  Converged = no
         Gradient converged = no
            Input converged = yes
           Output converged = no

Measurement result summary: OPTIMIZE=opt2_8
   Vpeak           =    6.0704f      
   avgiS           =   77.3198u      
   cargaTotal      =   30.9279f      

Optimization iteration 8
                   Residual = 0.00298955
              Gradient norm = 6.03748e+021
        Marquardt parameter = 3.125e-005
       Function evaluations = 1
                  Converged = no
         Gradient converged = no
            Input converged = yes
           Output converged = no

Measurement result summary: OPTIMIZE=opt2_9
   Vpeak           =    5.8579f      
   avgiS           =   77.3198u      
   cargaTotal      =   30.9279f      

Optimization iteration 9
                   Residual = 0.00298955
              Gradient norm = 6.03748e+021
        Marquardt parameter = 0.000125
       Function evaluations = 1
                  Converged = no
         Gradient converged = no
            Input converged = yes
           Output converged = no

Measurement result summary: OPTIMIZE=opt2_10
   Vpeak           =   10.7452f      
   avgiS           =   77.3198u      
   cargaTotal      =   30.9279f      

Optimization iteration 10
                   Residual = 0.00298955
              Gradient norm = 6.03748e+021
        Marquardt parameter = 0.0005
       Function evaluations = 1
                  Converged = no
         Gradient converged = no
            Input converged = yes
           Output converged = no

Measurement result summary: OPTIMIZE=opt2_11
   Vpeak           =   10.0373f      
   avgiS           =   77.3198u      
   cargaTotal      =   30.9279f      

Optimization iteration 11
                   Residual = 0.00298955
              Gradient norm = 6.03748e+021
        Marquardt parameter = 0.002
       Function evaluations = 1
                  Converged = no
         Gradient converged = no
            Input converged = yes
           Output converged = no

Measurement result summary: OPTIMIZE=opt2_12
   Vpeak           =   10.5488f      
   avgiS           =   77.3198u      
   cargaTotal      =   30.9279f      

Optimization iteration 12
                   Residual = 0.00298955
              Gradient norm = 6.03748e+021
        Marquardt parameter = 0.008
       Function evaluations = 1
                  Converged = no
         Gradient converged = no
            Input converged = yes
           Output converged = no

Measurement result summary: OPTIMIZE=opt2_13
   Vpeak           =    9.7638f      
   avgiS           =   77.3198u      
   cargaTotal      =   30.9279f      

Optimization iteration 13
                   Residual = 0.00298955
              Gradient norm = 6.03748e+021
        Marquardt parameter = 0.032
       Function evaluations = 1
                  Converged = no
         Gradient converged = no
            Input converged = yes
           Output converged = no

Measurement result summary: OPTIMIZE=opt2_14
   Vpeak           =    9.8408f      
   avgiS           =   77.3198u      
   cargaTotal      =   30.9279f      

Optimization iteration 14
                   Residual = 0.00298955
              Gradient norm = 6.03748e+021
        Marquardt parameter = 0.128
       Function evaluations = 1
                  Converged = no
         Gradient converged = no
            Input converged = yes
           Output converged = no

Measurement result summary: OPTIMIZE=opt2_15
   Vpeak           =    9.3449f      
   avgiS           =   77.3198u      
   cargaTotal      =   30.9279f      

Optimization iteration 15
                   Residual = 0.00298955
              Gradient norm = 6.03748e+021
        Marquardt parameter = 0.512
       Function evaluations = 1
                  Converged = no
         Gradient converged = no
            Input converged = yes
           Output converged = no

Measurement result summary: OPTIMIZE=opt2_16
   Vpeak           =    7.9206f      
   avgiS           =   77.3198u      
   cargaTotal      =   30.9279f      

Optimization iteration 16
                   Residual = 0.00298955
              Gradient norm = 6.03748e+021
        Marquardt parameter = 2.048
       Function evaluations = 1
                  Converged = no
         Gradient converged = no
            Input converged = yes
           Output converged = no

Measurement result summary: OPTIMIZE=opt2_17
   Vpeak           =    7.6717f      
   avgiS           =   77.3198u      
   cargaTotal      =   30.9279f      

Optimization iteration 17
                   Residual = 0.00298955
              Gradient norm = 6.03748e+021
        Marquardt parameter = 8.192
       Function evaluations = 1
                  Converged = no
         Gradient converged = no
            Input converged = yes
           Output converged = no

Measurement result summary: OPTIMIZE=opt2_18
   Vpeak           =    7.1057f      
   avgiS           =   77.3198u      
   cargaTotal      =   30.9279f      

Optimization iteration 18
                   Residual = 0.00298955
              Gradient norm = 6.03748e+021
        Marquardt parameter = 32.768
       Function evaluations = 1
                  Converged = no
         Gradient converged = no
            Input converged = yes
           Output converged = no

Measurement result summary: OPTIMIZE=opt2_19
   Vpeak           =    7.4349f      
   avgiS           =   77.3198u      
   cargaTotal      =   30.9279f      

Optimization iteration 19
                   Residual = 0.00298955
              Gradient norm = 6.03748e+021
        Marquardt parameter = 131.072
       Function evaluations = 1
                  Converged = no
         Gradient converged = no
            Input converged = yes
           Output converged = no

Measurement result summary: OPTIMIZE=opt2_20
   Vpeak           =    7.6797f      
   avgiS           =   77.3198u      
   cargaTotal      =   30.9279f      

Optimization iteration 20
                   Residual = 0.00298955
              Gradient norm = 6.03748e+021
        Marquardt parameter = 524.288
       Function evaluations = 1
                  Converged = no
         Gradient converged = no
            Input converged = yes
           Output converged = no

Measurement result summary: OPTIMIZE=opt2_21
   Vpeak           =    6.9502f      
   avgiS           =   77.3198u      
   cargaTotal      =   30.9279f      

Optimization iteration 21
                   Residual = 0.00298955
              Gradient norm = 6.03748e+021
        Marquardt parameter = 2097.15
       Function evaluations = 1
                  Converged = no
         Gradient converged = no
            Input converged = yes
           Output converged = no

Measurement result summary: OPTIMIZE=opt2_22
   Vpeak           =    7.4755f      
   avgiS           =   77.3198u      
   cargaTotal      =   30.9279f      

Optimization iteration 22
                   Residual = 0.00298955
              Gradient norm = 6.03748e+021
        Marquardt parameter = 8388.61
       Function evaluations = 1
                  Converged = no
         Gradient converged = no
            Input converged = yes
           Output converged = no

Measurement result summary: OPTIMIZE=opt2_23
   Vpeak           =    6.9516f      
   avgiS           =   77.3198u      
   cargaTotal      =   30.9279f      

Optimization iteration 23
                   Residual = 0.00298955
              Gradient norm = 6.03748e+021
        Marquardt parameter = 33554.4
       Function evaluations = 1
                  Converged = no
         Gradient converged = no
            Input converged = yes
           Output converged = no

Measurement result summary: OPTIMIZE=opt2_24
   Vpeak           =    7.5113f      
   avgiS           =   77.3198u      
   cargaTotal      =   30.9279f      

Optimization iteration 24
                   Residual = 0.00298955
              Gradient norm = 6.03748e+021
        Marquardt parameter = 134218
       Function evaluations = 1
                  Converged = no
         Gradient converged = no
            Input converged = yes
           Output converged = no

Measurement result summary: OPTIMIZE=opt2_25
   Vpeak           =    7.6197f      
   avgiS           =   77.3198u      
   cargaTotal      =   30.9279f      

Optimization iteration 25
                   Residual = 0.00298955
              Gradient norm = 6.03748e+021
        Marquardt parameter = 536871
       Function evaluations = 1
                  Converged = no
         Gradient converged = no
            Input converged = yes
           Output converged = no

Measurement result summary: OPTIMIZE=opt2_26
   Vpeak           =    6.8399f      
   avgiS           =   77.3198u      
   cargaTotal      =   30.9279f      

Optimization iteration 26
                   Residual = 0.00298955
              Gradient norm = 6.03748e+021
        Marquardt parameter = 2.14748e+006
       Function evaluations = 1
                  Converged = yes
         Gradient converged = no
            Input converged = yes
           Output converged = no

Optimization results:
                   Residual = 0.00298955
              Gradient norm = 6.03748e+021
        Marquardt parameter = 2.14748e+006
       Function evaluations = 35
       Number of iterations = 26
         Gradient converged = no
            Input converged = yes
           Output converged = no

Optimized parameter values:
   iTotal =  1.8265e-003

Measurement result summary: OPTIMIZE=opt2_26
   Vpeak           =    7.6754f      
   avgiS           =   77.3198u      
   cargaTotal      =   30.9279f      

Parsing                      0.01 seconds
.TRAN Sweep                 18.18 seconds
Overhead                     0.90 seconds
-----------------------------------------
Total                       19.09 seconds

Simulation completed	with  3 Warnings