T-Spice - Tanner SPICE
Version 16.01
Network license
Product Release ID: T-Spice Win64 16.01.20130407.21:15:40
Copyright © 1988-2013 Tanner EDA

	Parsing "D:\pesquisa\Projeto SEE\Algoritmos\Passo1\src\Bruno\Output\Passo1_nand3_000_OUTtoGND_FO1.sp"
	Including "D:\pesquisa\Projeto SEE\Algoritmos\Passo1\src\Bruno\Output\ptm_90nm.l"

Start of Passo1_nand3_000_OUTtoGND_FO1.sp
Loaded BSIM4v450 model library, Berkeley BSIM4 v4.5.0

	Opening simulation database "D:\pesquisa\Projeto SEE\Algoritmos\Passo1\src\Bruno\Output\Passo1_nand3_000_OUTtoGND_FO1.tsim"
Warning : "Passo1_nand3_000_OUTtoGND_FO1.sp" line 8 Power supply node VDD2 is singularly attached to V2, and will be terminated with a Gmin conductance
Warning : "Passo1_nand3_000_OUTtoGND_FO1.sp" line 9 Power supply node high is singularly attached to vinA, and will be terminated with a Gmin conductance

General options:
        threads = 1

 Device and node counts:
              MOSFETs -       8
    MOSFET geometries -       3
      Voltage sources -       4
      Current sources -       1
          Subcircuits -       2
    Model Definitions -       3
      Computed Models -       2
    Independent nodes -      36
       Boundary nodes -       5
          Total nodes -      41
*** 2 WARNING MESSAGES GENERATED DURING SETUP


Optimization model parameters:
  Level   = 1
  verbose = 1
  cendif  = 1e-009
  close   = 0.001
  cut     = 2
  difsiz  = 0.001
  grad    = 1e-006
  itropt  = 40
  max     = 600000
  parmin  = 0.1
  relin   = 0.001
  relout  = 0.001

Warning : Warning messages were issued, but were suppressed
        : during a sweep, optimization, or Monte Carlos analysis.
        : 	Use '.options maxmsg=0' to view all warnings.


Optimization parameters:
      iTotal = 2e-005            derivative = -4.19098e+024  

Optimization initialization: resid=1.18279e+012 grad=4.19098e+024 Marquardt=0.001

Optimization parameters:
      iTotal = 0.00137913        derivative = 2.31418e+023   


Measure information will be written to file "D:\pesquisa\Projeto SEE\Algoritmos\Passo1\src\Bruno\Output\Passo1_nand3_000_OUTtoGND_FO1\Passo1_nand3_000_OUTtoGND_FO1.measure"

Measurement result summary: OPTIMIZE=opt2_1
   Vpeak           = -641.5652m      
   avgiS           =   58.4673u      
   cargaTotal      =   23.3869f      

Optimization iteration 1
                   Residual = 6.41492e+011
              Gradient norm = 2.31418e+023
        Marquardt parameter = 0.0005
       Function evaluations = 4
                  Converged = no
         Gradient converged = no
            Input converged = no
           Output converged = no

Measurement result summary: OPTIMIZE=opt2_2
   Vpeak           =    1.1828       
   avgiS           =  846.6545n      
   cargaTotal      =  338.6618a      

Optimization iteration 2
                   Residual = 6.41492e+011
              Gradient norm = 2.31418e+023
        Marquardt parameter = 0.002
       Function evaluations = 1
                  Converged = no
         Gradient converged = no
            Input converged = no
           Output converged = no

Measurement result summary: OPTIMIZE=opt2_3
   Vpeak           =    1.1828       
   avgiS           =  846.6545n      
   cargaTotal      =  338.6618a      

Optimization iteration 3
                   Residual = 6.41492e+011
              Gradient norm = 2.31418e+023
        Marquardt parameter = 0.008
       Function evaluations = 1
                  Converged = no
         Gradient converged = no
            Input converged = no
           Output converged = no

Measurement result summary: OPTIMIZE=opt2_4
   Vpeak           =    1.1828       
   avgiS           =  846.6545n      
   cargaTotal      =  338.6618a      

Optimization iteration 4
                   Residual = 6.41492e+011
              Gradient norm = 2.31418e+023
        Marquardt parameter = 0.032
       Function evaluations = 1
                  Converged = no
         Gradient converged = no
            Input converged = no
           Output converged = no

Measurement result summary: OPTIMIZE=opt2_5
   Vpeak           =    1.1828       
   avgiS           =  846.6545n      
   cargaTotal      =  338.6618a      

Optimization iteration 5
                   Residual = 6.41492e+011
              Gradient norm = 2.31418e+023
        Marquardt parameter = 0.128
       Function evaluations = 1
                  Converged = no
         Gradient converged = no
            Input converged = no
           Output converged = no

Measurement result summary: OPTIMIZE=opt2_6
   Vpeak           =    1.1828       
   avgiS           =  846.6545n      
   cargaTotal      =  338.6618a      

Optimization iteration 6
                   Residual = 6.41492e+011
              Gradient norm = 2.31418e+023
        Marquardt parameter = 0.512
       Function evaluations = 1
                  Converged = no
         Gradient converged = no
            Input converged = no
           Output converged = no

Measurement result summary: OPTIMIZE=opt2_7
   Vpeak           =    1.1828       
   avgiS           =  846.6545n      
   cargaTotal      =  338.6618a      

Optimization iteration 7
                   Residual = 6.41492e+011
              Gradient norm = 2.31418e+023
        Marquardt parameter = 2.048
       Function evaluations = 1
                  Converged = no
         Gradient converged = no
            Input converged = no
           Output converged = no

Measurement result summary: OPTIMIZE=opt2_8
   Vpeak           =    1.1306       
   avgiS           =    3.2945u      
   cargaTotal      =    1.3178f      

Optimization iteration 8
                   Residual = 6.41492e+011
              Gradient norm = 2.31418e+023
        Marquardt parameter = 8.192
       Function evaluations = 1
                  Converged = no
         Gradient converged = no
            Input converged = no
           Output converged = no

Optimization parameters:
      iTotal = 0.00123604        derivative = 2.88756e+023   


Measurement result summary: OPTIMIZE=opt2_9
   Vpeak           = -632.8791m      
   avgiS           =   52.3610u      
   cargaTotal      =   20.9444f      

Optimization iteration 9
                   Residual = 6.32792e+011
              Gradient norm = 2.88756e+023
        Marquardt parameter = 4.096
       Function evaluations = 2
                  Converged = no
         Gradient converged = no
            Input converged = no
           Output converged = no

Optimization parameters:
      iTotal = 0.000888282       derivative = 4.03627e+024   


Measurement result summary: OPTIMIZE=opt2_10
   Vpeak           = -525.4614m      
   avgiS           =   37.6410u      
   cargaTotal      =   15.0564f      

Optimization iteration 10
                   Residual = 5.24287e+011
              Gradient norm = 4.03627e+024
        Marquardt parameter = 2.048
       Function evaluations = 2
                  Converged = no
         Gradient converged = no
            Input converged = no
           Output converged = no

Optimization parameters:
      iTotal = 0.000845597       derivative = 4.60587e+024   


Measurement result summary: OPTIMIZE=opt2_11
   Vpeak           = -460.5431m      
   avgiS           =   35.8322u      
   cargaTotal      =   14.3329f      

Optimization iteration 11
                   Residual = 4.59065e+011
              Gradient norm = 4.60587e+024
        Marquardt parameter = 1.024
       Function evaluations = 2
                  Converged = no
         Gradient converged = no
            Input converged = no
           Output converged = no

Optimization parameters:
      iTotal = 0.000781482       derivative = 5.29353e+024   


Measurement result summary: OPTIMIZE=opt2_12
   Vpeak           = -317.3194m      
   avgiS           =   33.1153u      
   cargaTotal      =   13.2461f      

Optimization iteration 12
                   Residual = 3.14984e+011
              Gradient norm = 5.29353e+024
        Marquardt parameter = 0.512
       Function evaluations = 2
                  Converged = no
         Gradient converged = no
            Input converged = no
           Output converged = no

Optimization parameters:
      iTotal = 0.000735376       derivative = 3.08453e+024   


Measurement result summary: OPTIMIZE=opt2_13
   Vpeak           = -161.5274m      
   avgiS           =   31.1616u      
   cargaTotal      =   12.4647f      

Optimization iteration 13
                   Residual = 1.58959e+011
              Gradient norm = 3.08453e+024
        Marquardt parameter = 0.256
       Function evaluations = 2
                  Converged = no
         Gradient converged = no
            Input converged = no
           Output converged = no

Optimization parameters:
      iTotal = 0.000706529       derivative = 1.12401e+024   


Measurement result summary: OPTIMIZE=opt2_14
   Vpeak           =  -61.9010m      
   avgiS           =   29.9392u      
   cargaTotal      =   11.9757f      

Optimization iteration 14
                   Residual = 5.95018e+010
              Gradient norm = 1.12401e+024
        Marquardt parameter = 0.128
       Function evaluations = 2
                  Converged = no
         Gradient converged = no
            Input converged = no
           Output converged = no

Optimization parameters:
      iTotal = 0.000692758       derivative = 2.59143e+023   


Measurement result summary: OPTIMIZE=opt2_15
   Vpeak           =  -15.4683m      
   avgiS           =   29.3556u      
   cargaTotal      =   11.7423f      

Optimization iteration 15
                   Residual = 1.31564e+010
              Gradient norm = 2.59143e+023
        Marquardt parameter = 0.064
       Function evaluations = 2
                  Converged = no
         Gradient converged = no
            Input converged = no
           Output converged = no

Optimization parameters:
      iTotal = 0.000689275       derivative = 4.88146e+022   


Measurement result summary: OPTIMIZE=opt2_16
   Vpeak           =   -3.8568m      
   avgiS           =   29.2081u      
   cargaTotal      =   11.6832f      

Optimization iteration 16
                   Residual = 1.5671e+009
              Gradient norm = 4.88146e+022
        Marquardt parameter = 0.032
       Function evaluations = 2
                  Converged = no
         Gradient converged = no
            Input converged = no
           Output converged = no

Optimization parameters:
      iTotal = 0.000688832       derivative = 2.2307e+022    


Measurement result summary: OPTIMIZE=opt2_17
   Vpeak           =   -2.3837m      
   avgiS           =   29.1893u      
   cargaTotal      =   11.6757f      

Optimization iteration 17
                   Residual = 9.67916e+007
              Gradient norm = 2.2307e+022
        Marquardt parameter = 0.016
       Function evaluations = 2
                  Converged = no
         Gradient converged = no
            Input converged = yes
           Output converged = no

Optimization parameters:
      iTotal = 0.000688804       derivative = 2.06187e+022   


Measurement result summary: OPTIMIZE=opt2_18
   Vpeak           =   -2.2898m      
   avgiS           =   29.1881u      
   cargaTotal      =   11.6752f      

Optimization iteration 18
                   Residual = 3.06958e+006
              Gradient norm = 2.06187e+022
        Marquardt parameter = 0.008
       Function evaluations = 2
                  Converged = no
         Gradient converged = no
            Input converged = yes
           Output converged = no

Optimization parameters:
      iTotal = 0.000688803       derivative = 2.05643e+022   


Measurement result summary: OPTIMIZE=opt2_19
   Vpeak           =   -2.2867m      
   avgiS           =   29.1881u      
   cargaTotal      =   11.6752f      

Optimization iteration 19
                   Residual = 49925.7
              Gradient norm = 2.05643e+022
        Marquardt parameter = 0.004
       Function evaluations = 2
                  Converged = no
         Gradient converged = no
            Input converged = yes
           Output converged = no

Optimization parameters:
      iTotal = 0.000688803       derivative = 2.05634e+022   


Measurement result summary: OPTIMIZE=opt2_20
   Vpeak           =   -2.2867m      
   avgiS           =   29.1881u      
   cargaTotal      =   11.6752f      

Optimization iteration 20
                   Residual = 419.87
              Gradient norm = 2.05634e+022
        Marquardt parameter = 0.002
       Function evaluations = 2
                  Converged = no
         Gradient converged = no
            Input converged = yes
           Output converged = no

Optimization parameters:
      iTotal = 0.000688803       derivative = 2.05634e+022   


Measurement result summary: OPTIMIZE=opt2_21
   Vpeak           =   -2.2867m      
   avgiS           =   29.1881u      
   cargaTotal      =   11.6752f      

Optimization iteration 21
                   Residual = 1.86477
              Gradient norm = 2.05634e+022
        Marquardt parameter = 0.001
       Function evaluations = 2
                  Converged = no
         Gradient converged = no
            Input converged = yes
           Output converged = no

Optimization parameters:
      iTotal = 0.000688803       derivative = 2.05634e+022   


Measurement result summary: OPTIMIZE=opt2_22
   Vpeak           =   -2.2867m      
   avgiS           =   29.1881u      
   cargaTotal      =   11.6752f      

Optimization iteration 22
                   Residual = 0.00610577
              Gradient norm = 2.05634e+022
        Marquardt parameter = 0.0005
       Function evaluations = 2
                  Converged = no
         Gradient converged = no
            Input converged = yes
           Output converged = no

Optimization parameters:
      iTotal = 0.000688803       derivative = 2.05634e+022   


Measurement result summary: OPTIMIZE=opt2_23
   Vpeak           =   -2.2867m      
   avgiS           =   29.1881u      
   cargaTotal      =   11.6752f      

Optimization iteration 23
                   Residual = 0.00111318
              Gradient norm = 2.05634e+022
        Marquardt parameter = 0.00025
       Function evaluations = 2
                  Converged = no
         Gradient converged = no
            Input converged = yes
           Output converged = no

Optimization parameters:
      iTotal = 0.000688803       derivative = 2.05634e+022   


Measurement result summary: OPTIMIZE=opt2_24
   Vpeak           =   -2.2867m      
   avgiS           =   29.1881u      
   cargaTotal      =   11.6752f      

Optimization iteration 24
                   Residual = 0.000678154
              Gradient norm = 2.05634e+022
        Marquardt parameter = 0.000125
       Function evaluations = 2
                  Converged = yes
         Gradient converged = no
            Input converged = yes
           Output converged = yes

Optimization results:
                   Residual = 0.000678154
              Gradient norm = 2.05634e+022
        Marquardt parameter = 0.000125
       Function evaluations = 43
       Number of iterations = 24
         Gradient converged = no
            Input converged = yes
           Output converged = yes

Optimized parameter values:
   iTotal =  6.8880e-004

Measurement result summary: OPTIMIZE=opt2_24
   Vpeak           =  636.0550a      
   avgiS           =   29.1589u      
   cargaTotal      =   11.6636f      

Parsing                      0.01 seconds
.TRAN Sweep                  5.93 seconds
Overhead                     0.36 seconds
-----------------------------------------
Total                        6.30 seconds

Simulation completed	with  3 Warnings