T-Spice - Tanner SPICE
Version 16.01
Network license
Product Release ID: T-Spice Win64 16.01.20130407.21:15:40
Copyright © 1988-2013 Tanner EDA

	Parsing "D:\pesquisa\Projeto SEE\Algoritmos\Passo1\src\Bruno\Output\Passo1_f33_1000_VDDtoOUT_FO15.sp"
	Including "D:\pesquisa\Projeto SEE\Algoritmos\Passo1\src\Bruno\Output\ptm_90nm.l"

Start of Passo1_f33_1000_VDDtoOUT_FO15.sp
Loaded BSIM4v450 model library, Berkeley BSIM4 v4.5.0

	Opening simulation database "D:\pesquisa\Projeto SEE\Algoritmos\Passo1\src\Bruno\Output\Passo1_f33_1000_VDDtoOUT_FO15.tsim"
Warning : "Passo1_f33_1000_VDDtoOUT_FO15.sp" line 8 Power supply node VDD2 is singularly attached to V2, and will be terminated with a Gmin conductance

General options:
        threads = 1

 Device and node counts:
              MOSFETs -      58
    MOSFET geometries -       3
      Voltage sources -       4
      Current sources -       1
          Subcircuits -      16
    Model Definitions -       3
      Computed Models -       2
    Independent nodes -     199
       Boundary nodes -       5
          Total nodes -     204
*** 1 WARNING MESSAGE GENERATED DURING SETUP


Optimization model parameters:
  Level   = 1
  verbose = 1
  cendif  = 1e-009
  close   = 0.001
  cut     = 2
  difsiz  = 0.001
  grad    = 1e-006
  itropt  = 40
  max     = 600000
  parmin  = 0.1
  relin   = 0.001
  relout  = 0.001

Warning : Warning messages were issued, but were suppressed
        : during a sweep, optimization, or Monte Carlos analysis.
        : 	Use '.options maxmsg=0' to view all warnings.


Optimization parameters:
      iTotal = 2e-005            derivative = -2.00657       

Optimization initialization: resid=0.990083 grad=2.00657 Marquardt=0.001

Optimization parameters:
      iTotal = 0.002             derivative = 3.5848         


Measure information will be written to file "D:\pesquisa\Projeto SEE\Algoritmos\Passo1\src\Bruno\Output\Passo1_f33_1000_VDDtoOUT_FO15\Passo1_f33_1000_VDDtoOUT_FO15.measure"

Measurement result summary: OPTIMIZE=opt2_1
   Vpeak           =    1.6577       
   avgiS           =   84.7501u      
   cargaTotal      =   33.9001f      

Optimization iteration 1
                   Residual = 0.379058
              Gradient norm = 3.5848
        Marquardt parameter = 0.0005
       Function evaluations = 4
                  Converged = no
         Gradient converged = no
            Input converged = no
           Output converged = no

Optimization parameters:
      iTotal = 0.00167707        derivative = 0.04002        


Measurement result summary: OPTIMIZE=opt2_2
   Vpeak           =    1.2069       
   avgiS           =   71.0659u      
   cargaTotal      =   28.4264f      

Optimization iteration 2
                   Residual = 0.00385967
              Gradient norm = 0.04002
        Marquardt parameter = 0.00025
       Function evaluations = 2
                  Converged = no
         Gradient converged = no
            Input converged = no
           Output converged = no

Optimization parameters:
      iTotal = 0.00167364        derivative = 0.00786966     


Measurement result summary: OPTIMIZE=opt2_3
   Vpeak           =    1.2023       
   avgiS           =   70.9208u      
   cargaTotal      =   28.3683f      

Optimization iteration 3
                   Residual = 4.70685e-006
              Gradient norm = 0.00786966
        Marquardt parameter = 0.000125
       Function evaluations = 2
                  Converged = yes
         Gradient converged = no
            Input converged = no
           Output converged = yes

Optimization results:
                   Residual = 4.70685e-006
              Gradient norm = 0.00786966
        Marquardt parameter = 0.000125
       Function evaluations = 8
       Number of iterations = 3
         Gradient converged = no
            Input converged = no
           Output converged = yes

Optimized parameter values:
   iTotal =  1.6736e-003

Measurement result summary: OPTIMIZE=opt2_3
   Vpeak           =    1.2000       
   avgiS           =   70.8499u      
   cargaTotal      =   28.3400f      

Parsing                      0.01 seconds
.TRAN Sweep                  6.69 seconds
Overhead                     0.90 seconds
-----------------------------------------
Total                        7.60 seconds

Simulation completed	with  2 Warnings