T-Spice - Tanner SPICE
Version 16.01
Network license
Product Release ID: T-Spice Win64 16.01.20130407.21:15:40
Copyright © 1988-2013 Tanner EDA

	Parsing "D:\pesquisa\Projeto SEE\Algoritmos\Passo1\src\Bruno\Output\Passo1_f33_1000_VDDtoOUT_FO8.sp"
	Including "D:\pesquisa\Projeto SEE\Algoritmos\Passo1\src\Bruno\Output\ptm_90nm.l"

Start of Passo1_f33_1000_VDDtoOUT_FO8.sp
Loaded BSIM4v450 model library, Berkeley BSIM4 v4.5.0

	Opening simulation database "D:\pesquisa\Projeto SEE\Algoritmos\Passo1\src\Bruno\Output\Passo1_f33_1000_VDDtoOUT_FO8.tsim"
Warning : "Passo1_f33_1000_VDDtoOUT_FO8.sp" line 8 Power supply node VDD2 is singularly attached to V2, and will be terminated with a Gmin conductance

General options:
        threads = 1

 Device and node counts:
              MOSFETs -      44
    MOSFET geometries -       3
      Voltage sources -       4
      Current sources -       1
          Subcircuits -       9
    Model Definitions -       3
      Computed Models -       2
    Independent nodes -     143
       Boundary nodes -       5
          Total nodes -     148
*** 1 WARNING MESSAGE GENERATED DURING SETUP


Optimization model parameters:
  Level   = 1
  verbose = 1
  cendif  = 1e-009
  close   = 0.001
  cut     = 2
  difsiz  = 0.001
  grad    = 1e-006
  itropt  = 40
  max     = 600000
  parmin  = 0.1
  relin   = 0.001
  relout  = 0.001

Warning : Warning messages were issued, but were suppressed
        : during a sweep, optimization, or Monte Carlos analysis.
        : 	Use '.options maxmsg=0' to view all warnings.


Optimization parameters:
      iTotal = 2e-005            derivative = -2.55451       

Optimization initialization: resid=0.987392 grad=2.55451 Marquardt=0.001

Optimization parameters:
      iTotal = 0.00157395        derivative = 8.37845        


Measure information will be written to file "D:\pesquisa\Projeto SEE\Algoritmos\Passo1\src\Bruno\Output\Passo1_f33_1000_VDDtoOUT_FO8\Passo1_f33_1000_VDDtoOUT_FO8.measure"

Measurement result summary: OPTIMIZE=opt2_1
   Vpeak           =    2.1874       
   avgiS           =   66.6962u      
   cargaTotal      =   26.6785f      

Optimization iteration 1
                   Residual = 0.820625
              Gradient norm = 8.37845
        Marquardt parameter = 0.0005
       Function evaluations = 4
                  Converged = no
         Gradient converged = no
            Input converged = no
           Output converged = no

Optimization parameters:
      iTotal = 0.000996007       derivative = -1.7967        


Measurement result summary: OPTIMIZE=opt2_2
   Vpeak           =  933.7933m      
   avgiS           =   42.2059u      
   cargaTotal      =   16.8824f      

Optimization iteration 2
                   Residual = 0.223172
              Gradient norm = 1.7967
        Marquardt parameter = 0.00025
       Function evaluations = 2
                  Converged = no
         Gradient converged = no
            Input converged = no
           Output converged = no

Optimization parameters:
      iTotal = 0.00116264        derivative = 0.813943       


Measurement result summary: OPTIMIZE=opt2_3
   Vpeak           =    1.2842       
   avgiS           =   49.2668u      
   cargaTotal      =   19.7067f      

Optimization iteration 3
                   Residual = 0.0680389
              Gradient norm = 0.813943
        Marquardt parameter = 0.000125
       Function evaluations = 2
                  Converged = no
         Gradient converged = no
            Input converged = no
           Output converged = no

Optimization parameters:
      iTotal = 0.00112587        derivative = 0.0146383      


Measurement result summary: OPTIMIZE=opt2_4
   Vpeak           =    1.2028       
   avgiS           =   47.7089u      
   cargaTotal      =   19.0836f      

Optimization iteration 4
                   Residual = 0.00024193
              Gradient norm = 0.0146383
        Marquardt parameter = 6.25e-005
       Function evaluations = 2
                  Converged = yes
         Gradient converged = no
            Input converged = no
           Output converged = yes

Optimization results:
                   Residual = 0.00024193
              Gradient norm = 0.0146383
        Marquardt parameter = 6.25e-005
       Function evaluations = 10
       Number of iterations = 4
         Gradient converged = no
            Input converged = no
           Output converged = yes

Optimized parameter values:
   iTotal =  1.1259e-003

Measurement result summary: OPTIMIZE=opt2_4
   Vpeak           =    1.2003       
   avgiS           =   47.6612u      
   cargaTotal      =   19.0645f      

Parsing                      0.01 seconds
.TRAN Sweep                  6.54 seconds
Overhead                     0.89 seconds
-----------------------------------------
Total                        7.44 seconds

Simulation completed	with  2 Warnings