T-Spice - Tanner SPICE
Version 16.01
Network license
Product Release ID: T-Spice Win64 16.01.20130407.21:15:40
Copyright © 1988-2013 Tanner EDA

	Parsing "D:\pesquisa\Projeto SEE\Algoritmos\Passo1\src\Bruno\Output\Passo2_nand3_101_PD_N1toGND_FO8.sp"
	Including "D:\pesquisa\Projeto SEE\Algoritmos\Passo1\src\Bruno\Output\ptm_90nm.l"

Start of Passo2_nand3_101_PD_N1toGND_FO8.sp
Loaded BSIM4v450 model library, Berkeley BSIM4 v4.5.0

	Opening simulation database "D:\pesquisa\Projeto SEE\Algoritmos\Passo1\src\Bruno\Output\Passo2_nand3_101_PD_N1toGND_FO8.tsim"
Warning : "Passo2_nand3_101_PD_N1toGND_FO8.sp" line 10 Power supply node VDD2 is singularly attached to V2, and will be terminated with a Gmin conductance

General options:
        threads = 1

 Device and node counts:
              MOSFETs -      22
    MOSFET geometries -       3
      Voltage sources -       4
      Current sources -       2
          Subcircuits -       9
    Model Definitions -       3
      Computed Models -       2
    Independent nodes -      92
       Boundary nodes -       5
          Total nodes -      97
*** 1 WARNING MESSAGE GENERATED DURING SETUP


Optimization model parameters:
  Level   = 1
  verbose = 1
  cendif  = 1e-009
  close   = 0.001
  cut     = 2
  difsiz  = 0.001
  grad    = 1e-006
  itropt  = 40
  max     = 600000
  parmin  = 0.1
  relin   = 0.001
  relout  = 0.001

Warning : Warning messages were issued, but were suppressed
        : during a sweep, optimization, or Monte Carlos analysis.
        : 	Use '.options maxmsg=0' to view all warnings.


Optimization parameters:
       iHold = 2e-005            derivative = -8.01512e+024  

Optimization initialization: resid=6.79612e+011 grad=8.01512e+024 Marquardt=0.001

Optimization parameters:
       iHold = 0.000254542       derivative = -1.5493e+024   


Measure information will be written to file "D:\pesquisa\Projeto SEE\Algoritmos\Passo1\src\Bruno\Output\Passo2_nand3_101_PD_N1toGND_FO8\Passo2_nand3_101_PD_N1toGND_FO8.measure"

Measurement result summary: OPTIMIZE=opt2_1
   setTracker      = -240.0571m      
   vPeakMin        = -240.0571m      
   vPeakMax        =  171.0990m      
   avgPrompt       =   14.2252u      
   cargaPrompt     =    5.6901f      
   avgHold         =   64.9306u      
   cargaHold       =   25.9722f      

Optimization iteration 1
                   Residual = 1.71605e+011
              Gradient norm = 1.5493e+024
        Marquardt parameter = 0.0005
       Function evaluations = 4
                  Converged = no
         Gradient converged = no
            Input converged = no
           Output converged = no

Optimization parameters:
       iHold = 0.000340795       derivative = 9.27712e+022   


Measurement result summary: OPTIMIZE=opt2_2
   setTracker      = -459.8596m      
   vPeakMin        = -459.8596m      
   vPeakMax        =   -9.4480m      
   avgPrompt       =   10.5702u      
   cargaPrompt     =    4.2281f      
   avgHold         =   86.9326u      
   cargaHold       =   34.7730f      

Optimization iteration 2
                   Residual = 8.71053e+009
              Gradient norm = 9.27712e+022
        Marquardt parameter = 0.00025
       Function evaluations = 2
                  Converged = no
         Gradient converged = no
            Input converged = no
           Output converged = no

Optimization parameters:
       iHold = 0.000336772       derivative = 3.83323e+021   


Measurement result summary: OPTIMIZE=opt2_3
   setTracker      = -455.2629m      
   vPeakMin        = -455.2629m      
   vPeakMax        = -740.2109u      
   avgPrompt       =   10.7407u      
   cargaPrompt     =    4.2963f      
   avgHold         =   85.9063u      
   cargaHold       =   34.3625f      

Optimization iteration 3
                   Residual = 1.27201e+007
              Gradient norm = 3.83323e+021
        Marquardt parameter = 0.000125
       Function evaluations = 2
                  Converged = no
         Gradient converged = no
            Input converged = no
           Output converged = no

Optimization parameters:
       iHold = 0.000336766       derivative = 3.70366e+021   


Measurement result summary: OPTIMIZE=opt2_4
   setTracker      = -455.2561m      
   vPeakMin        = -455.2561m      
   vPeakMax        = -727.4803u      
   avgPrompt       =   10.7410u      
   cargaPrompt     =    4.2964f      
   avgHold         =   85.9048u      
   cargaHold       =   34.3619f      

Optimization iteration 4
                   Residual = 4202.84
              Gradient norm = 3.70366e+021
        Marquardt parameter = 6.25e-005
       Function evaluations = 2
                  Converged = no
         Gradient converged = no
            Input converged = yes
           Output converged = no

Optimization parameters:
       iHold = 0.000336766       derivative = 3.70361e+021   


Measurement result summary: OPTIMIZE=opt2_5
   setTracker      = -455.2561m      
   vPeakMin        = -455.2561m      
   vPeakMax        = -727.4761u      
   avgPrompt       =   10.7410u      
   cargaPrompt     =    4.2964f      
   avgHold         =   85.9048u      
   cargaHold       =   34.3619f      

Optimization iteration 5
                   Residual = 0.890543
              Gradient norm = 3.70361e+021
        Marquardt parameter = 3.125e-005
       Function evaluations = 2
                  Converged = no
         Gradient converged = no
            Input converged = yes
           Output converged = no

Optimization parameters:
       iHold = 0.000336766       derivative = 3.70361e+021   


Measurement result summary: OPTIMIZE=opt2_6
   setTracker      = -455.2561m      
   vPeakMin        = -455.2561m      
   vPeakMax        = -727.4761u      
   avgPrompt       =   10.7410u      
   cargaPrompt     =    4.2964f      
   avgHold         =   85.9048u      
   cargaHold       =   34.3619f      

Optimization iteration 6
                   Residual = 0.000433681
              Gradient norm = 3.70361e+021
        Marquardt parameter = 1.5625e-005
       Function evaluations = 2
                  Converged = yes
         Gradient converged = no
            Input converged = yes
           Output converged = yes

Optimization results:
                   Residual = 0.000433681
              Gradient norm = 3.70361e+021
        Marquardt parameter = 1.5625e-005
       Function evaluations = 14
       Number of iterations = 6
         Gradient converged = no
            Input converged = yes
           Output converged = yes

Optimized parameter values:
   iHold =  3.3677e-004

Measurement result summary: OPTIMIZE=opt2_6
   setTracker      = -454.8660m      
   vPeakMin        = -454.8660m      
   vPeakMax        = -296.6377a      
   avgPrompt       =   10.7552u      
   cargaPrompt     =    4.3021f      
   avgHold         =   85.8190u      
   cargaHold       =   34.3276f      

Parsing                      0.01 seconds
.TRAN Sweep                  5.49 seconds
Overhead                     0.90 seconds
-----------------------------------------
Total                        6.39 seconds

Simulation completed	with  2 Warnings