T-Spice - Tanner SPICE
Version 16.01
Network license
Product Release ID: T-Spice Win64 16.01.20130407.21:15:40
Copyright © 1988-2013 Tanner EDA

	Parsing "D:\pesquisa\Projeto SEE\Algoritmos\Passo1\src\Bruno\Output\Passo1_nand3_101_PD_N1toGND_FO1.sp"
	Including "D:\pesquisa\Projeto SEE\Algoritmos\Passo1\src\Bruno\Output\ptm_90nm.l"

Start of Passo1_nand3_101_PD_N1toGND_FO1.sp
Loaded BSIM4v450 model library, Berkeley BSIM4 v4.5.0

	Opening simulation database "D:\pesquisa\Projeto SEE\Algoritmos\Passo1\src\Bruno\Output\Passo1_nand3_101_PD_N1toGND_FO1.tsim"
Warning : "Passo1_nand3_101_PD_N1toGND_FO1.sp" line 8 Power supply node VDD2 is singularly attached to V2, and will be terminated with a Gmin conductance

General options:
        threads = 1

 Device and node counts:
              MOSFETs -       8
    MOSFET geometries -       3
      Voltage sources -       4
      Current sources -       1
          Subcircuits -       2
    Model Definitions -       3
      Computed Models -       2
    Independent nodes -      36
       Boundary nodes -       5
          Total nodes -      41
*** 1 WARNING MESSAGE GENERATED DURING SETUP


Optimization model parameters:
  Level   = 1
  verbose = 1
  cendif  = 1e-009
  close   = 0.001
  cut     = 2
  difsiz  = 0.001
  grad    = 1e-006
  itropt  = 40
  max     = 600000
  parmin  = 0.1
  relin   = 0.001
  relout  = 0.001

Warning : Warning messages were issued, but were suppressed
        : during a sweep, optimization, or Monte Carlos analysis.
        : 	Use '.options maxmsg=0' to view all warnings.


Optimization parameters:
      iTotal = 2e-005            derivative = -1.40133e+025  

Optimization initialization: resid=7.12804e+011 grad=1.40133e+025 Marquardt=0.001

Optimization parameters:
      iTotal = 0.000167537       derivative = -2.70387e+024  


Measure information will be written to file "D:\pesquisa\Projeto SEE\Algoritmos\Passo1\src\Bruno\Output\Passo1_nand3_101_PD_N1toGND_FO1\Passo1_nand3_101_PD_N1toGND_FO1.measure"

Measurement result summary: OPTIMIZE=opt2_1
   Vpeak           =  463.6359m      
   avgiS           =    7.1007u      
   cargaTotal      =    2.8403f      

Optimization iteration 1
                   Residual = 4.639e+011
              Gradient norm = 2.70387e+024
        Marquardt parameter = 0.0005
       Function evaluations = 4
                  Converged = no
         Gradient converged = no
            Input converged = no
           Output converged = no

Optimization parameters:
      iTotal = 0.000515306       derivative = 3.67297e+024   


Measurement result summary: OPTIMIZE=opt2_2
   Vpeak           = -311.1880m      
   avgiS           =   21.8361u      
   cargaTotal      =    8.7344f      

Optimization iteration 2
                   Residual = 3.09986e+011
              Gradient norm = 3.67297e+024
        Marquardt parameter = 0.00025
       Function evaluations = 2
                  Converged = no
         Gradient converged = no
            Input converged = no
           Output converged = no

Optimization parameters:
      iTotal = 0.000382459       derivative = -7.37743e+023  


Measurement result summary: OPTIMIZE=opt2_3
   Vpeak           =   56.0730m      
   avgiS           =   16.2067u      
   cargaTotal      =    6.4827f      

Optimization iteration 3
                   Residual = 5.71107e+010
              Gradient norm = 7.37743e+023
        Marquardt parameter = 0.000125
       Function evaluations = 2
                  Converged = no
         Gradient converged = no
            Input converged = no
           Output converged = no

Optimization parameters:
      iTotal = 0.000403504       derivative = 1.52181e+022   


Measurement result summary: OPTIMIZE=opt2_4
   Vpeak           =   -1.6928m      
   avgiS           =   17.0985u      
   cargaTotal      =    6.8394f      

Optimization iteration 4
                   Residual = 5.75957e+008
              Gradient norm = 1.52181e+022
        Marquardt parameter = 6.25e-005
       Function evaluations = 2
                  Converged = no
         Gradient converged = no
            Input converged = no
           Output converged = no

Optimization parameters:
      iTotal = 0.000403296       derivative = 7.48745e+021   


Measurement result summary: OPTIMIZE=opt2_5
   Vpeak           =   -1.1163m      
   avgiS           =   17.0897u      
   cargaTotal      =    6.8359f      

Optimization iteration 5
                   Residual = 237196
              Gradient norm = 7.48745e+021
        Marquardt parameter = 3.125e-005
       Function evaluations = 2
                  Converged = no
         Gradient converged = no
            Input converged = yes
           Output converged = no

Optimization parameters:
      iTotal = 0.000403295       derivative = 7.48399e+021   


Measurement result summary: OPTIMIZE=opt2_6
   Vpeak           =   -1.1160m      
   avgiS           =   17.0897u      
   cargaTotal      =    6.8359f      

Optimization iteration 6
                   Residual = 20992.2
              Gradient norm = 7.48399e+021
        Marquardt parameter = 1.5625e-005
       Function evaluations = 2
                  Converged = no
         Gradient converged = no
            Input converged = yes
           Output converged = no

Measurement result summary: OPTIMIZE=opt2_7
   Vpeak           =   41.8567n      
   avgiS           =   17.0726u      
   cargaTotal      =    6.8290f      

Optimization iteration 7
                   Residual = 20992.2
              Gradient norm = 7.48399e+021
        Marquardt parameter = 6.25e-005
       Function evaluations = 1
                  Converged = no
         Gradient converged = no
            Input converged = yes
           Output converged = no

Optimization parameters:
      iTotal = 0.000403295       derivative = 7.48371e+021   


Measurement result summary: OPTIMIZE=opt2_8
   Vpeak           =   -1.1160m      
   avgiS           =   17.0897u      
   cargaTotal      =    6.8359f      

Optimization iteration 8
                   Residual = 20932.8
              Gradient norm = 7.48371e+021
        Marquardt parameter = 3.125e-005
       Function evaluations = 2
                  Converged = no
         Gradient converged = no
            Input converged = yes
           Output converged = no

Measurement result summary: OPTIMIZE=opt2_9
   Vpeak           =   41.8621n      
   avgiS           =   17.0726u      
   cargaTotal      =    6.8290f      

Optimization iteration 9
                   Residual = 20932.8
              Gradient norm = 7.48371e+021
        Marquardt parameter = 0.000125
       Function evaluations = 1
                  Converged = no
         Gradient converged = no
            Input converged = yes
           Output converged = no

Measurement result summary: OPTIMIZE=opt2_10
   Vpeak           =   62.9045n      
   avgiS           =   17.0726u      
   cargaTotal      =    6.8290f      

Optimization iteration 10
                   Residual = 20932.8
              Gradient norm = 7.48371e+021
        Marquardt parameter = 0.0005
       Function evaluations = 1
                  Converged = no
         Gradient converged = no
            Input converged = yes
           Output converged = no

Measurement result summary: OPTIMIZE=opt2_11
   Vpeak           =   62.8888n      
   avgiS           =   17.0726u      
   cargaTotal      =    6.8290f      

Optimization iteration 11
                   Residual = 20932.8
              Gradient norm = 7.48371e+021
        Marquardt parameter = 0.002
       Function evaluations = 1
                  Converged = no
         Gradient converged = no
            Input converged = yes
           Output converged = no

Measurement result summary: OPTIMIZE=opt2_12
   Vpeak           =   62.7018n      
   avgiS           =   17.0726u      
   cargaTotal      =    6.8290f      

Optimization iteration 12
                   Residual = 20932.8
              Gradient norm = 7.48371e+021
        Marquardt parameter = 0.008
       Function evaluations = 1
                  Converged = no
         Gradient converged = no
            Input converged = yes
           Output converged = no

Measurement result summary: OPTIMIZE=opt2_13
   Vpeak           =   62.4543n      
   avgiS           =   17.0726u      
   cargaTotal      =    6.8290f      

Optimization iteration 13
                   Residual = 20932.8
              Gradient norm = 7.48371e+021
        Marquardt parameter = 0.032
       Function evaluations = 1
                  Converged = no
         Gradient converged = no
            Input converged = yes
           Output converged = no

Measurement result summary: OPTIMIZE=opt2_14
   Vpeak           =   61.6318n      
   avgiS           =   17.0726u      
   cargaTotal      =    6.8290f      

Optimization iteration 14
                   Residual = 20932.8
              Gradient norm = 7.48371e+021
        Marquardt parameter = 0.128
       Function evaluations = 1
                  Converged = no
         Gradient converged = no
            Input converged = yes
           Output converged = no

Measurement result summary: OPTIMIZE=opt2_15
   Vpeak           =   58.4151n      
   avgiS           =   17.0726u      
   cargaTotal      =    6.8290f      

Optimization iteration 15
                   Residual = 20932.8
              Gradient norm = 7.48371e+021
        Marquardt parameter = 0.512
       Function evaluations = 1
                  Converged = no
         Gradient converged = no
            Input converged = yes
           Output converged = no

Measurement result summary: OPTIMIZE=opt2_16
   Vpeak           =   51.0101n      
   avgiS           =   17.0726u      
   cargaTotal      =    6.8290f      

Optimization iteration 16
                   Residual = 20932.8
              Gradient norm = 7.48371e+021
        Marquardt parameter = 2.048
       Function evaluations = 1
                  Converged = no
         Gradient converged = no
            Input converged = yes
           Output converged = no

Measurement result summary: OPTIMIZE=opt2_17
   Vpeak           =   44.2181n      
   avgiS           =   17.0726u      
   cargaTotal      =    6.8290f      

Optimization iteration 17
                   Residual = 20932.8
              Gradient norm = 7.48371e+021
        Marquardt parameter = 8.192
       Function evaluations = 1
                  Converged = no
         Gradient converged = no
            Input converged = yes
           Output converged = no

Measurement result summary: OPTIMIZE=opt2_18
   Vpeak           =   42.2129n      
   avgiS           =   17.0726u      
   cargaTotal      =    6.8290f      

Optimization iteration 18
                   Residual = 20932.8
              Gradient norm = 7.48371e+021
        Marquardt parameter = 32.768
       Function evaluations = 1
                  Converged = no
         Gradient converged = no
            Input converged = yes
           Output converged = no

Measurement result summary: OPTIMIZE=opt2_19
   Vpeak           =   41.8730n      
   avgiS           =   17.0726u      
   cargaTotal      =    6.8290f      

Optimization iteration 19
                   Residual = 20932.8
              Gradient norm = 7.48371e+021
        Marquardt parameter = 131.072
       Function evaluations = 1
                  Converged = no
         Gradient converged = no
            Input converged = yes
           Output converged = no

Measurement result summary: OPTIMIZE=opt2_20
   Vpeak           =   41.8559n      
   avgiS           =   17.0726u      
   cargaTotal      =    6.8290f      

Optimization iteration 20
                   Residual = 20932.8
              Gradient norm = 7.48371e+021
        Marquardt parameter = 524.288
       Function evaluations = 1
                  Converged = no
         Gradient converged = no
            Input converged = yes
           Output converged = no

Measurement result summary: OPTIMIZE=opt2_21
   Vpeak           =   41.8548n      
   avgiS           =   17.0726u      
   cargaTotal      =    6.8290f      

Optimization iteration 21
                   Residual = 20932.8
              Gradient norm = 7.48371e+021
        Marquardt parameter = 2097.15
       Function evaluations = 1
                  Converged = no
         Gradient converged = no
            Input converged = yes
           Output converged = no

Measurement result summary: OPTIMIZE=opt2_22
   Vpeak           =   20.9328n      
   avgiS           =   17.0726u      
   cargaTotal      =    6.8290f      

Optimization iteration 22
                   Residual = 20932.8
              Gradient norm = 7.48371e+021
        Marquardt parameter = 8388.61
       Function evaluations = 1
                  Converged = no
         Gradient converged = no
            Input converged = yes
           Output converged = no

Measurement result summary: OPTIMIZE=opt2_23
   Vpeak           =   41.8547n      
   avgiS           =   17.0726u      
   cargaTotal      =    6.8290f      

Optimization iteration 23
                   Residual = 20932.8
              Gradient norm = 7.48371e+021
        Marquardt parameter = 33554.4
       Function evaluations = 1
                  Converged = no
         Gradient converged = no
            Input converged = yes
           Output converged = no

Measurement result summary: OPTIMIZE=opt2_24
   Vpeak           =   41.9652n      
   avgiS           =   17.0726u      
   cargaTotal      =    6.8290f      

Optimization iteration 24
                   Residual = 20932.8
              Gradient norm = 7.48371e+021
        Marquardt parameter = 134218
       Function evaluations = 1
                  Converged = no
         Gradient converged = no
            Input converged = yes
           Output converged = no

Measurement result summary: OPTIMIZE=opt2_25
   Vpeak           =   20.9328n      
   avgiS           =   17.0726u      
   cargaTotal      =    6.8290f      

Optimization iteration 25
                   Residual = 20932.8
              Gradient norm = 7.48371e+021
        Marquardt parameter = 536871
       Function evaluations = 1
                  Converged = no
         Gradient converged = no
            Input converged = yes
           Output converged = no

Measurement result summary: OPTIMIZE=opt2_26
   Vpeak           =   41.9652n      
   avgiS           =   17.0726u      
   cargaTotal      =    6.8290f      

Optimization iteration 26
                   Residual = 20932.8
              Gradient norm = 7.48371e+021
        Marquardt parameter = 2.14748e+006
       Function evaluations = 1
                  Converged = yes
         Gradient converged = no
            Input converged = yes
           Output converged = no

Optimization results:
                   Residual = 20932.8
              Gradient norm = 7.48371e+021
        Marquardt parameter = 2.14748e+006
       Function evaluations = 35
       Number of iterations = 26
         Gradient converged = no
            Input converged = yes
           Output converged = no

Optimized parameter values:
   iTotal =  4.0330e-004

Measurement result summary: OPTIMIZE=opt2_26
   Vpeak           =   20.9328n      
   avgiS           =   17.0726u      
   cargaTotal      =    6.8290f      

Parsing                      0.01 seconds
.TRAN Sweep                  5.19 seconds
Overhead                     1.24 seconds
-----------------------------------------
Total                        6.43 seconds

Simulation completed	with  2 Warnings