T-Spice - Tanner SPICE
Version 16.01
Network license
Product Release ID: T-Spice Win64 16.01.20130407.21:15:40
Copyright © 1988-2013 Tanner EDA

	Parsing "D:\pesquisa\Projeto SEE\Algoritmos\Passo1\src\Bruno\Output\Passo1_f33_1111_VDDtoOUT_FO8.sp"
	Including "D:\pesquisa\Projeto SEE\Algoritmos\Passo1\src\Bruno\Output\ptm_90nm.l"

Start of Passo1_f33_1111_VDDtoOUT_FO8.sp
Loaded BSIM4v450 model library, Berkeley BSIM4 v4.5.0

	Opening simulation database "D:\pesquisa\Projeto SEE\Algoritmos\Passo1\src\Bruno\Output\Passo1_f33_1111_VDDtoOUT_FO8.tsim"
Warning : "Passo1_f33_1111_VDDtoOUT_FO8.sp" line 8 Power supply node VDD2 is singularly attached to V2, and will be terminated with a Gmin conductance
Warning : "Passo1_f33_1111_VDDtoOUT_FO8.sp" line 10 Power supply node low is singularly attached to vinB, and will be terminated with a Gmin conductance

General options:
        threads = 1

 Device and node counts:
              MOSFETs -      44
    MOSFET geometries -       3
      Voltage sources -       4
      Current sources -       1
          Subcircuits -       9
    Model Definitions -       3
      Computed Models -       2
    Independent nodes -     143
       Boundary nodes -       5
          Total nodes -     148
*** 2 WARNING MESSAGES GENERATED DURING SETUP


Optimization model parameters:
  Level   = 1
  verbose = 1
  cendif  = 1e-009
  close   = 0.001
  cut     = 2
  difsiz  = 0.001
  grad    = 1e-006
  itropt  = 40
  max     = 600000
  parmin  = 0.1
  relin   = 0.001
  relout  = 0.001

Warning : Warning messages were issued, but were suppressed
        : during a sweep, optimization, or Monte Carlos analysis.
        : 	Use '.options maxmsg=0' to view all warnings.


Optimization parameters:
      iTotal = 2e-005            derivative = -1.92432       

Optimization initialization: resid=0.990546 grad=1.92432 Marquardt=0.001

Measure information will be written to file "D:\pesquisa\Projeto SEE\Algoritmos\Passo1\src\Bruno\Output\Passo1_f33_1111_VDDtoOUT_FO8\Passo1_f33_1111_VDDtoOUT_FO8.measure"

Measurement result summary: OPTIMIZE=opt2_1
   Vpeak           =    2.4102       
   avgiS           =   84.6655u      
   cargaTotal      =   33.8662f      

Optimization iteration 1
                   Residual = 0.990546
              Gradient norm = 1.92432
        Marquardt parameter = 0.004
       Function evaluations = 3
                  Converged = no
         Gradient converged = no
            Input converged = no
           Output converged = no

Measurement result summary: OPTIMIZE=opt2_2
   Vpeak           =    2.4102       
   avgiS           =   84.6655u      
   cargaTotal      =   33.8662f      

Optimization iteration 2
                   Residual = 0.990546
              Gradient norm = 1.92432
        Marquardt parameter = 0.016
       Function evaluations = 1
                  Converged = no
         Gradient converged = no
            Input converged = no
           Output converged = no

Measurement result summary: OPTIMIZE=opt2_3
   Vpeak           =    2.4102       
   avgiS           =   84.6655u      
   cargaTotal      =   33.8662f      

Optimization iteration 3
                   Residual = 0.990546
              Gradient norm = 1.92432
        Marquardt parameter = 0.064
       Function evaluations = 1
                  Converged = no
         Gradient converged = no
            Input converged = no
           Output converged = no

Optimization parameters:
      iTotal = 0.00185751        derivative = 6.3218         


Measurement result summary: OPTIMIZE=opt2_4
   Vpeak           =    2.2759       
   avgiS           =   78.7120u      
   cargaTotal      =   31.4848f      

Optimization iteration 4
                   Residual = 0.894858
              Gradient norm = 6.3218
        Marquardt parameter = 0.032
       Function evaluations = 2
                  Converged = no
         Gradient converged = no
            Input converged = no
           Output converged = no

Optimization parameters:
      iTotal = 0.000934297       derivative = -1.84909       


Measurement result summary: OPTIMIZE=opt2_5
   Vpeak           =  711.3310m      
   avgiS           =   39.5909u      
   cargaTotal      =   15.8364f      

Optimization iteration 5
                   Residual = 0.407942
              Gradient norm = 1.84909
        Marquardt parameter = 0.016
       Function evaluations = 2
                  Converged = no
         Gradient converged = no
            Input converged = no
           Output converged = no

Optimization parameters:
      iTotal = 0.00144899        derivative = 3.19992        


Measurement result summary: OPTIMIZE=opt2_6
   Vpeak           =    1.5106       
   avgiS           =   61.4012u      
   cargaTotal      =   24.5605f      

Optimization iteration 6
                   Residual = 0.256231
              Gradient norm = 3.19992
        Marquardt parameter = 0.008
       Function evaluations = 2
                  Converged = no
         Gradient converged = no
            Input converged = no
           Output converged = no

Optimization parameters:
      iTotal = 0.00130819        derivative = 0.112387       


Measurement result summary: OPTIMIZE=opt2_7
   Vpeak           =    1.2132       
   avgiS           =   55.4344u      
   cargaTotal      =   22.1738f      

Optimization iteration 7
                   Residual = 0.00875528
              Gradient norm = 0.112387
        Marquardt parameter = 0.004
       Function evaluations = 2
                  Converged = no
         Gradient converged = no
            Input converged = no
           Output converged = no

Optimization parameters:
      iTotal = 0.00130311        derivative = 0.0135414      


Measurement result summary: OPTIMIZE=opt2_8
   Vpeak           =    1.2028       
   avgiS           =   55.2192u      
   cargaTotal      =   22.0877f      

Optimization iteration 8
                   Residual = 8.30117e-005
              Gradient norm = 0.0135414
        Marquardt parameter = 0.002
       Function evaluations = 2
                  Converged = yes
         Gradient converged = no
            Input converged = no
           Output converged = yes

Optimization results:
                   Residual = 8.30117e-005
              Gradient norm = 0.0135414
        Marquardt parameter = 0.002
       Function evaluations = 15
       Number of iterations = 8
         Gradient converged = no
            Input converged = no
           Output converged = yes

Optimized parameter values:
   iTotal =  1.3031e-003

Measurement result summary: OPTIMIZE=opt2_8
   Vpeak           =    1.2001       
   avgiS           =   55.1640u      
   cargaTotal      =   22.0656f      

Parsing                      0.01 seconds
.TRAN Sweep                  9.37 seconds
Overhead                     0.89 seconds
-----------------------------------------
Total                       10.27 seconds

Simulation completed	with  3 Warnings