T-Spice - Tanner SPICE
Version 16.01
Network license
Product Release ID: T-Spice Win64 16.01.20130407.21:15:40
Copyright © 1988-2013 Tanner EDA

	Parsing "D:\pesquisa\Projeto SEE\Algoritmos\Passo1\src\Bruno\Output\Passo1_AOI21_100_VDDtoPU_N1_FO15.sp"
	Including "D:\pesquisa\Projeto SEE\Algoritmos\Passo1\src\Bruno\Output\ptm_90nm.l"

Start of Passo1_AOI21_100_VDDtoPU_N1_FO15.sp
Loaded BSIM4v450 model library, Berkeley BSIM4 v4.5.0

	Opening simulation database "D:\pesquisa\Projeto SEE\Algoritmos\Passo1\src\Bruno\Output\Passo1_AOI21_100_VDDtoPU_N1_FO15.tsim"
Warning : "Passo1_AOI21_100_VDDtoPU_N1_FO15.sp" line 8 Power supply node VDD2 is singularly attached to V2, and will be terminated with a Gmin conductance

General options:
        threads = 1

 Device and node counts:
              MOSFETs -      36
    MOSFET geometries -       4
      Voltage sources -       4
      Current sources -       1
          Subcircuits -      16
    Model Definitions -       3
      Computed Models -       2
    Independent nodes -     148
       Boundary nodes -       5
          Total nodes -     153
*** 1 WARNING MESSAGE GENERATED DURING SETUP


Optimization model parameters:
  Level   = 1
  verbose = 1
  cendif  = 1e-009
  close   = 0.001
  cut     = 2
  difsiz  = 0.001
  grad    = 1e-006
  itropt  = 40
  max     = 600000
  parmin  = 0.1
  relin   = 0.001
  relout  = 0.001

Warning : Warning messages were issued, but were suppressed
        : during a sweep, optimization, or Monte Carlos analysis.
        : 	Use '.options maxmsg=0' to view all warnings.


Optimization parameters:
      iTotal = 2e-005            derivative = -11.5451       

Optimization initialization: resid=0.647018 grad=11.5451 Marquardt=0.001

Optimization parameters:
      iTotal = 0.000167549       derivative = -1.77284       


Measure information will be written to file "D:\pesquisa\Projeto SEE\Algoritmos\Passo1\src\Bruno\Output\Passo1_AOI21_100_VDDtoPU_N1_FO15\Passo1_AOI21_100_VDDtoPU_N1_FO15.measure"

Measurement result summary: OPTIMIZE=opt2_1
   Vpeak           =  711.5339m      
   avgiS           =    7.1012u      
   cargaTotal      =    2.8405f      

Optimization iteration 1
                   Residual = 0.407252
              Gradient norm = 1.77284
        Marquardt parameter = 0.0005
       Function evaluations = 4
                  Converged = no
         Gradient converged = no
            Input converged = no
           Output converged = no

Optimization parameters:
      iTotal = 0.000576345       derivative = -0.282672      


Measurement result summary: OPTIMIZE=opt2_2
   Vpeak           =    1.1107       
   avgiS           =   24.4226u      
   cargaTotal      =    9.7691f      

Optimization iteration 2
                   Residual = 0.0748606
              Gradient norm = 0.282672
        Marquardt parameter = 0.00025
       Function evaluations = 2
                  Converged = no
         Gradient converged = no
            Input converged = no
           Output converged = no

Optimization parameters:
      iTotal = 0.000678952       derivative = -0.00330438    


Measurement result summary: OPTIMIZE=opt2_3
   Vpeak           =    1.1993       
   avgiS           =   28.7706u      
   cargaTotal      =   11.5083f      

Optimization iteration 3
                   Residual = 0.00110404
              Gradient norm = 0.00330438
        Marquardt parameter = 0.000125
       Function evaluations = 2
                  Converged = no
         Gradient converged = no
            Input converged = no
           Output converged = no

Optimization parameters:
      iTotal = 0.000680509       derivative = 0.000921752    


Measurement result summary: OPTIMIZE=opt2_4
   Vpeak           =    1.2006       
   avgiS           =   28.8366u      
   cargaTotal      =   11.5346f      

Optimization iteration 4
                   Residual = 3.95105e-007
              Gradient norm = 0.000921752
        Marquardt parameter = 6.25e-005
       Function evaluations = 2
                  Converged = yes
         Gradient converged = no
            Input converged = yes
           Output converged = yes

Optimization results:
                   Residual = 3.95105e-007
              Gradient norm = 0.000921752
        Marquardt parameter = 6.25e-005
       Function evaluations = 10
       Number of iterations = 4
         Gradient converged = no
            Input converged = yes
           Output converged = yes

Optimized parameter values:
   iTotal =  6.8051e-004

Measurement result summary: OPTIMIZE=opt2_4
   Vpeak           =    1.2000       
   avgiS           =   28.8078u      
   cargaTotal      =   11.5231f      

Parsing                      0.01 seconds
.TRAN Sweep                  6.17 seconds
Overhead                     0.89 seconds
-----------------------------------------
Total                        7.07 seconds

Simulation completed	with  2 Warnings