T-Spice - Tanner SPICE
Version 16.01
Network license
Product Release ID: T-Spice Win64 16.01.20130407.21:15:40
Copyright © 1988-2013 Tanner EDA

	Parsing "D:\pesquisa\Projeto SEE\Algoritmos\Passo1\src\Bruno\Output\Passo2_AOI21_100_VDDtoPU_N1_FO4.sp"
	Including "D:\pesquisa\Projeto SEE\Algoritmos\Passo1\src\Bruno\Output\ptm_90nm.l"

Start of Passo2_AOI21_100_VDDtoPU_N1_FO4.sp
Loaded BSIM4v450 model library, Berkeley BSIM4 v4.5.0

	Opening simulation database "D:\pesquisa\Projeto SEE\Algoritmos\Passo1\src\Bruno\Output\Passo2_AOI21_100_VDDtoPU_N1_FO4.tsim"
Warning : "Passo2_AOI21_100_VDDtoPU_N1_FO4.sp" line 10 Power supply node VDD2 is singularly attached to V2, and will be terminated with a Gmin conductance

General options:
        threads = 1

 Device and node counts:
              MOSFETs -      14
    MOSFET geometries -       4
      Voltage sources -       4
      Current sources -       2
          Subcircuits -       5
    Model Definitions -       3
      Computed Models -       2
    Independent nodes -      60
       Boundary nodes -       5
          Total nodes -      65
*** 1 WARNING MESSAGE GENERATED DURING SETUP


Optimization model parameters:
  Level   = 1
  verbose = 1
  cendif  = 1e-009
  close   = 0.001
  cut     = 2
  difsiz  = 0.001
  grad    = 1e-006
  itropt  = 40
  max     = 600000
  parmin  = 0.1
  relin   = 0.001
  relout  = 0.001

Warning : Warning messages were issued, but were suppressed
        : during a sweep, optimization, or Monte Carlos analysis.
        : 	Use '.options maxmsg=0' to view all warnings.


Optimization parameters:
       iHold = 2e-005            derivative = -6.02381       

Optimization initialization: resid=0.583596 grad=6.02381 Marquardt=0.001

Optimization parameters:
       iHold = 0.000250123       derivative = -0.377193      


Measure information will be written to file "D:\pesquisa\Projeto SEE\Algoritmos\Passo1\src\Bruno\Output\Passo2_AOI21_100_VDDtoPU_N1_FO4\Passo2_AOI21_100_VDDtoPU_N1_FO4.measure"

Measurement result summary: OPTIMIZE=opt2_1
   setTracker      =    1.3905       
   vPeakMin        =    1.1486       
   vPeakMax        =    1.3905       
   avgPrompt       =   15.3057u      
   cargaPrompt     =    6.1223f      
   avgHold         =   63.8032u      
   cargaHold       =   25.5213f      

Optimization iteration 1
                   Residual = 0.043301
              Gradient norm = 0.377193
        Marquardt parameter = 0.0005
       Function evaluations = 4
                  Converged = no
         Gradient converged = no
            Input converged = no
           Output converged = no

Optimization parameters:
       iHold = 0.000272543       derivative = 0.0045854      


Measurement result summary: OPTIMIZE=opt2_2
   setTracker      =    1.5398       
   vPeakMin        =    1.2009       
   vPeakMax        =    1.5398       
   avgPrompt       =   14.3556u      
   cargaPrompt     =    5.7422f      
   avgHold         =   69.5224u      
   cargaHold       =   27.8090f      

Optimization iteration 2
                   Residual = 0.00024588
              Gradient norm = 0.0045854
        Marquardt parameter = 0.00025
       Function evaluations = 2
                  Converged = yes
         Gradient converged = no
            Input converged = no
           Output converged = yes

Optimization results:
                   Residual = 0.00024588
              Gradient norm = 0.0045854
        Marquardt parameter = 0.00025
       Function evaluations = 6
       Number of iterations = 2
         Gradient converged = no
            Input converged = no
           Output converged = yes

Optimized parameter values:
   iHold =  2.7254e-004

Measurement result summary: OPTIMIZE=opt2_2
   setTracker      =    1.5383       
   vPeakMin        =    1.2003       
   vPeakMax        =    1.5383       
   avgPrompt       =   14.3672u      
   cargaPrompt     =    5.7469f      
   avgHold         =   69.4530u      
   cargaHold       =   27.7812f      

Parsing                      0.01 seconds
.TRAN Sweep                  1.94 seconds
Overhead                     0.90 seconds
-----------------------------------------
Total                        2.85 seconds

Simulation completed	with  2 Warnings