T-Spice - Tanner SPICE
Version 16.01
Network license
Product Release ID: T-Spice Win64 16.01.20130407.21:15:40
Copyright © 1988-2013 Tanner EDA

	Parsing "D:\pesquisa\Projeto SEE\Algoritmos\Passo1\src\Bruno\Output\Passo1_nand3_001_OUTtoGND_FO15.sp"
	Including "D:\pesquisa\Projeto SEE\Algoritmos\Passo1\src\Bruno\Output\ptm_90nm.l"

Start of Passo1_nand3_001_OUTtoGND_FO15.sp
Loaded BSIM4v450 model library, Berkeley BSIM4 v4.5.0

	Opening simulation database "D:\pesquisa\Projeto SEE\Algoritmos\Passo1\src\Bruno\Output\Passo1_nand3_001_OUTtoGND_FO15.tsim"
Warning : "Passo1_nand3_001_OUTtoGND_FO15.sp" line 8 Power supply node VDD2 is singularly attached to V2, and will be terminated with a Gmin conductance

General options:
        threads = 1

 Device and node counts:
              MOSFETs -      36
    MOSFET geometries -       3
      Voltage sources -       4
      Current sources -       1
          Subcircuits -      16
    Model Definitions -       3
      Computed Models -       2
    Independent nodes -     148
       Boundary nodes -       5
          Total nodes -     153
*** 1 WARNING MESSAGE GENERATED DURING SETUP


Optimization model parameters:
  Level   = 1
  verbose = 1
  cendif  = 1e-009
  close   = 0.001
  cut     = 2
  difsiz  = 0.001
  grad    = 1e-006
  itropt  = 40
  max     = 600000
  parmin  = 0.1
  relin   = 0.001
  relout  = 0.001

Warning : Warning messages were issued, but were suppressed
        : during a sweep, optimization, or Monte Carlos analysis.
        : 	Use '.options maxmsg=0' to view all warnings.


Optimization parameters:
      iTotal = 2e-005            derivative = -3.66563e+024  

Optimization initialization: resid=1.18485e+012 grad=3.66563e+024 Marquardt=0.001

Optimization parameters:
      iTotal = 0.00157935        derivative = -4.2508e+023   


Measure information will be written to file "D:\pesquisa\Projeto SEE\Algoritmos\Passo1\src\Bruno\Output\Passo1_nand3_001_OUTtoGND_FO15\Passo1_nand3_001_OUTtoGND_FO15.measure"

Measurement result summary: OPTIMIZE=opt2_1
   Vpeak           =   62.2838m      
   avgiS           =   66.9251u      
   cargaTotal      =   26.7701f      

Optimization iteration 1
                   Residual = 6.37636e+010
              Gradient norm = 4.2508e+023
        Marquardt parameter = 0.0005
       Function evaluations = 4
                  Converged = no
         Gradient converged = no
            Input converged = no
           Output converged = no

Optimization parameters:
      iTotal = 0.00164734        derivative = 1.05295e+022   


Measurement result summary: OPTIMIZE=opt2_2
   Vpeak           =   -2.2867m      
   avgiS           =   69.8061u      
   cargaTotal      =   27.9224f      

Optimization iteration 2
                   Residual = 7.06489e+008
              Gradient norm = 1.05295e+022
        Marquardt parameter = 0.00025
       Function evaluations = 2
                  Converged = no
         Gradient converged = no
            Input converged = no
           Output converged = no

Optimization parameters:
      iTotal = 0.0016466         derivative = 5.55703e+021   


Measurement result summary: OPTIMIZE=opt2_3
   Vpeak           =   -1.5797m      
   avgiS           =   69.7749u      
   cargaTotal      =   27.9100f      

Optimization iteration 3
                   Residual = 608873
              Gradient norm = 5.55703e+021
        Marquardt parameter = 0.000125
       Function evaluations = 2
                  Converged = no
         Gradient converged = no
            Input converged = yes
           Output converged = no

Optimization parameters:
      iTotal = 0.0016466         derivative = 5.55274e+021   


Measurement result summary: OPTIMIZE=opt2_4
   Vpeak           =   -1.5791m      
   avgiS           =   69.7749u      
   cargaTotal      =   27.9100f      

Optimization iteration 4
                   Residual = 304.834
              Gradient norm = 5.55274e+021
        Marquardt parameter = 6.25e-005
       Function evaluations = 2
                  Converged = no
         Gradient converged = no
            Input converged = yes
           Output converged = no

Optimization parameters:
      iTotal = 0.0016466         derivative = 5.55274e+021   


Measurement result summary: OPTIMIZE=opt2_5
   Vpeak           =   -1.5791m      
   avgiS           =   69.7749u      
   cargaTotal      =   27.9100f      

Optimization iteration 5
                   Residual = 0.116862
              Gradient norm = 5.55274e+021
        Marquardt parameter = 3.125e-005
       Function evaluations = 2
                  Converged = no
         Gradient converged = no
            Input converged = yes
           Output converged = no

Optimization parameters:
      iTotal = 0.0016466         derivative = 5.55274e+021   


Measurement result summary: OPTIMIZE=opt2_6
   Vpeak           =   -1.5791m      
   avgiS           =   69.7749u      
   cargaTotal      =   27.9100f      

Optimization iteration 6
                   Residual = 0.000421271
              Gradient norm = 5.55274e+021
        Marquardt parameter = 1.5625e-005
       Function evaluations = 2
                  Converged = yes
         Gradient converged = no
            Input converged = yes
           Output converged = yes

Optimization results:
                   Residual = 0.000421271
              Gradient norm = 5.55274e+021
        Marquardt parameter = 1.5625e-005
       Function evaluations = 14
       Number of iterations = 6
         Gradient converged = no
            Input converged = yes
           Output converged = yes

Optimized parameter values:
   iTotal =  1.6466e-003

Measurement result summary: OPTIMIZE=opt2_6
   Vpeak           =  721.8694a      
   avgiS           =   69.7052u      
   cargaTotal      =   27.8821f      

Parsing                      0.01 seconds
.TRAN Sweep                  7.76 seconds
Overhead                     0.90 seconds
-----------------------------------------
Total                        8.66 seconds

Simulation completed	with  2 Warnings