T-Spice - Tanner SPICE
Version 16.01
Network license
Product Release ID: T-Spice Win64 16.01.20130407.21:15:40
Copyright © 1988-2013 Tanner EDA

	Parsing "D:\pesquisa\Projeto SEE\Algoritmos\Passo1\src\Bruno\Output\Passo1_nand3_001_OUTtoGND_FO1.sp"
	Including "D:\pesquisa\Projeto SEE\Algoritmos\Passo1\src\Bruno\Output\ptm_90nm.l"

Start of Passo1_nand3_001_OUTtoGND_FO1.sp
Loaded BSIM4v450 model library, Berkeley BSIM4 v4.5.0

	Opening simulation database "D:\pesquisa\Projeto SEE\Algoritmos\Passo1\src\Bruno\Output\Passo1_nand3_001_OUTtoGND_FO1.tsim"
Warning : "Passo1_nand3_001_OUTtoGND_FO1.sp" line 8 Power supply node VDD2 is singularly attached to V2, and will be terminated with a Gmin conductance

General options:
        threads = 1

 Device and node counts:
              MOSFETs -       8
    MOSFET geometries -       3
      Voltage sources -       4
      Current sources -       1
          Subcircuits -       2
    Model Definitions -       3
      Computed Models -       2
    Independent nodes -      36
       Boundary nodes -       5
          Total nodes -      41
*** 1 WARNING MESSAGE GENERATED DURING SETUP


Optimization model parameters:
  Level   = 1
  verbose = 1
  cendif  = 1e-009
  close   = 0.001
  cut     = 2
  difsiz  = 0.001
  grad    = 1e-006
  itropt  = 40
  max     = 600000
  parmin  = 0.1
  relin   = 0.001
  relout  = 0.001

Warning : Warning messages were issued, but were suppressed
        : during a sweep, optimization, or Monte Carlos analysis.
        : 	Use '.options maxmsg=0' to view all warnings.


Optimization parameters:
      iTotal = 2e-005            derivative = -6.17372e+024  

Optimization initialization: resid=1.17467e+012 grad=6.17372e+024 Marquardt=0.001

Optimization parameters:
      iTotal = 0.00092997        derivative = 4.42273e+023   


Measure information will be written to file "D:\pesquisa\Projeto SEE\Algoritmos\Passo1\src\Bruno\Output\Passo1_nand3_001_OUTtoGND_FO1\Passo1_nand3_001_OUTtoGND_FO1.measure"

Measurement result summary: OPTIMIZE=opt2_1
   Vpeak           = -622.7161m      
   avgiS           =   39.4088u      
   cargaTotal      =   15.7635f      

Optimization iteration 1
                   Residual = 6.22604e+011
              Gradient norm = 4.42273e+023
        Marquardt parameter = 0.0005
       Function evaluations = 4
                  Converged = no
         Gradient converged = no
            Input converged = no
           Output converged = no

Measurement result summary: OPTIMIZE=opt2_2
   Vpeak           =    1.1747       
   avgiS           =  846.6545n      
   cargaTotal      =  338.6618a      

Optimization iteration 2
                   Residual = 6.22604e+011
              Gradient norm = 4.42273e+023
        Marquardt parameter = 0.002
       Function evaluations = 1
                  Converged = no
         Gradient converged = no
            Input converged = no
           Output converged = no

Measurement result summary: OPTIMIZE=opt2_3
   Vpeak           =    1.1747       
   avgiS           =  846.6545n      
   cargaTotal      =  338.6618a      

Optimization iteration 3
                   Residual = 6.22604e+011
              Gradient norm = 4.42273e+023
        Marquardt parameter = 0.008
       Function evaluations = 1
                  Converged = no
         Gradient converged = no
            Input converged = no
           Output converged = no

Measurement result summary: OPTIMIZE=opt2_4
   Vpeak           =    1.1747       
   avgiS           =  846.6545n      
   cargaTotal      =  338.6618a      

Optimization iteration 4
                   Residual = 6.22604e+011
              Gradient norm = 4.42273e+023
        Marquardt parameter = 0.032
       Function evaluations = 1
                  Converged = no
         Gradient converged = no
            Input converged = no
           Output converged = no

Measurement result summary: OPTIMIZE=opt2_5
   Vpeak           =    1.1747       
   avgiS           =  846.6545n      
   cargaTotal      =  338.6618a      

Optimization iteration 5
                   Residual = 6.22604e+011
              Gradient norm = 4.42273e+023
        Marquardt parameter = 0.128
       Function evaluations = 1
                  Converged = no
         Gradient converged = no
            Input converged = no
           Output converged = no

Measurement result summary: OPTIMIZE=opt2_6
   Vpeak           =    1.1747       
   avgiS           =  846.6545n      
   cargaTotal      =  338.6618a      

Optimization iteration 6
                   Residual = 6.22604e+011
              Gradient norm = 4.42273e+023
        Marquardt parameter = 0.512
       Function evaluations = 1
                  Converged = no
         Gradient converged = no
            Input converged = no
           Output converged = no

Measurement result summary: OPTIMIZE=opt2_7
   Vpeak           =    1.1747       
   avgiS           =  846.6545n      
   cargaTotal      =  338.6618a      

Optimization iteration 7
                   Residual = 6.22604e+011
              Gradient norm = 4.42273e+023
        Marquardt parameter = 2.048
       Function evaluations = 1
                  Converged = no
         Gradient converged = no
            Input converged = no
           Output converged = no

Optimization parameters:
      iTotal = 0.00037331        derivative = -6.50075e+024  


Measurement result summary: OPTIMIZE=opt2_8
   Vpeak           =  485.3442m      
   avgiS           =   15.8190u      
   cargaTotal      =    6.3276f      

Optimization iteration 8
                   Residual = 4.86388e+011
              Gradient norm = 6.50075e+024
        Marquardt parameter = 1.024
       Function evaluations = 2
                  Converged = no
         Gradient converged = no
            Input converged = no
           Output converged = no

Optimization parameters:
      iTotal = 0.000415786       derivative = -5.35177e+024  


Measurement result summary: OPTIMIZE=opt2_9
   Vpeak           =  362.0176m      
   avgiS           =   17.6190u      
   cargaTotal      =    7.0476f      

Optimization iteration 9
                   Residual = 3.63277e+011
              Gradient norm = 5.35177e+024
        Marquardt parameter = 0.512
       Function evaluations = 2
                  Converged = no
         Gradient converged = no
            Input converged = no
           Output converged = no

Optimization parameters:
      iTotal = 0.000468241       derivative = -3.29329e+024  


Measurement result summary: OPTIMIZE=opt2_10
   Vpeak           =  193.0005m      
   avgiS           =   19.8418u      
   cargaTotal      =    7.9367f      

Optimization iteration 10
                   Residual = 1.94599e+011
              Gradient norm = 3.29329e+024
        Marquardt parameter = 0.256
       Function evaluations = 2
                  Converged = no
         Gradient converged = no
            Input converged = no
           Output converged = no

Optimization parameters:
      iTotal = 0.000504366       derivative = -1.21465e+024  


Measurement result summary: OPTIMIZE=opt2_11
   Vpeak           =   64.4108m      
   avgiS           =   21.3726u      
   cargaTotal      =    8.5490f      

Optimization iteration 11
                   Residual = 6.6268e+010
              Gradient norm = 1.21465e+024
        Marquardt parameter = 0.128
       Function evaluations = 2
                  Converged = no
         Gradient converged = no
            Input converged = no
           Output converged = no

Optimization parameters:
      iTotal = 0.000518511       derivative = -1.63099e+023  


Measurement result summary: OPTIMIZE=opt2_12
   Vpeak           =    6.6198m      
   avgiS           =   21.9719u      
   cargaTotal      =    8.7888f      

Optimization iteration 12
                   Residual = 8.78272e+009
              Gradient norm = 1.63099e+023
        Marquardt parameter = 0.064
       Function evaluations = 2
                  Converged = no
         Gradient converged = no
            Input converged = no
           Output converged = no

Optimization parameters:
      iTotal = 0.000520371       derivative = 1.46051e+021   


Measurement result summary: OPTIMIZE=opt2_13
   Vpeak           =   -1.1564m      
   avgiS           =   22.0507u      
   cargaTotal      =    8.8203f      

Optimization iteration 13
                   Residual = 1.01886e+009
              Gradient norm = 1.46051e+021
        Marquardt parameter = 0.032
       Function evaluations = 2
                  Converged = no
         Gradient converged = no
            Input converged = no
           Output converged = no

Measurement result summary: OPTIMIZE=opt2_14
   Vpeak           =   16.1138m      
   avgiS           =   21.8755u      
   cargaTotal      =    8.7502f      

Optimization iteration 14
                   Residual = 1.01886e+009
              Gradient norm = 1.46051e+021
        Marquardt parameter = 0.128
       Function evaluations = 1
                  Converged = no
         Gradient converged = no
            Input converged = no
           Output converged = no

Measurement result summary: OPTIMIZE=opt2_15
   Vpeak           =   13.6581m      
   avgiS           =   21.9005u      
   cargaTotal      =    8.7602f      

Optimization iteration 15
                   Residual = 1.01886e+009
              Gradient norm = 1.46051e+021
        Marquardt parameter = 0.512
       Function evaluations = 1
                  Converged = no
         Gradient converged = no
            Input converged = no
           Output converged = no

Measurement result summary: OPTIMIZE=opt2_16
   Vpeak           =    8.0588m      
   avgiS           =   21.9573u      
   cargaTotal      =    8.7829f      

Optimization iteration 16
                   Residual = 1.01886e+009
              Gradient norm = 1.46051e+021
        Marquardt parameter = 2.048
       Function evaluations = 1
                  Converged = no
         Gradient converged = no
            Input converged = no
           Output converged = no

Measurement result summary: OPTIMIZE=opt2_17
   Vpeak           =    2.7525m      
   avgiS           =   22.0111u      
   cargaTotal      =    8.8045f      

Optimization iteration 17
                   Residual = 1.01886e+009
              Gradient norm = 1.46051e+021
        Marquardt parameter = 8.192
       Function evaluations = 1
                  Converged = no
         Gradient converged = no
            Input converged = no
           Output converged = no

Measurement result summary: OPTIMIZE=opt2_18
   Vpeak           =    1.2095m      
   avgiS           =   22.0268u      
   cargaTotal      =    8.8107f      

Optimization iteration 18
                   Residual = 1.01886e+009
              Gradient norm = 1.46051e+021
        Marquardt parameter = 32.768
       Function evaluations = 1
                  Converged = no
         Gradient converged = no
            Input converged = no
           Output converged = no

Measurement result summary: OPTIMIZE=opt2_19
   Vpeak           =    1.0330m      
   avgiS           =   22.0286u      
   cargaTotal      =    8.8114f      

Optimization iteration 19
                   Residual = 1.01886e+009
              Gradient norm = 1.46051e+021
        Marquardt parameter = 131.072
       Function evaluations = 1
                  Converged = no
         Gradient converged = no
            Input converged = no
           Output converged = no

Measurement result summary: OPTIMIZE=opt2_20
   Vpeak           =    1.0198m      
   avgiS           =   22.0287u      
   cargaTotal      =    8.8115f      

Optimization iteration 20
                   Residual = 1.01886e+009
              Gradient norm = 1.46051e+021
        Marquardt parameter = 524.288
       Function evaluations = 1
                  Converged = no
         Gradient converged = no
            Input converged = no
           Output converged = no

Measurement result summary: OPTIMIZE=opt2_21
   Vpeak           =    1.0189m      
   avgiS           =   22.0287u      
   cargaTotal      =    8.8115f      

Optimization iteration 21
                   Residual = 1.01886e+009
              Gradient norm = 1.46051e+021
        Marquardt parameter = 2097.15
       Function evaluations = 1
                  Converged = no
         Gradient converged = no
            Input converged = no
           Output converged = no

Measurement result summary: OPTIMIZE=opt2_22
   Vpeak           =    1.0189m      
   avgiS           =   22.0287u      
   cargaTotal      =    8.8115f      

Optimization iteration 22
                   Residual = 1.01886e+009
              Gradient norm = 1.46051e+021
        Marquardt parameter = 8388.61
       Function evaluations = 1
                  Converged = no
         Gradient converged = no
            Input converged = no
           Output converged = no

Measurement result summary: OPTIMIZE=opt2_23
   Vpeak           =    1.0189m      
   avgiS           =   22.0287u      
   cargaTotal      =    8.8115f      

Optimization iteration 23
                   Residual = 1.01886e+009
              Gradient norm = 1.46051e+021
        Marquardt parameter = 33554.4
       Function evaluations = 1
                  Converged = no
         Gradient converged = no
            Input converged = no
           Output converged = no

Measurement result summary: OPTIMIZE=opt2_24
   Vpeak           =    1.0189m      
   avgiS           =   22.0287u      
   cargaTotal      =    8.8115f      

Optimization iteration 24
                   Residual = 1.01886e+009
              Gradient norm = 1.46051e+021
        Marquardt parameter = 134218
       Function evaluations = 1
                  Converged = no
         Gradient converged = no
            Input converged = no
           Output converged = no

Measurement result summary: OPTIMIZE=opt2_25
   Vpeak           =    1.0189m      
   avgiS           =   22.0287u      
   cargaTotal      =    8.8115f      

Optimization iteration 25
                   Residual = 1.01886e+009
              Gradient norm = 1.46051e+021
        Marquardt parameter = 536871
       Function evaluations = 1
                  Converged = no
         Gradient converged = no
            Input converged = no
           Output converged = no

Measurement result summary: OPTIMIZE=opt2_26
   Vpeak           =    1.0189m      
   avgiS           =   22.0287u      
   cargaTotal      =    8.8115f      

Optimization iteration 26
                   Residual = 1.01886e+009
              Gradient norm = 1.46051e+021
        Marquardt parameter = 2.14748e+006
       Function evaluations = 1
                  Converged = yes
         Gradient converged = no
            Input converged = no
           Output converged = no

Optimization results:
                   Residual = 1.01886e+009
              Gradient norm = 1.46051e+021
        Marquardt parameter = 2.14748e+006
       Function evaluations = 35
       Number of iterations = 26
         Gradient converged = no
            Input converged = no
           Output converged = no

*** Maximum Marquardt parameter (600000) exceeded and tolerances not met.

*** Optimization incomplete, but results may still be useful.

Optimized parameter values:
   iTotal =  5.2037e-004

Measurement result summary: OPTIMIZE=opt2_26
   Vpeak           =    1.0189m      
   avgiS           =   22.0287u      
   cargaTotal      =    8.8115f      

Parsing                      0.01 seconds
.TRAN Sweep                  5.07 seconds
Overhead                     0.69 seconds
-----------------------------------------
Total                        5.77 seconds

Simulation completed	with  2 Warnings