T-Spice - Tanner SPICE
Version 16.01
Network license
Product Release ID: T-Spice Win64 16.01.20130407.21:15:40
Copyright © 1988-2013 Tanner EDA

	Parsing "D:\pesquisa\Projeto SEE\Algoritmos\Passo1\src\Bruno\Output\Passo1_nand3_001_OUTtoGND_FO4.sp"
	Including "D:\pesquisa\Projeto SEE\Algoritmos\Passo1\src\Bruno\Output\ptm_90nm.l"

Start of Passo1_nand3_001_OUTtoGND_FO4.sp
Loaded BSIM4v450 model library, Berkeley BSIM4 v4.5.0

	Opening simulation database "D:\pesquisa\Projeto SEE\Algoritmos\Passo1\src\Bruno\Output\Passo1_nand3_001_OUTtoGND_FO4.tsim"
Warning : "Passo1_nand3_001_OUTtoGND_FO4.sp" line 8 Power supply node VDD2 is singularly attached to V2, and will be terminated with a Gmin conductance

General options:
        threads = 1

 Device and node counts:
              MOSFETs -      14
    MOSFET geometries -       3
      Voltage sources -       4
      Current sources -       1
          Subcircuits -       5
    Model Definitions -       3
      Computed Models -       2
    Independent nodes -      60
       Boundary nodes -       5
          Total nodes -      65
*** 1 WARNING MESSAGE GENERATED DURING SETUP


Optimization model parameters:
  Level   = 1
  verbose = 1
  cendif  = 1e-009
  close   = 0.001
  cut     = 2
  difsiz  = 0.001
  grad    = 1e-006
  itropt  = 40
  max     = 600000
  parmin  = 0.1
  relin   = 0.001
  relout  = 0.001

Warning : Warning messages were issued, but were suppressed
        : during a sweep, optimization, or Monte Carlos analysis.
        : 	Use '.options maxmsg=0' to view all warnings.


Optimization parameters:
      iTotal = 2e-005            derivative = -5.51679e+024  

Optimization initialization: resid=1.17728e+012 grad=5.51679e+024 Marquardt=0.001

Optimization parameters:
      iTotal = 0.00104287        derivative = 3.88441e+024   


Measure information will be written to file "D:\pesquisa\Projeto SEE\Algoritmos\Passo1\src\Bruno\Output\Passo1_nand3_001_OUTtoGND_FO4\Passo1_nand3_001_OUTtoGND_FO4.measure"

Measurement result summary: OPTIMIZE=opt2_1
   Vpeak           = -537.1314m      
   avgiS           =   44.1711u      
   cargaTotal      =   17.6685f      

Optimization iteration 1
                   Residual = 5.35899e+011
              Gradient norm = 3.88441e+024
        Marquardt parameter = 0.0005
       Function evaluations = 4
                  Converged = no
         Gradient converged = no
            Input converged = no
           Output converged = no

Optimization parameters:
      iTotal = 0.000589904       derivative = -2.98539e+024  


Measurement result summary: OPTIMIZE=opt2_2
   Vpeak           =  348.6910m      
   avgiS           =   24.9972u      
   cargaTotal      =    9.9989f      

Optimization iteration 2
                   Residual = 3.49657e+011
              Gradient norm = 2.98539e+024
        Marquardt parameter = 0.00025
       Function evaluations = 2
                  Converged = no
         Gradient converged = no
            Input converged = no
           Output converged = no

Optimization parameters:
      iTotal = 0.000803268       derivative = 1.25971e+024   


Measurement result summary: OPTIMIZE=opt2_3
   Vpeak           =  -94.6425m      
   avgiS           =   34.0385u      
   cargaTotal      =   13.6154f      

Optimization iteration 3
                   Residual = 9.27296e+010
              Gradient norm = 1.25971e+024
        Marquardt parameter = 0.000125
       Function evaluations = 2
                  Converged = no
         Gradient converged = no
            Input converged = no
           Output converged = no

Optimization parameters:
      iTotal = 0.000764337       derivative = 2.87463e+022   


Measurement result summary: OPTIMIZE=opt2_4
   Vpeak           =   -3.1178m      
   avgiS           =   32.3888u      
   cargaTotal      =   12.9555f      

Optimization iteration 4
                   Residual = 1.35266e+009
              Gradient norm = 2.87463e+022
        Marquardt parameter = 6.25e-005
       Function evaluations = 2
                  Converged = no
         Gradient converged = no
            Input converged = no
           Output converged = no

Optimization parameters:
      iTotal = 0.000763751       derivative = 1.13401e+022   


Measurement result summary: OPTIMIZE=opt2_5
   Vpeak           =   -1.7639m      
   avgiS           =   32.3640u      
   cargaTotal      =   12.9456f      

Optimization iteration 5
                   Residual = 1.04784e+006
              Gradient norm = 1.13401e+022
        Marquardt parameter = 3.125e-005
       Function evaluations = 2
                  Converged = no
         Gradient converged = no
            Input converged = yes
           Output converged = no

Optimization parameters:
      iTotal = 0.000763751       derivative = 1.13266e+022   


Measurement result summary: OPTIMIZE=opt2_6
   Vpeak           =   -1.7628m      
   avgiS           =   32.3640u      
   cargaTotal      =   12.9456f      

Optimization iteration 6
                   Residual = 452.327
              Gradient norm = 1.13266e+022
        Marquardt parameter = 1.5625e-005
       Function evaluations = 2
                  Converged = no
         Gradient converged = no
            Input converged = yes
           Output converged = no

Optimization parameters:
      iTotal = 0.000763751       derivative = 1.13266e+022   


Measurement result summary: OPTIMIZE=opt2_7
   Vpeak           =   -1.7628m      
   avgiS           =   32.3640u      
   cargaTotal      =   12.9456f      

Optimization iteration 7
                   Residual = 0.183465
              Gradient norm = 1.13266e+022
        Marquardt parameter = 7.8125e-006
       Function evaluations = 2
                  Converged = no
         Gradient converged = no
            Input converged = yes
           Output converged = no

Optimization parameters:
      iTotal = 0.000763751       derivative = 1.13266e+022   


Measurement result summary: OPTIMIZE=opt2_8
   Vpeak           =   -1.7628m      
   avgiS           =   32.3640u      
   cargaTotal      =   12.9456f      

Optimization iteration 8
                   Residual = 0.000251237
              Gradient norm = 1.13266e+022
        Marquardt parameter = 3.90625e-006
       Function evaluations = 2
                  Converged = yes
         Gradient converged = no
            Input converged = yes
           Output converged = yes

Optimization results:
                   Residual = 0.000251237
              Gradient norm = 1.13266e+022
        Marquardt parameter = 3.90625e-006
       Function evaluations = 18
       Number of iterations = 8
         Gradient converged = no
            Input converged = yes
           Output converged = yes

Optimized parameter values:
   iTotal =  7.6375e-004

Measurement result summary: OPTIMIZE=opt2_8
   Vpeak           =  299.6193a      
   avgiS           =   32.3317u      
   cargaTotal      =   12.9327f      

Parsing                      0.01 seconds
.TRAN Sweep                  4.75 seconds
Overhead                     0.89 seconds
-----------------------------------------
Total                        5.65 seconds

Simulation completed	with  2 Warnings