T-Spice - Tanner SPICE
Version 16.01
Network license
Product Release ID: T-Spice Win64 16.01.20130407.21:15:40
Copyright © 1988-2013 Tanner EDA

	Parsing "D:\pesquisa\Projeto SEE\Algoritmos\Passo1\src\Bruno\Output\Passo1_nand2_00_OUTtoGND_FO15.sp"
	Including "D:\pesquisa\Projeto SEE\Algoritmos\Passo1\src\Bruno\Output\ptm_90nm.l"

Start of Passo1_nand2_00_OUTtoGND_FO15.sp
Loaded BSIM4v450 model library, Berkeley BSIM4 v4.5.0

	Opening simulation database "D:\pesquisa\Projeto SEE\Algoritmos\Passo1\src\Bruno\Output\Passo1_nand2_00_OUTtoGND_FO15.tsim"
Warning : "Passo1_nand2_00_OUTtoGND_FO15.sp" line 8 Power supply node VDD2 is singularly attached to V2, and will be terminated with a Gmin conductance
Warning : "Passo1_nand2_00_OUTtoGND_FO15.sp" line 9 Power supply node high is singularly attached to vinA, and will be terminated with a Gmin conductance

General options:
        threads = 1

 Device and node counts:
              MOSFETs -      34
    MOSFET geometries -       3
      Voltage sources -       4
      Current sources -       1
          Subcircuits -      16
    Model Definitions -       3
      Computed Models -       2
    Independent nodes -     139
       Boundary nodes -       5
          Total nodes -     144
*** 2 WARNING MESSAGES GENERATED DURING SETUP


Optimization model parameters:
  Level   = 1
  verbose = 1
  cendif  = 1e-009
  close   = 0.001
  cut     = 2
  difsiz  = 0.001
  grad    = 1e-006
  itropt  = 40
  max     = 600000
  parmin  = 0.1
  relin   = 0.001
  relout  = 0.001

Warning : Warning messages were issued, but were suppressed
        : during a sweep, optimization, or Monte Carlos analysis.
        : 	Use '.options maxmsg=0' to view all warnings.


Optimization parameters:
      iTotal = 2e-005            derivative = -3.74377e+024  

Optimization initialization: resid=1.18449e+012 grad=3.74377e+024 Marquardt=0.001

Optimization parameters:
      iTotal = 0.00154588        derivative = -4.5363e+023   


Measure information will be written to file "D:\pesquisa\Projeto SEE\Algoritmos\Passo1\src\Bruno\Output\Passo1_nand2_00_OUTtoGND_FO15\Passo1_nand2_00_OUTtoGND_FO15.measure"

Measurement result summary: OPTIMIZE=opt2_1
   Vpeak           =   65.1890m      
   avgiS           =   65.5066u      
   cargaTotal      =   26.2027f      

Optimization iteration 1
                   Residual = 6.66803e+010
              Gradient norm = 4.5363e+023
        Marquardt parameter = 0.0005
       Function evaluations = 4
                  Converged = no
         Gradient converged = no
            Input converged = no
           Output converged = no

Optimization parameters:
      iTotal = 0.00161493        derivative = 1.14484e+022   


Measurement result summary: OPTIMIZE=opt2_2
   Vpeak           =   -2.3907m      
   avgiS           =   68.4327u      
   cargaTotal      =   27.3731f      

Optimization iteration 2
                   Residual = 7.93285e+008
              Gradient norm = 1.14484e+022
        Marquardt parameter = 0.00025
       Function evaluations = 2
                  Converged = no
         Gradient converged = no
            Input converged = no
           Output converged = no

Optimization parameters:
      iTotal = 0.00161413        derivative = 5.74178e+021   


Measurement result summary: OPTIMIZE=opt2_3
   Vpeak           =   -1.5970m      
   avgiS           =   68.3987u      
   cargaTotal      =   27.3595f      

Optimization iteration 3
                   Residual = 701642
              Gradient norm = 5.74178e+021
        Marquardt parameter = 0.000125
       Function evaluations = 2
                  Converged = no
         Gradient converged = no
            Input converged = yes
           Output converged = no

Optimization parameters:
      iTotal = 0.00161413        derivative = 5.73673e+021   


Measurement result summary: OPTIMIZE=opt2_4
   Vpeak           =   -1.5963m      
   avgiS           =   68.3987u      
   cargaTotal      =   27.3595f      

Optimization iteration 4
                   Residual = 356.143
              Gradient norm = 5.73673e+021
        Marquardt parameter = 6.25e-005
       Function evaluations = 2
                  Converged = no
         Gradient converged = no
            Input converged = yes
           Output converged = no

Optimization parameters:
      iTotal = 0.00161413        derivative = 5.73673e+021   


Measurement result summary: OPTIMIZE=opt2_5
   Vpeak           =   -1.5963m      
   avgiS           =   68.3987u      
   cargaTotal      =   27.3595f      

Optimization iteration 5
                   Residual = 0.136021
              Gradient norm = 5.73673e+021
        Marquardt parameter = 3.125e-005
       Function evaluations = 2
                  Converged = no
         Gradient converged = no
            Input converged = yes
           Output converged = no

Optimization parameters:
      iTotal = 0.00161413        derivative = 5.73673e+021   


Measurement result summary: OPTIMIZE=opt2_6
   Vpeak           =   -1.5963m      
   avgiS           =   68.3987u      
   cargaTotal      =   27.3595f      

Optimization iteration 6
                   Residual = 0.000175509
              Gradient norm = 5.73673e+021
        Marquardt parameter = 1.5625e-005
       Function evaluations = 2
                  Converged = yes
         Gradient converged = no
            Input converged = yes
           Output converged = yes

Optimization results:
                   Residual = 0.000175509
              Gradient norm = 5.73673e+021
        Marquardt parameter = 1.5625e-005
       Function evaluations = 14
       Number of iterations = 6
         Gradient converged = no
            Input converged = yes
           Output converged = yes

Optimized parameter values:
   iTotal =  1.6141e-003

Measurement result summary: OPTIMIZE=opt2_6
   Vpeak           = -249.5927a      
   avgiS           =   68.3303u      
   cargaTotal      =   27.3321f      

Parsing                      0.01 seconds
.TRAN Sweep                  7.68 seconds
Overhead                     0.89 seconds
-----------------------------------------
Total                        8.58 seconds

Simulation completed	with  3 Warnings