T-Spice - Tanner SPICE
Version 16.01
Network license
Product Release ID: T-Spice Win64 16.01.20130407.21:15:40
Copyright © 1988-2013 Tanner EDA

	Parsing "D:\pesquisa\Projeto SEE\Algoritmos\Passo1\src\Bruno\Output\Passo1_nand2_00_OUTtoGND_FO8.sp"
	Including "D:\pesquisa\Projeto SEE\Algoritmos\Passo1\src\Bruno\Output\ptm_90nm.l"

Start of Passo1_nand2_00_OUTtoGND_FO8.sp
Loaded BSIM4v450 model library, Berkeley BSIM4 v4.5.0

	Opening simulation database "D:\pesquisa\Projeto SEE\Algoritmos\Passo1\src\Bruno\Output\Passo1_nand2_00_OUTtoGND_FO8.tsim"
Warning : "Passo1_nand2_00_OUTtoGND_FO8.sp" line 8 Power supply node VDD2 is singularly attached to V2, and will be terminated with a Gmin conductance
Warning : "Passo1_nand2_00_OUTtoGND_FO8.sp" line 9 Power supply node high is singularly attached to vinA, and will be terminated with a Gmin conductance

General options:
        threads = 1

 Device and node counts:
              MOSFETs -      20
    MOSFET geometries -       3
      Voltage sources -       4
      Current sources -       1
          Subcircuits -       9
    Model Definitions -       3
      Computed Models -       2
    Independent nodes -      83
       Boundary nodes -       5
          Total nodes -      88
*** 2 WARNING MESSAGES GENERATED DURING SETUP


Optimization model parameters:
  Level   = 1
  verbose = 1
  cendif  = 1e-009
  close   = 0.001
  cut     = 2
  difsiz  = 0.001
  grad    = 1e-006
  itropt  = 40
  max     = 600000
  parmin  = 0.1
  relin   = 0.001
  relout  = 0.001

Warning : Warning messages were issued, but were suppressed
        : during a sweep, optimization, or Monte Carlos analysis.
        : 	Use '.options maxmsg=0' to view all warnings.


Optimization parameters:
      iTotal = 2e-005            derivative = -4.77654e+024  

Optimization initialization: resid=1.18024e+012 grad=4.77654e+024 Marquardt=0.001

Optimization parameters:
      iTotal = 0.00120737        derivative = 2.74969e+024   


Measure information will be written to file "D:\pesquisa\Projeto SEE\Algoritmos\Passo1\src\Bruno\Output\Passo1_nand2_00_OUTtoGND_FO8\Passo1_nand2_00_OUTtoGND_FO8.measure"

Measurement result summary: OPTIMIZE=opt2_1
   Vpeak           = -252.9794m      
   avgiS           =   51.1622u      
   cargaTotal      =   20.4649f      

Optimization iteration 1
                   Residual = 2.50938e+011
              Gradient norm = 2.74969e+024
        Marquardt parameter = 0.0005
       Function evaluations = 4
                  Converged = no
         Gradient converged = no
            Input converged = no
           Output converged = no

Optimization parameters:
      iTotal = 0.00105909        derivative = 9.13679e+021   


Measurement result summary: OPTIMIZE=opt2_2
   Vpeak           =   -1.7815m      
   avgiS           =   44.8792u      
   cargaTotal      =   17.9517f      

Optimization iteration 2
                   Residual = 1.76377e+008
              Gradient norm = 9.13679e+021
        Marquardt parameter = 0.00025
       Function evaluations = 2
                  Converged = no
         Gradient converged = no
            Input converged = no
           Output converged = no

Optimization parameters:
      iTotal = 0.00105898        derivative = 7.48974e+021   


Measurement result summary: OPTIMIZE=opt2_3
   Vpeak           =   -1.6050m      
   avgiS           =   44.8743u      
   cargaTotal      =   17.9497f      

Optimization iteration 3
                   Residual = 168135
              Gradient norm = 7.48974e+021
        Marquardt parameter = 0.000125
       Function evaluations = 2
                  Converged = no
         Gradient converged = no
            Input converged = yes
           Output converged = no

Optimization parameters:
      iTotal = 0.00105898        derivative = 7.48817e+021   


Measurement result summary: OPTIMIZE=opt2_4
   Vpeak           =   -1.6048m      
   avgiS           =   44.8743u      
   cargaTotal      =   17.9497f      

Optimization iteration 4
                   Residual = 110.772
              Gradient norm = 7.48817e+021
        Marquardt parameter = 6.25e-005
       Function evaluations = 2
                  Converged = no
         Gradient converged = no
            Input converged = yes
           Output converged = no

Optimization parameters:
      iTotal = 0.00105898        derivative = 7.48817e+021   


Measurement result summary: OPTIMIZE=opt2_5
   Vpeak           =   -1.6048m      
   avgiS           =   44.8743u      
   cargaTotal      =   17.9497f      

Optimization iteration 5
                   Residual = 0.0575544
              Gradient norm = 7.48817e+021
        Marquardt parameter = 3.125e-005
       Function evaluations = 2
                  Converged = no
         Gradient converged = no
            Input converged = yes
           Output converged = no

Optimization parameters:
      iTotal = 0.00105898        derivative = 7.48817e+021   


Measurement result summary: OPTIMIZE=opt2_6
   Vpeak           =   -1.6048m      
   avgiS           =   44.8743u      
   cargaTotal      =   17.9497f      

Optimization iteration 6
                   Residual = 0.000762004
              Gradient norm = 7.48817e+021
        Marquardt parameter = 1.5625e-005
       Function evaluations = 2
                  Converged = yes
         Gradient converged = no
            Input converged = yes
           Output converged = yes

Optimization results:
                   Residual = 0.000762004
              Gradient norm = 7.48817e+021
        Marquardt parameter = 1.5625e-005
       Function evaluations = 14
       Number of iterations = 6
         Gradient converged = no
            Input converged = yes
           Output converged = yes

Optimized parameter values:
   iTotal =  1.0590e-003

Measurement result summary: OPTIMIZE=opt2_6
   Vpeak           = -419.4507a      
   avgiS           =   44.8295u      
   cargaTotal      =   17.9318f      

Parsing                      0.01 seconds
.TRAN Sweep                  4.91 seconds
Overhead                     0.90 seconds
-----------------------------------------
Total                        5.82 seconds

Simulation completed	with  3 Warnings