T-Spice - Tanner SPICE
Version 16.01
Network license
Product Release ID: T-Spice Win64 16.01.20130407.21:15:40
Copyright © 1988-2013 Tanner EDA

	Parsing "D:\pesquisa\Projeto SEE\Algoritmos\Passo1\src\bruno\Output\nand2\00\Passo1_nand2_00_OUTtoGND_FO4.sp"
	Including "D:\pesquisa\Projeto SEE\Algoritmos\Passo1\src\bruno\Output\nand2\00\ptm_90nm.l"

Start of Passo1_nand2_00_OUTtoGND_FO4.sp
Loaded BSIM4v450 model library, Berkeley BSIM4 v4.5.0

	Opening simulation database "D:\pesquisa\Projeto SEE\Algoritmos\Passo1\src\bruno\Output\nand2\00\Passo1_nand2_00_OUTtoGND_FO4.tsim"
Warning : "Passo1_nand2_00_OUTtoGND_FO4.sp" line 8 Power supply node VDD2 is singularly attached to V2, and will be terminated with a Gmin conductance
Warning : "Passo1_nand2_00_OUTtoGND_FO4.sp" line 9 Power supply node high is singularly attached to vinA, and will be terminated with a Gmin conductance

General options:
        threads = 1

 Device and node counts:
              MOSFETs -      12
    MOSFET geometries -       3
      Voltage sources -       4
      Current sources -       1
          Subcircuits -       5
    Model Definitions -       3
      Computed Models -       2
    Independent nodes -      51
       Boundary nodes -       5
          Total nodes -      56
*** 2 WARNING MESSAGES GENERATED DURING SETUP


Optimization model parameters:
  Level   = 1
  verbose = 1
  cendif  = 1e-009
  close   = 0.001
  cut     = 2
  difsiz  = 0.001
  grad    = 1e-006
  itropt  = 40
  max     = 600000
  parmin  = 0.1
  relin   = 0.001
  relout  = 0.001

Warning : Warning messages were issued, but were suppressed
        : during a sweep, optimization, or Monte Carlos analysis.
        : 	Use '.options maxmsg=0' to view all warnings.


Optimization parameters:
      iTotal = 2e-005            derivative = -5.65681e+024  

Optimization initialization: resid=1.17667e+012 grad=5.65681e+024 Marquardt=0.001

Optimization parameters:
      iTotal = 0.00101652        derivative = 5.27102e+024   


Measure information will be written to file "D:\pesquisa\Projeto SEE\Algoritmos\Passo1\src\bruno\Output\nand2\00\Passo1_nand2_00_OUTtoGND_FO4\Passo1_nand2_00_OUTtoGND_FO4.measure"

Measurement result summary: OPTIMIZE=opt2_1
   Vpeak           = -559.7793m      
   avgiS           =   35.8681u      
   cargaTotal      =   14.3472f      

Optimization iteration 1
                   Residual = 5.58201e+011
              Gradient norm = 5.27102e+024
        Marquardt parameter = 0.0005
       Function evaluations = 4
                  Converged = no
         Gradient converged = no
            Input converged = no
           Output converged = no

Optimization parameters:
      iTotal = 0.000657372       derivative = -1.98896e+024  


Measurement result summary: OPTIMIZE=opt2_2
   Vpeak           =  198.6710m      
   avgiS           =   23.1955u      
   cargaTotal      =    9.2782f      

Optimization iteration 2
                   Residual = 1.99896e+011
              Gradient norm = 1.98896e+024
        Marquardt parameter = 0.00025
       Function evaluations = 2
                  Converged = no
         Gradient converged = no
            Input converged = no
           Output converged = no

Optimization parameters:
      iTotal = 0.000764567       derivative = 2.61771e+023   


Measurement result summary: OPTIMIZE=opt2_3
   Vpeak           =  -22.0466m      
   avgiS           =   26.9779u      
   cargaTotal      =   10.7912f      

Optimization iteration 3
                   Residual = 2.03513e+010
              Gradient norm = 2.61771e+023
        Marquardt parameter = 0.000125
       Function evaluations = 2
                  Converged = no
         Gradient converged = no
            Input converged = no
           Output converged = no

Optimization parameters:
      iTotal = 0.00075539        derivative = 1.14779e+022   


Measurement result summary: OPTIMIZE=opt2_4
   Vpeak           =   -1.7711m      
   avgiS           =   26.6541u      
   cargaTotal      =   10.6617f      

Optimization iteration 4
                   Residual = 1.12662e+008
              Gradient norm = 1.14779e+022
        Marquardt parameter = 6.25e-005
       Function evaluations = 2
                  Converged = no
         Gradient converged = no
            Input converged = no
           Output converged = no

Optimization parameters:
      iTotal = 0.000755339       derivative = 1.01037e+022   


Measurement result summary: OPTIMIZE=opt2_5
   Vpeak           =   -1.6583m      
   avgiS           =   26.6523u      
   cargaTotal      =   10.6609f      

Optimization iteration 5
                   Residual = 64821.4
              Gradient norm = 1.01037e+022
        Marquardt parameter = 3.125e-005
       Function evaluations = 2
                  Converged = no
         Gradient converged = no
            Input converged = yes
           Output converged = no

Optimization parameters:
      iTotal = 0.000755339       derivative = 1.01029e+022   


Measurement result summary: OPTIMIZE=opt2_6
   Vpeak           =   -1.6582m      
   avgiS           =   26.6523u      
   cargaTotal      =   10.6609f      

Optimization iteration 6
                   Residual = 31.3903
              Gradient norm = 1.01029e+022
        Marquardt parameter = 1.5625e-005
       Function evaluations = 2
                  Converged = no
         Gradient converged = no
            Input converged = yes
           Output converged = no

Optimization parameters:
      iTotal = 0.000755339       derivative = 1.01029e+022   


Measurement result summary: OPTIMIZE=opt2_7
   Vpeak           =   -1.6582m      
   avgiS           =   26.6523u      
   cargaTotal      =   10.6609f      

Optimization iteration 7
                   Residual = 0.0276384
              Gradient norm = 1.01029e+022
        Marquardt parameter = 7.8125e-006
       Function evaluations = 2
                  Converged = no
         Gradient converged = no
            Input converged = yes
           Output converged = no

Optimization parameters:
      iTotal = 0.000755339       derivative = 1.01029e+022   


Measurement result summary: OPTIMIZE=opt2_8
   Vpeak           =   -1.6582m      
   avgiS           =   26.6523u      
   cargaTotal      =   10.6609f      

Optimization iteration 8
                   Residual = 0.0130757
              Gradient norm = 1.01029e+022
        Marquardt parameter = 3.90625e-006
       Function evaluations = 2
                  Converged = no
         Gradient converged = no
            Input converged = yes
           Output converged = no

Measurement result summary: OPTIMIZE=opt2_9
   Vpeak           =   25.7973f      
   avgiS           =   26.6257u      
   cargaTotal      =   10.6503f      

Optimization iteration 9
                   Residual = 0.0130757
              Gradient norm = 1.01029e+022
        Marquardt parameter = 1.5625e-005
       Function evaluations = 1
                  Converged = no
         Gradient converged = no
            Input converged = yes
           Output converged = no

Measurement result summary: OPTIMIZE=opt2_10
   Vpeak           =   25.8356f      
   avgiS           =   26.6257u      
   cargaTotal      =   10.6503f      

Optimization iteration 10
                   Residual = 0.0130757
              Gradient norm = 1.01029e+022
        Marquardt parameter = 6.25e-005
       Function evaluations = 1
                  Converged = no
         Gradient converged = no
            Input converged = yes
           Output converged = no

Measurement result summary: OPTIMIZE=opt2_11
   Vpeak           =   25.7667f      
   avgiS           =   26.6257u      
   cargaTotal      =   10.6503f      

Optimization iteration 11
                   Residual = 0.0130757
              Gradient norm = 1.01029e+022
        Marquardt parameter = 0.00025
       Function evaluations = 1
                  Converged = no
         Gradient converged = no
            Input converged = yes
           Output converged = no

Measurement result summary: OPTIMIZE=opt2_12
   Vpeak           =   25.9190f      
   avgiS           =   26.6257u      
   cargaTotal      =   10.6503f      

Optimization iteration 12
                   Residual = 0.0130757
              Gradient norm = 1.01029e+022
        Marquardt parameter = 0.001
       Function evaluations = 1
                  Converged = no
         Gradient converged = no
            Input converged = yes
           Output converged = no

Measurement result summary: OPTIMIZE=opt2_13
   Vpeak           =   26.0949f      
   avgiS           =   26.6257u      
   cargaTotal      =   10.6503f      

Optimization iteration 13
                   Residual = 0.0130757
              Gradient norm = 1.01029e+022
        Marquardt parameter = 0.004
       Function evaluations = 1
                  Converged = no
         Gradient converged = no
            Input converged = yes
           Output converged = no

Measurement result summary: OPTIMIZE=opt2_14
   Vpeak           =   26.0893f      
   avgiS           =   26.6257u      
   cargaTotal      =   10.6503f      

Optimization iteration 14
                   Residual = 0.0130757
              Gradient norm = 1.01029e+022
        Marquardt parameter = 0.016
       Function evaluations = 1
                  Converged = no
         Gradient converged = no
            Input converged = yes
           Output converged = no

Measurement result summary: OPTIMIZE=opt2_15
   Vpeak           =   25.6044f      
   avgiS           =   26.6257u      
   cargaTotal      =   10.6503f      

Optimization iteration 15
                   Residual = 0.0130757
              Gradient norm = 1.01029e+022
        Marquardt parameter = 0.064
       Function evaluations = 1
                  Converged = no
         Gradient converged = no
            Input converged = yes
           Output converged = no

Measurement result summary: OPTIMIZE=opt2_16
   Vpeak           =   24.7430f      
   avgiS           =   26.6257u      
   cargaTotal      =   10.6503f      

Optimization iteration 16
                   Residual = 0.0130757
              Gradient norm = 1.01029e+022
        Marquardt parameter = 0.256
       Function evaluations = 1
                  Converged = no
         Gradient converged = no
            Input converged = yes
           Output converged = no

Measurement result summary: OPTIMIZE=opt2_17
   Vpeak           =   21.6294f      
   avgiS           =   26.6257u      
   cargaTotal      =   10.6503f      

Optimization iteration 17
                   Residual = 0.0130757
              Gradient norm = 1.01029e+022
        Marquardt parameter = 1.024
       Function evaluations = 1
                  Converged = no
         Gradient converged = no
            Input converged = yes
           Output converged = no

Measurement result summary: OPTIMIZE=opt2_18
   Vpeak           =   16.0969f      
   avgiS           =   26.6257u      
   cargaTotal      =   10.6503f      

Optimization iteration 18
                   Residual = 0.0130757
              Gradient norm = 1.01029e+022
        Marquardt parameter = 4.096
       Function evaluations = 1
                  Converged = no
         Gradient converged = no
            Input converged = yes
           Output converged = no

Optimization parameters:
      iTotal = 0.000755339       derivative = 1.01029e+022   


Measurement result summary: OPTIMIZE=opt2_19
   Vpeak           =   -1.6582m      
   avgiS           =   26.6523u      
   cargaTotal      =   10.6609f      

Optimization iteration 19
                   Residual = 0.0128762
              Gradient norm = 1.01029e+022
        Marquardt parameter = 2.048
       Function evaluations = 2
                  Converged = no
         Gradient converged = no
            Input converged = yes
           Output converged = no

Measurement result summary: OPTIMIZE=opt2_20
   Vpeak           =   14.3664f      
   avgiS           =   26.6257u      
   cargaTotal      =   10.6503f      

Optimization iteration 20
                   Residual = 0.0128762
              Gradient norm = 1.01029e+022
        Marquardt parameter = 8.192
       Function evaluations = 1
                  Converged = no
         Gradient converged = no
            Input converged = yes
           Output converged = no

Measurement result summary: OPTIMIZE=opt2_21
   Vpeak           =   13.8498f      
   avgiS           =   26.6257u      
   cargaTotal      =   10.6503f      

Optimization iteration 21
                   Residual = 0.0128762
              Gradient norm = 1.01029e+022
        Marquardt parameter = 32.768
       Function evaluations = 1
                  Converged = no
         Gradient converged = no
            Input converged = yes
           Output converged = no

Measurement result summary: OPTIMIZE=opt2_22
   Vpeak           =   12.9112f      
   avgiS           =   26.6257u      
   cargaTotal      =   10.6503f      

Optimization iteration 22
                   Residual = 0.0128762
              Gradient norm = 1.01029e+022
        Marquardt parameter = 131.072
       Function evaluations = 1
                  Converged = no
         Gradient converged = no
            Input converged = yes
           Output converged = no

Measurement result summary: OPTIMIZE=opt2_23
   Vpeak           =   13.1387f      
   avgiS           =   26.6257u      
   cargaTotal      =   10.6503f      

Optimization iteration 23
                   Residual = 0.0128762
              Gradient norm = 1.01029e+022
        Marquardt parameter = 524.288
       Function evaluations = 1
                  Converged = no
         Gradient converged = no
            Input converged = yes
           Output converged = no

Measurement result summary: OPTIMIZE=opt2_24
   Vpeak           =   13.2098f      
   avgiS           =   26.6257u      
   cargaTotal      =   10.6503f      

Optimization iteration 24
                   Residual = 0.0128762
              Gradient norm = 1.01029e+022
        Marquardt parameter = 2097.15
       Function evaluations = 1
                  Converged = no
         Gradient converged = no
            Input converged = yes
           Output converged = no

Measurement result summary: OPTIMIZE=opt2_25
   Vpeak           =   12.9339f      
   avgiS           =   26.6257u      
   cargaTotal      =   10.6503f      

Optimization iteration 25
                   Residual = 0.0128762
              Gradient norm = 1.01029e+022
        Marquardt parameter = 8388.61
       Function evaluations = 1
                  Converged = no
         Gradient converged = no
            Input converged = yes
           Output converged = no

Measurement result summary: OPTIMIZE=opt2_26
   Vpeak           =   12.9294f      
   avgiS           =   26.6257u      
   cargaTotal      =   10.6503f      

Optimization iteration 26
                   Residual = 0.0128762
              Gradient norm = 1.01029e+022
        Marquardt parameter = 33554.4
       Function evaluations = 1
                  Converged = no
         Gradient converged = no
            Input converged = yes
           Output converged = no

Optimization parameters:
      iTotal = 0.000755339       derivative = 1.01029e+022   


Measurement result summary: OPTIMIZE=opt2_27
   Vpeak           =   -1.6582m      
   avgiS           =   26.6523u      
   cargaTotal      =   10.6609f      

Optimization iteration 27
                   Residual = 0.0127831
              Gradient norm = 1.01029e+022
        Marquardt parameter = 16777.2
       Function evaluations = 2
                  Converged = no
         Gradient converged = no
            Input converged = yes
           Output converged = no

Measurement result summary: OPTIMIZE=opt2_28
   Vpeak           =   13.1482f      
   avgiS           =   26.6257u      
   cargaTotal      =   10.6503f      

Optimization iteration 28
                   Residual = 0.0127831
              Gradient norm = 1.01029e+022
        Marquardt parameter = 67108.9
       Function evaluations = 1
                  Converged = no
         Gradient converged = no
            Input converged = yes
           Output converged = no

Measurement result summary: OPTIMIZE=opt2_29
   Vpeak           =   12.9324f      
   avgiS           =   26.6257u      
   cargaTotal      =   10.6503f      

Optimization iteration 29
                   Residual = 0.0127831
              Gradient norm = 1.01029e+022
        Marquardt parameter = 268435
       Function evaluations = 1
                  Converged = no
         Gradient converged = no
            Input converged = yes
           Output converged = no

Measurement result summary: OPTIMIZE=opt2_30
   Vpeak           =   12.9647f      
   avgiS           =   26.6257u      
   cargaTotal      =   10.6503f      

Optimization iteration 30
                   Residual = 0.0127831
              Gradient norm = 1.01029e+022
        Marquardt parameter = 1.07374e+006
       Function evaluations = 1
                  Converged = yes
         Gradient converged = no
            Input converged = yes
           Output converged = no

Optimization results:
                   Residual = 0.0127831
              Gradient norm = 1.01029e+022
        Marquardt parameter = 1.07374e+006
       Function evaluations = 42
       Number of iterations = 30
         Gradient converged = no
            Input converged = yes
           Output converged = no

Optimized parameter values:
   iTotal =  7.5534e-004

Measurement result summary: OPTIMIZE=opt2_30
   Vpeak           =   12.8670f      
   avgiS           =   26.6257u      
   cargaTotal      =   10.6503f      

Parsing                      0.01 seconds
.TRAN Sweep                  7.44 seconds
Overhead                     0.47 seconds
-----------------------------------------
Total                        7.92 seconds

Simulation completed	with  3 Warnings