T-Spice - Tanner SPICE
Version 16.01
Network license
Product Release ID: T-Spice Win64 16.01.20130407.21:15:40
Copyright © 1988-2013 Tanner EDA

	Parsing "D:\pesquisa\Projeto SEE\Algoritmos\Passo1\src\bruno\Output\Passo2_AOI21_110_VDDtoPU_N1_FO15.sp"
	Including "D:\pesquisa\Projeto SEE\Algoritmos\Passo1\src\bruno\Output\ptm_90nm.l"

Start of Passo2_AOI21_110_VDDtoPU_N1_FO15.sp
Loaded BSIM4v450 model library, Berkeley BSIM4 v4.5.0

	Opening simulation database "D:\pesquisa\Projeto SEE\Algoritmos\Passo1\src\bruno\Output\Passo2_AOI21_110_VDDtoPU_N1_FO15.tsim"
Warning : "Passo2_AOI21_110_VDDtoPU_N1_FO15.sp" line 10 Power supply node VDD2 is singularly attached to V2, and will be terminated with a Gmin conductance

General options:
        threads = 1

 Device and node counts:
              MOSFETs -      36
    MOSFET geometries -       4
      Voltage sources -       4
      Current sources -       2
          Subcircuits -      16
    Model Definitions -       3
      Computed Models -       2
    Independent nodes -     148
       Boundary nodes -       5
          Total nodes -     153
*** 1 WARNING MESSAGE GENERATED DURING SETUP


Optimization model parameters:
  Level   = 1
  verbose = 1
  cendif  = 1e-009
  close   = 0.001
  cut     = 2
  difsiz  = 0.001
  grad    = 1e-006
  itropt  = 40
  max     = 600000
  parmin  = 0.1
  relin   = 0.001
  relout  = 0.001

Warning : Warning messages were issued, but were suppressed
        : during a sweep, optimization, or Monte Carlos analysis.
        : 	Use '.options maxmsg=0' to view all warnings.


Optimization parameters:
       iHold = 2e-005            derivative = -7.44244       

Optimization initialization: resid=0.543345 grad=7.44244 Marquardt=0.001

Optimization parameters:
       iHold = 0.000181422       derivative = -1.48594       


Measure information will be written to file "D:\pesquisa\Projeto SEE\Algoritmos\Passo1\src\bruno\Output\Passo2_AOI21_110_VDDtoPU_N1_FO15\Passo2_AOI21_110_VDDtoPU_N1_FO15.measure"

Measurement result summary: OPTIMIZE=opt2_1
   setTracker      =    1.2004       
   vPeakMin        =  948.5530m      
   vPeakMax        =  957.2453m      
   avgPrompt       =    8.4450u      
   cargaPrompt     =    3.3780f      
   avgHold         =   46.2827u      
   cargaHold       =   18.5131f      

Optimization iteration 1
                   Residual = 0.209858
              Gradient norm = 1.48594
        Marquardt parameter = 0.0005
       Function evaluations = 4
                  Converged = no
         Gradient converged = no
            Input converged = no
           Output converged = no

Optimization parameters:
       iHold = 0.000311684       derivative = -0.117757      


Measurement result summary: OPTIMIZE=opt2_2
   setTracker      =    1.2468       
   vPeakMin        =    1.1785       
   vPeakMax        =    1.2468       
   avgPrompt       =    2.9258u      
   cargaPrompt     =    1.1703f      
   avgHold         =   79.5067u      
   cargaHold       =   31.8027f      

Optimization iteration 2
                   Residual = 0.0183682
              Gradient norm = 0.117757
        Marquardt parameter = 0.00025
       Function evaluations = 2
                  Converged = no
         Gradient converged = no
            Input converged = no
           Output converged = no

Optimization parameters:
       iHold = 0.000324881       derivative = 0.000959333    


Measurement result summary: OPTIMIZE=opt2_3
   setTracker      =    1.2778       
   vPeakMin        =    1.2004       
   vPeakMax        =    1.2778       
   avgPrompt       =    2.3666u      
   cargaPrompt     =  946.6345a      
   avgHold         =   82.8730u      
   cargaHold       =   33.1492f      

Optimization iteration 3
                   Residual = 7.61633e-005
              Gradient norm = 0.000959333
        Marquardt parameter = 0.000125
       Function evaluations = 2
                  Converged = yes
         Gradient converged = no
            Input converged = no
           Output converged = yes

Optimization results:
                   Residual = 7.61633e-005
              Gradient norm = 0.000959333
        Marquardt parameter = 0.000125
       Function evaluations = 8
       Number of iterations = 3
         Gradient converged = no
            Input converged = no
           Output converged = yes

Optimized parameter values:
   iHold =  3.2488e-004

Measurement result summary: OPTIMIZE=opt2_3
   setTracker      =    1.2770       
   vPeakMin        =    1.1999       
   vPeakMax        =    1.2770       
   avgPrompt       =    2.3803u      
   cargaPrompt     =  952.1357a      
   avgHold         =   82.7902u      
   cargaHold       =   33.1161f      

Parsing                      0.01 seconds
.TRAN Sweep                  5.20 seconds
Overhead                     0.30 seconds
-----------------------------------------
Total                        5.50 seconds

Simulation completed	with  2 Warnings