T-Spice - Tanner SPICE
Version 16.01
Network license
Product Release ID: T-Spice Win64 16.01.20130407.21:15:40
Copyright © 1988-2013 Tanner EDA

	Parsing "D:\pesquisa\Projeto SEE\Algoritmos\Passo1\src\Bruno\Output\Passo1_nand3_011_OUTtoGND_FO4.sp"
	Including "D:\pesquisa\Projeto SEE\Algoritmos\Passo1\src\Bruno\Output\ptm_90nm.l"

Start of Passo1_nand3_011_OUTtoGND_FO4.sp
Loaded BSIM4v450 model library, Berkeley BSIM4 v4.5.0

	Opening simulation database "D:\pesquisa\Projeto SEE\Algoritmos\Passo1\src\Bruno\Output\Passo1_nand3_011_OUTtoGND_FO4.tsim"
Warning : "Passo1_nand3_011_OUTtoGND_FO4.sp" line 8 Power supply node VDD2 is singularly attached to V2, and will be terminated with a Gmin conductance

General options:
        threads = 1

 Device and node counts:
              MOSFETs -      14
    MOSFET geometries -       3
      Voltage sources -       4
      Current sources -       1
          Subcircuits -       5
    Model Definitions -       3
      Computed Models -       2
    Independent nodes -      60
       Boundary nodes -       5
          Total nodes -      65
*** 1 WARNING MESSAGE GENERATED DURING SETUP


Optimization model parameters:
  Level   = 1
  verbose = 1
  cendif  = 1e-009
  close   = 0.001
  cut     = 2
  difsiz  = 0.001
  grad    = 1e-006
  itropt  = 40
  max     = 600000
  parmin  = 0.1
  relin   = 0.001
  relout  = 0.001

Warning : Warning messages were issued, but were suppressed
        : during a sweep, optimization, or Monte Carlos analysis.
        : 	Use '.options maxmsg=0' to view all warnings.


Optimization parameters:
      iTotal = 2e-005            derivative = -8.62545e+024  

Optimization initialization: resid=1.16407e+012 grad=8.62545e+024 Marquardt=0.001

Optimization parameters:
      iTotal = 0.000659587       derivative = 2.79875e+024   


Measure information will be written to file "D:\pesquisa\Projeto SEE\Algoritmos\Passo1\src\Bruno\Output\Passo1_nand3_011_OUTtoGND_FO4\Passo1_nand3_011_OUTtoGND_FO4.measure"

Measurement result summary: OPTIMIZE=opt2_1
   Vpeak           = -186.8711m      
   avgiS           =   27.9500u      
   cargaTotal      =   11.1800f      

Optimization iteration 1
                   Residual = 1.85019e+011
              Gradient norm = 2.79875e+024
        Marquardt parameter = 0.0005
       Function evaluations = 4
                  Converged = no
         Gradient converged = no
            Input converged = no
           Output converged = no

Optimization parameters:
      iTotal = 0.000593776       derivative = 2.78307e+022   


Measurement result summary: OPTIMIZE=opt2_2
   Vpeak           =   -2.7533m      
   avgiS           =   25.1613u      
   cargaTotal      =   10.0645f      

Optimization iteration 2
                   Residual = 1.12169e+009
              Gradient norm = 2.78307e+022
        Marquardt parameter = 0.00025
       Function evaluations = 2
                  Converged = no
         Gradient converged = no
            Input converged = no
           Output converged = no

Optimization parameters:
      iTotal = 0.000593368       derivative = 1.17155e+022   


Measurement result summary: OPTIMIZE=opt2_3
   Vpeak           =   -1.6310m      
   avgiS           =   25.1440u      
   cargaTotal      =   10.0576f      

Optimization iteration 3
                   Residual = 957559
              Gradient norm = 1.17155e+022
        Marquardt parameter = 0.000125
       Function evaluations = 2
                  Converged = no
         Gradient converged = no
            Input converged = yes
           Output converged = no

Optimization parameters:
      iTotal = 0.000593368       derivative = 1.17017e+022   


Measurement result summary: OPTIMIZE=opt2_4
   Vpeak           =   -1.6300m      
   avgiS           =   25.1440u      
   cargaTotal      =   10.0576f      

Optimization iteration 4
                   Residual = 440.812
              Gradient norm = 1.17017e+022
        Marquardt parameter = 6.25e-005
       Function evaluations = 2
                  Converged = no
         Gradient converged = no
            Input converged = yes
           Output converged = no

Optimization parameters:
      iTotal = 0.000593368       derivative = 1.17017e+022   


Measurement result summary: OPTIMIZE=opt2_5
   Vpeak           =   -1.6300m      
   avgiS           =   25.1440u      
   cargaTotal      =   10.0576f      

Optimization iteration 5
                   Residual = 0.147189
              Gradient norm = 1.17017e+022
        Marquardt parameter = 3.125e-005
       Function evaluations = 2
                  Converged = no
         Gradient converged = no
            Input converged = yes
           Output converged = no

Optimization parameters:
      iTotal = 0.000593368       derivative = 1.17017e+022   


Measurement result summary: OPTIMIZE=opt2_6
   Vpeak           =   -1.6300m      
   avgiS           =   25.1440u      
   cargaTotal      =   10.0576f      

Optimization iteration 6
                   Residual = 0.000924751
              Gradient norm = 1.17017e+022
        Marquardt parameter = 1.5625e-005
       Function evaluations = 2
                  Converged = yes
         Gradient converged = no
            Input converged = yes
           Output converged = yes

Optimization results:
                   Residual = 0.000924751
              Gradient norm = 1.17017e+022
        Marquardt parameter = 1.5625e-005
       Function evaluations = 14
       Number of iterations = 6
         Gradient converged = no
            Input converged = yes
           Output converged = yes

Optimized parameter values:
   iTotal =  5.9337e-004

Measurement result summary: OPTIMIZE=opt2_6
   Vpeak           =  725.9343a      
   avgiS           =   25.1189u      
   cargaTotal      =   10.0476f      

Parsing                      0.01 seconds
.TRAN Sweep                  3.67 seconds
Overhead                     0.89 seconds
-----------------------------------------
Total                        4.56 seconds

Simulation completed	with  2 Warnings