T-Spice - Tanner SPICE
Version 16.01
Network license
Product Release ID: T-Spice Win64 16.01.20130407.21:15:40
Copyright © 1988-2013 Tanner EDA

	Parsing "D:\pesquisa\Projeto SEE\Algoritmos\Passo1\src\Bruno\Output\Passo1_nand3_011_OUTtoGND_FO1.sp"
	Including "D:\pesquisa\Projeto SEE\Algoritmos\Passo1\src\Bruno\Output\ptm_90nm.l"

Start of Passo1_nand3_011_OUTtoGND_FO1.sp
Loaded BSIM4v450 model library, Berkeley BSIM4 v4.5.0

	Opening simulation database "D:\pesquisa\Projeto SEE\Algoritmos\Passo1\src\Bruno\Output\Passo1_nand3_011_OUTtoGND_FO1.tsim"
Warning : "Passo1_nand3_011_OUTtoGND_FO1.sp" line 8 Power supply node VDD2 is singularly attached to V2, and will be terminated with a Gmin conductance

General options:
        threads = 1

 Device and node counts:
              MOSFETs -       8
    MOSFET geometries -       3
      Voltage sources -       4
      Current sources -       1
          Subcircuits -       2
    Model Definitions -       3
      Computed Models -       2
    Independent nodes -      36
       Boundary nodes -       5
          Total nodes -      41
*** 1 WARNING MESSAGE GENERATED DURING SETUP


Optimization model parameters:
  Level   = 1
  verbose = 1
  cendif  = 1e-009
  close   = 0.001
  cut     = 2
  difsiz  = 0.001
  grad    = 1e-006
  itropt  = 40
  max     = 600000
  parmin  = 0.1
  relin   = 0.001
  relout  = 0.001

Warning : Warning messages were issued, but were suppressed
        : during a sweep, optimization, or Monte Carlos analysis.
        : 	Use '.options maxmsg=0' to view all warnings.


Optimization parameters:
      iTotal = 2e-005            derivative = -1.10493e+025  

Optimization initialization: resid=1.15412e+012 grad=1.10493e+025 Marquardt=0.001

Optimization parameters:
      iTotal = 0.000510759       derivative = 4.3263e+024    


Measure information will be written to file "D:\pesquisa\Projeto SEE\Algoritmos\Passo1\src\Bruno\Output\Passo1_nand3_011_OUTtoGND_FO1\Passo1_nand3_011_OUTtoGND_FO1.measure"

Measurement result summary: OPTIMIZE=opt2_1
   Vpeak           = -521.4822m      
   avgiS           =   21.6434u      
   cargaTotal      =    8.6574f      

Optimization iteration 1
                   Residual = 5.20644e+011
              Gradient norm = 4.3263e+024
        Marquardt parameter = 0.0005
       Function evaluations = 4
                  Converged = no
         Gradient converged = no
            Input converged = no
           Output converged = no

Measurement result summary: OPTIMIZE=opt2_2
   Vpeak           =  644.0393m      
   avgiS           =    8.1992u      
   cargaTotal      =    3.2797f      

Optimization iteration 2
                   Residual = 5.20644e+011
              Gradient norm = 4.3263e+024
        Marquardt parameter = 0.002
       Function evaluations = 1
                  Converged = no
         Gradient converged = no
            Input converged = no
           Output converged = no

Measurement result summary: OPTIMIZE=opt2_3
   Vpeak           =  640.5275m      
   avgiS           =    8.2394u      
   cargaTotal      =    3.2957f      

Optimization iteration 3
                   Residual = 5.20644e+011
              Gradient norm = 4.3263e+024
        Marquardt parameter = 0.008
       Function evaluations = 1
                  Converged = no
         Gradient converged = no
            Input converged = no
           Output converged = no

Measurement result summary: OPTIMIZE=opt2_4
   Vpeak           =  626.5917m      
   avgiS           =    8.3982u      
   cargaTotal      =    3.3593f      

Optimization iteration 4
                   Residual = 5.20644e+011
              Gradient norm = 4.3263e+024
        Marquardt parameter = 0.032
       Function evaluations = 1
                  Converged = no
         Gradient converged = no
            Input converged = no
           Output converged = no

Measurement result summary: OPTIMIZE=opt2_5
   Vpeak           =  573.0235m      
   avgiS           =    9.0061u      
   cargaTotal      =    3.6024f      

Optimization iteration 5
                   Residual = 5.20644e+011
              Gradient norm = 4.3263e+024
        Marquardt parameter = 0.128
       Function evaluations = 1
                  Converged = no
         Gradient converged = no
            Input converged = no
           Output converged = no

Optimization parameters:
      iTotal = 0.000261313       derivative = -6.9172e+024   


Measurement result summary: OPTIMIZE=opt2_6
   Vpeak           =  389.7227m      
   avgiS           =   11.0731u      
   cargaTotal      =    4.4293f      

Optimization iteration 6
                   Residual = 3.90738e+011
              Gradient norm = 6.9172e+024
        Marquardt parameter = 0.064
       Function evaluations = 2
                  Converged = no
         Gradient converged = no
            Input converged = no
           Output converged = no

Optimization parameters:
      iTotal = 0.000350152       derivative = 1.63051e+023   


Measurement result summary: OPTIMIZE=opt2_7
   Vpeak           =   -7.8215m      
   avgiS           =   14.8377u      
   cargaTotal      =    5.9351f      

Optimization iteration 7
                   Residual = 6.08999e+009
              Gradient norm = 1.63051e+023
        Marquardt parameter = 0.032
       Function evaluations = 2
                  Converged = no
         Gradient converged = no
            Input converged = no
           Output converged = no

Optimization parameters:
      iTotal = 0.000348996       derivative = 2.89902e+022   


Measurement result summary: OPTIMIZE=opt2_8
   Vpeak           =   -2.1008m      
   avgiS           =   14.7887u      
   cargaTotal      =    5.9155f      

Optimization iteration 8
                   Residual = 3.77817e+008
              Gradient norm = 2.89902e+022
        Marquardt parameter = 0.016
       Function evaluations = 2
                  Converged = no
         Gradient converged = no
            Input converged = yes
           Output converged = no

Optimization parameters:
      iTotal = 0.000348922       derivative = 2.04219e+022   


Measurement result summary: OPTIMIZE=opt2_9
   Vpeak           =   -1.7344m      
   avgiS           =   14.7856u      
   cargaTotal      =    5.9142f      

Optimization iteration 9
                   Residual = 1.19157e+007
              Gradient norm = 2.04219e+022
        Marquardt parameter = 0.008
       Function evaluations = 2
                  Converged = no
         Gradient converged = no
            Input converged = yes
           Output converged = no

Optimization parameters:
      iTotal = 0.00034892        derivative = 2.01474e+022   


Measurement result summary: OPTIMIZE=opt2_10
   Vpeak           =   -1.7227m      
   avgiS           =   14.7855u      
   cargaTotal      =    5.9142f      

Optimization iteration 10
                   Residual = 191306
              Gradient norm = 2.01474e+022
        Marquardt parameter = 0.004
       Function evaluations = 2
                  Converged = no
         Gradient converged = no
            Input converged = yes
           Output converged = no

Optimization parameters:
      iTotal = 0.00034892        derivative = 2.0143e+022    


Measurement result summary: OPTIMIZE=opt2_11
   Vpeak           =   -1.7225m      
   avgiS           =   14.7855u      
   cargaTotal      =    5.9142f      

Optimization iteration 11
                   Residual = 1568.25
              Gradient norm = 2.0143e+022
        Marquardt parameter = 0.002
       Function evaluations = 2
                  Converged = no
         Gradient converged = no
            Input converged = yes
           Output converged = no

Optimization parameters:
      iTotal = 0.00034892        derivative = 2.01429e+022   


Measurement result summary: OPTIMIZE=opt2_12
   Vpeak           =   -1.7225m      
   avgiS           =   14.7855u      
   cargaTotal      =    5.9142f      

Optimization iteration 12
                   Residual = 6.63649
              Gradient norm = 2.01429e+022
        Marquardt parameter = 0.001
       Function evaluations = 2
                  Converged = no
         Gradient converged = no
            Input converged = yes
           Output converged = no

Optimization parameters:
      iTotal = 0.00034892        derivative = 2.01429e+022   


Measurement result summary: OPTIMIZE=opt2_13
   Vpeak           =   -1.7225m      
   avgiS           =   14.7855u      
   cargaTotal      =    5.9142f      

Optimization iteration 13
                   Residual = 0.0146553
              Gradient norm = 2.01429e+022
        Marquardt parameter = 0.0005
       Function evaluations = 2
                  Converged = no
         Gradient converged = no
            Input converged = yes
           Output converged = no

Optimization parameters:
      iTotal = 0.00034892        derivative = 2.01429e+022   


Measurement result summary: OPTIMIZE=opt2_14
   Vpeak           =   -1.7225m      
   avgiS           =   14.7855u      
   cargaTotal      =    5.9142f      

Optimization iteration 14
                   Residual = 0.00291503
              Gradient norm = 2.01429e+022
        Marquardt parameter = 0.00025
       Function evaluations = 2
                  Converged = no
         Gradient converged = no
            Input converged = yes
           Output converged = no

Measurement result summary: OPTIMIZE=opt2_15
   Vpeak           =    5.8147f      
   avgiS           =   14.7707u      
   cargaTotal      =    5.9083f      

Optimization iteration 15
                   Residual = 0.00291503
              Gradient norm = 2.01429e+022
        Marquardt parameter = 0.001
       Function evaluations = 1
                  Converged = no
         Gradient converged = no
            Input converged = yes
           Output converged = no

Measurement result summary: OPTIMIZE=opt2_16
   Vpeak           =    6.0490f      
   avgiS           =   14.7707u      
   cargaTotal      =    5.9083f      

Optimization iteration 16
                   Residual = 0.00291503
              Gradient norm = 2.01429e+022
        Marquardt parameter = 0.004
       Function evaluations = 1
                  Converged = no
         Gradient converged = no
            Input converged = yes
           Output converged = no

Measurement result summary: OPTIMIZE=opt2_17
   Vpeak           =    5.9914f      
   avgiS           =   14.7707u      
   cargaTotal      =    5.9083f      

Optimization iteration 17
                   Residual = 0.00291503
              Gradient norm = 2.01429e+022
        Marquardt parameter = 0.016
       Function evaluations = 1
                  Converged = no
         Gradient converged = no
            Input converged = yes
           Output converged = no

Measurement result summary: OPTIMIZE=opt2_18
   Vpeak           =    5.6722f      
   avgiS           =   14.7707u      
   cargaTotal      =    5.9083f      

Optimization iteration 18
                   Residual = 0.00291503
              Gradient norm = 2.01429e+022
        Marquardt parameter = 0.064
       Function evaluations = 1
                  Converged = no
         Gradient converged = no
            Input converged = yes
           Output converged = no

Measurement result summary: OPTIMIZE=opt2_19
   Vpeak           =    5.2863f      
   avgiS           =   14.7707u      
   cargaTotal      =    5.9083f      

Optimization iteration 19
                   Residual = 0.00291503
              Gradient norm = 2.01429e+022
        Marquardt parameter = 0.256
       Function evaluations = 1
                  Converged = no
         Gradient converged = no
            Input converged = yes
           Output converged = no

Measurement result summary: OPTIMIZE=opt2_20
   Vpeak           =    4.8871f      
   avgiS           =   14.7707u      
   cargaTotal      =    5.9083f      

Optimization iteration 20
                   Residual = 0.00291503
              Gradient norm = 2.01429e+022
        Marquardt parameter = 1.024
       Function evaluations = 1
                  Converged = no
         Gradient converged = no
            Input converged = yes
           Output converged = no

Measurement result summary: OPTIMIZE=opt2_21
   Vpeak           =    4.5127f      
   avgiS           =   14.7707u      
   cargaTotal      =    5.9083f      

Optimization iteration 21
                   Residual = 0.00291503
              Gradient norm = 2.01429e+022
        Marquardt parameter = 4.096
       Function evaluations = 1
                  Converged = no
         Gradient converged = no
            Input converged = yes
           Output converged = no

Optimization parameters:
      iTotal = 0.00034892        derivative = 2.01429e+022   


Measurement result summary: OPTIMIZE=opt2_22
   Vpeak           =   -1.7225m      
   avgiS           =   14.7855u      
   cargaTotal      =    5.9142f      

Optimization iteration 22
                   Residual = 0.00197158
              Gradient norm = 2.01429e+022
        Marquardt parameter = 2.048
       Function evaluations = 2
                  Converged = no
         Gradient converged = no
            Input converged = yes
           Output converged = no

Optimization parameters:
      iTotal = 0.00034892        derivative = 2.01429e+022   


Measurement result summary: OPTIMIZE=opt2_23
   Vpeak           =   -1.7225m      
   avgiS           =   14.7855u      
   cargaTotal      =    5.9142f      

Optimization iteration 23
                   Residual = 0.000571683
              Gradient norm = 2.01429e+022
        Marquardt parameter = 1.024
       Function evaluations = 2
                  Converged = yes
         Gradient converged = no
            Input converged = yes
           Output converged = yes

Optimization results:
                   Residual = 0.000571683
              Gradient norm = 2.01429e+022
        Marquardt parameter = 1.024
       Function evaluations = 37
       Number of iterations = 23
         Gradient converged = no
            Input converged = yes
           Output converged = yes

Optimized parameter values:
   iTotal =  3.4892e-004

Measurement result summary: OPTIMIZE=opt2_23
   Vpeak           =    2.2939f      
   avgiS           =   14.7707u      
   cargaTotal      =    5.9083f      

Parsing                      0.02 seconds
.TRAN Sweep                  5.00 seconds
Overhead                     0.79 seconds
-----------------------------------------
Total                        5.81 seconds

Simulation completed	with  2 Warnings