T-Spice - Tanner SPICE
Version 16.01
Network license
Product Release ID: T-Spice Win64 16.01.20130407.21:15:40
Copyright © 1988-2013 Tanner EDA

	Parsing "D:\pesquisa\Projeto SEE\Algoritmos\Passo1\src\Bruno\Output\Passo2_nand3_011_OUTtoGND_FO8.sp"
	Including "D:\pesquisa\Projeto SEE\Algoritmos\Passo1\src\Bruno\Output\ptm_90nm.l"

Start of Passo2_nand3_011_OUTtoGND_FO8.sp
Loaded BSIM4v450 model library, Berkeley BSIM4 v4.5.0

	Opening simulation database "D:\pesquisa\Projeto SEE\Algoritmos\Passo1\src\Bruno\Output\Passo2_nand3_011_OUTtoGND_FO8.tsim"
Warning : "Passo2_nand3_011_OUTtoGND_FO8.sp" line 10 Power supply node VDD2 is singularly attached to V2, and will be terminated with a Gmin conductance

General options:
        threads = 1

 Device and node counts:
              MOSFETs -      22
    MOSFET geometries -       3
      Voltage sources -       4
      Current sources -       2
          Subcircuits -       9
    Model Definitions -       3
      Computed Models -       2
    Independent nodes -      92
       Boundary nodes -       5
          Total nodes -      97
*** 1 WARNING MESSAGE GENERATED DURING SETUP


Optimization model parameters:
  Level   = 1
  verbose = 1
  cendif  = 1e-009
  close   = 0.001
  cut     = 2
  difsiz  = 0.001
  grad    = 1e-006
  itropt  = 40
  max     = 600000
  parmin  = 0.1
  relin   = 0.001
  relout  = 0.001

Warning : Warning messages were issued, but were suppressed
        : during a sweep, optimization, or Monte Carlos analysis.
        : 	Use '.options maxmsg=0' to view all warnings.


Optimization parameters:
       iHold = 2e-005            derivative = -2.12598e+025  

Optimization initialization: resid=8.65977e+011 grad=2.12598e+025 Marquardt=0.001

Optimization parameters:
       iHold = 0.000163531       derivative = -2.00116e+024  


Measure information will be written to file "D:\pesquisa\Projeto SEE\Algoritmos\Passo1\src\Bruno\Output\Passo2_nand3_011_OUTtoGND_FO8\Passo2_nand3_011_OUTtoGND_FO8.measure"

Measurement result summary: OPTIMIZE=opt2_1
   setTracker      =  -93.9722m      
   vPeakMin        =  -73.0291m      
   vPeakMax        =   57.9539m      
   avgPrompt       =   31.6683u      
   cargaPrompt     =   12.6673f      
   avgHold         =   41.7235u      
   cargaHold       =   16.6894f      

Optimization iteration 1
                   Residual = 5.94989e+010
              Gradient norm = 2.00116e+024
        Marquardt parameter = 0.0005
       Function evaluations = 4
                  Converged = no
         Gradient converged = no
            Input converged = no
           Output converged = no

Optimization parameters:
       iHold = 0.000171149       derivative = 2.67046e+022   


Measurement result summary: OPTIMIZE=opt2_2
   setTracker      = -103.5285m      
   vPeakMin        =  -91.6541m      
   vPeakMax        =   -1.5534m      
   avgPrompt       =   31.3458u      
   cargaPrompt     =   12.5383f      
   avgHold         =   43.6647u      
   cargaHold       =   17.4659f      

Optimization iteration 2
                   Residual = 5.37086e+006
              Gradient norm = 2.67046e+022
        Marquardt parameter = 0.00025
       Function evaluations = 2
                  Converged = no
         Gradient converged = no
            Input converged = no
           Output converged = no

Optimization parameters:
       iHold = 0.000171148       derivative = 2.65207e+022   


Measurement result summary: OPTIMIZE=opt2_3
   setTracker      = -103.5277m      
   vPeakMin        =  -91.6524m      
   vPeakMax        =   -1.5481m      
   avgPrompt       =   31.3459u      
   cargaPrompt     =   12.5384f      
   avgHold         =   43.6646u      
   cargaHold       =   17.4658f      

Optimization iteration 3
                   Residual = 2767.48
              Gradient norm = 2.65207e+022
        Marquardt parameter = 0.000125
       Function evaluations = 2
                  Converged = no
         Gradient converged = no
            Input converged = yes
           Output converged = no

Optimization parameters:
       iHold = 0.000171148       derivative = 2.65206e+022   


Measurement result summary: OPTIMIZE=opt2_4
   setTracker      = -103.5277m      
   vPeakMin        =  -91.6524m      
   vPeakMax        =   -1.5481m      
   avgPrompt       =   31.3459u      
   cargaPrompt     =   12.5384f      
   avgHold         =   43.6646u      
   cargaHold       =   17.4658f      

Optimization iteration 4
                   Residual = 0.722716
              Gradient norm = 2.65206e+022
        Marquardt parameter = 6.25e-005
       Function evaluations = 2
                  Converged = no
         Gradient converged = no
            Input converged = yes
           Output converged = no

Optimization parameters:
       iHold = 0.000171148       derivative = 2.65206e+022   


Measurement result summary: OPTIMIZE=opt2_5
   setTracker      = -103.5277m      
   vPeakMin        =  -91.6524m      
   vPeakMax        =   -1.5481m      
   avgPrompt       =   31.3459u      
   cargaPrompt     =   12.5384f      
   avgHold         =   43.6646u      
   cargaHold       =   17.4658f      

Optimization iteration 5
                   Residual = 0.0106466
              Gradient norm = 2.65206e+022
        Marquardt parameter = 3.125e-005
       Function evaluations = 2
                  Converged = no
         Gradient converged = no
            Input converged = yes
           Output converged = no

Optimization parameters:
       iHold = 0.000171148       derivative = 2.65206e+022   


Measurement result summary: OPTIMIZE=opt2_6
   setTracker      = -103.5277m      
   vPeakMin        =  -91.6524m      
   vPeakMax        =   -1.5481m      
   avgPrompt       =   31.3459u      
   cargaPrompt     =   12.5384f      
   avgHold         =   43.6646u      
   cargaHold       =   17.4658f      

Optimization iteration 6
                   Residual = 0.000293857
              Gradient norm = 2.65206e+022
        Marquardt parameter = 1.5625e-005
       Function evaluations = 2
                  Converged = yes
         Gradient converged = no
            Input converged = yes
           Output converged = yes

Optimization results:
                   Residual = 0.000293857
              Gradient norm = 2.65206e+022
        Marquardt parameter = 1.5625e-005
       Function evaluations = 14
       Number of iterations = 6
         Gradient converged = no
            Input converged = yes
           Output converged = yes

Optimized parameter values:
   iHold =  1.7115e-004

Measurement result summary: OPTIMIZE=opt2_6
   setTracker      = -103.2793m      
   vPeakMin        =  -91.1684m      
   vPeakMax        =  318.8262a      
   avgPrompt       =   31.3543u      
   cargaPrompt     =   12.5417f      
   avgHold         =   43.6141u      
   cargaHold       =   17.4456f      

Parsing                      0.01 seconds
.TRAN Sweep                  5.22 seconds
Overhead                     0.90 seconds
-----------------------------------------
Total                        6.13 seconds

Simulation completed	with  2 Warnings