T-Spice - Tanner SPICE
Version 16.01
Network license
Product Release ID: T-Spice Win64 16.01.20130407.21:15:40
Copyright © 1988-2013 Tanner EDA

	Parsing "D:\pesquisa\Projeto SEE\Algoritmos\Black2015\src\bruno\Output\nand3\101\Passo2_nand3_101_PD_N1toGND_FO4.sp"
	Including "D:\pesquisa\Projeto SEE\Algoritmos\Black2015\src\bruno\Output\nand3\101\ptm_90nm.l"

Start of Passo2_nand3_101_PD_N1toGND_FO4.sp
Loaded BSIM4v450 model library, Berkeley BSIM4 v4.5.0

	Opening simulation database "D:\pesquisa\Projeto SEE\Algoritmos\Black2015\src\bruno\Output\nand3\101\Passo2_nand3_101_PD_N1toGND_FO4.tsim"
Warning : "Passo2_nand3_101_PD_N1toGND_FO4.sp" line 55 .measure avgHold command contains an invalid plot item and will be ignored.
        : Unknown term I(iSh)
Warning : "Passo2_nand3_101_PD_N1toGND_FO4.sp" line 56 .measure cargaHold command contains an invalid plot item and will be ignored.
        : Unknown variable "avgHold" ["avgHold * 0.4n" at column 1]
Warning : "Passo2_nand3_101_PD_N1toGND_FO4.sp" line 9 Power supply node VDD2 is singularly attached to V2, and will be terminated with a Gmin conductance

General options:
        threads = 1

 Device and node counts:
              MOSFETs -      14
    MOSFET geometries -       3
      Voltage sources -       6
      Current sources -       2
                 CCCS -       1
          Subcircuits -       5
    Model Definitions -       2
      Computed Models -       2
    Independent nodes -      64
       Boundary nodes -       5
          Total nodes -      69
*** 3 WARNING MESSAGES GENERATED DURING SETUP

Warning : "Passo2_nand3_101_PD_N1toGND_FO4.sp" line 55 .measure avgHold command contains an invalid plot item and will be ignored.
        : Unknown term I(iSh)
Warning : "Passo2_nand3_101_PD_N1toGND_FO4.sp" line 56 .measure cargaHold command contains an invalid plot item and will be ignored.
        : Unknown variable "avgHold" ["avgHold * 0.4n" at column 1]

Measure information will be written to file "D:\pesquisa\Projeto SEE\Algoritmos\Black2015\src\bruno\Output\nand3\101\Passo2_nand3_101_PD_N1toGND_FO4\Passo2_nand3_101_PD_N1toGND_FO4.measure"

Measurement result summary
   setTracker      =  -11.0244u      
   vPeakMin        =  701.5220u      
   vPeakMax        =    1.0264m      
   avgPrompt       =   18.5409u      
   cargaPrompt     =    7.4164f      

Parsing                      0.00 seconds
Setup                        0.01 seconds
DC operating point           0.01 seconds
Transient Analysis           0.46 seconds
Overhead                     0.90 seconds
-----------------------------------------
Total                        1.38 seconds

Simulation completed	with  5 Warnings