T-Spice - Tanner SPICE
Version 16.01
Network license
Product Release ID: T-Spice Win64 16.01.20130407.21:15:40
Copyright © 1988-2013 Tanner EDA

	Parsing "D:\pesquisa\Projeto SEE\Algoritmos\Passo1\src\bruno\Output\aoi21\100\Passo3_AOI21_100_VDDtoPU_N1_FO8.sp"
	Including "D:\pesquisa\Projeto SEE\Algoritmos\Passo1\src\bruno\Output\aoi21\100\ptm_90nm.l"

Start of Passo3_AOI21_100_VDDtoPU_N1_FO8.sp
Loaded BSIM4v450 model library, Berkeley BSIM4 v4.5.0

	Opening simulation database "D:\pesquisa\Projeto SEE\Algoritmos\Passo1\src\bruno\Output\aoi21\100\Passo3_AOI21_100_VDDtoPU_N1_FO8.tsim"
Warning : "Passo3_AOI21_100_VDDtoPU_N1_FO8.sp" line 12 Power supply node VDD2 is singularly attached to V2, and will be terminated with a Gmin conductance

General options:
        threads = 1

 Device and node counts:
              MOSFETs -      22
    MOSFET geometries -       4
      Voltage sources -       4
      Current sources -       2
          Subcircuits -       9
    Model Definitions -       3
      Computed Models -       2
    Independent nodes -      92
       Boundary nodes -       5
          Total nodes -      97
*** 1 WARNING MESSAGE GENERATED DURING SETUP


Optimization model parameters:
  Level   = 1
  verbose = 1
  cendif  = 1e-009
  close   = 0.001
  cut     = 2
  difsiz  = 0.001
  grad    = 1e-006
  itropt  = 40
  max     = 600000
  parmin  = 0.1
  relin   = 0.001
  relout  = 0.001

Warning : Warning messages were issued, but were suppressed
        : during a sweep, optimization, or Monte Carlos analysis.
        : 	Use '.options maxmsg=0' to view all warnings.


Optimization parameters:
    tF_delay = 2e-009            derivative = -0.0876959     

Optimization initialization: resid=0.0245072 grad=0.0876959 Marquardt=0.001

Optimization parameters:
    tF_delay = 2.09468e-009      derivative = -0.000354847   


Measure information will be written to file "D:\pesquisa\Projeto SEE\Algoritmos\Passo1\src\bruno\Output\aoi21\100\Passo3_AOI21_100_VDDtoPU_N1_FO8\Passo3_AOI21_100_VDDtoPU_N1_FO8.measure"

Measurement result summary: OPTIMIZE=opt2_1
   avgPrompt       =   20.7408u      
   cargaPrompt     =    8.2963f      
   avgHold         =   62.9224u      
   cargaHold       =   25.1690f      

Optimization iteration 1
                   Residual = 0.000365129
              Gradient norm = 0.000354847
        Marquardt parameter = 0.0005
       Function evaluations = 4
                  Converged = yes
         Gradient converged = no
            Input converged = no
           Output converged = yes

Optimization results:
                   Residual = 0.000365129
              Gradient norm = 0.000354847
        Marquardt parameter = 0.0005
       Function evaluations = 4
       Number of iterations = 1
         Gradient converged = no
            Input converged = no
           Output converged = yes

Optimized parameter values:
   tF_delay =  2.0947e-009

Measurement result summary: OPTIMIZE=opt2_1
   avgPrompt       =   20.7408u      
   cargaPrompt     =    8.2963f      
   avgHold         =   61.5872u      
   cargaHold       =   24.6349f      

Parsing                      0.00 seconds
.TRAN Sweep                  2.15 seconds
Overhead                     1.06 seconds
-----------------------------------------
Total                        3.21 seconds

Simulation completed	with  2 Warnings