T-Spice - Tanner SPICE
Version 16.01
Network license
Product Release ID: T-Spice Win64 16.01.20130407.21:15:40
Copyright © 1988-2013 Tanner EDA

	Parsing "D:\pesquisa\Projeto SEE\Algoritmos\Passo1\src\Bruno\Output\Passo2_AOI21_111_VDDtoOUT_FO8.sp"
	Including "D:\pesquisa\Projeto SEE\Algoritmos\Passo1\src\Bruno\Output\ptm_90nm.l"

Start of Passo2_AOI21_111_VDDtoOUT_FO8.sp
Loaded BSIM4v450 model library, Berkeley BSIM4 v4.5.0

	Opening simulation database "D:\pesquisa\Projeto SEE\Algoritmos\Passo1\src\Bruno\Output\Passo2_AOI21_111_VDDtoOUT_FO8.tsim"
Warning : "Passo2_AOI21_111_VDDtoOUT_FO8.sp" line 10 Power supply node VDD2 is singularly attached to V2, and will be terminated with a Gmin conductance
Warning : "Passo2_AOI21_111_VDDtoOUT_FO8.sp" line 13 Power supply node low is singularly attached to vinB, and will be terminated with a Gmin conductance

General options:
        threads = 1

 Device and node counts:
              MOSFETs -      22
    MOSFET geometries -       4
      Voltage sources -       4
      Current sources -       2
          Subcircuits -       9
    Model Definitions -       3
      Computed Models -       2
    Independent nodes -      92
       Boundary nodes -       5
          Total nodes -      97
*** 2 WARNING MESSAGES GENERATED DURING SETUP


Optimization model parameters:
  Level   = 1
  verbose = 1
  cendif  = 1e-009
  close   = 0.001
  cut     = 2
  difsiz  = 0.001
  grad    = 1e-006
  itropt  = 40
  max     = 600000
  parmin  = 0.1
  relin   = 0.001
  relout  = 0.001

Warning : Warning messages were issued, but were suppressed
        : during a sweep, optimization, or Monte Carlos analysis.
        : 	Use '.options maxmsg=0' to view all warnings.


Optimization parameters:
       iHold = 2e-005            derivative = -2.34153       

Optimization initialization: resid=0.988361 grad=2.34153 Marquardt=0.001

Optimization parameters:
       iHold = 0.00171863        derivative = 0.108469       


Measure information will be written to file "D:\pesquisa\Projeto SEE\Algoritmos\Passo1\src\Bruno\Output\Passo2_AOI21_111_VDDtoOUT_FO8\Passo2_AOI21_111_VDDtoOUT_FO8.measure"

Measurement result summary: OPTIMIZE=opt2_1
   setTracker      =    1.8608       
   vPeakMin        =    1.8608       
   vPeakMax        =    1.8608       
   avgPrompt       =  -17.6520u      
   cargaPrompt     =   -7.0608f      
   avgHold         =  438.4011u      
   cargaHold       =  175.3604f      

Optimization iteration 1
                   Residual = 0.550609
              Gradient norm = 0.108469
        Marquardt parameter = 0.0005
       Function evaluations = 4
                  Converged = no
         Gradient converged = no
            Input converged = no
           Output converged = no

Measurement result summary: OPTIMIZE=opt2_2
   setTracker      =    1.2039       
   vPeakMin        =   13.9665m      
   vPeakMax        =  431.9620m      
   avgPrompt       =   54.3256u      
   cargaPrompt     =   21.7302f      
   avgHold         =    5.0967u      
   cargaHold       =    2.0387f      

Optimization iteration 2
                   Residual = 0.550609
              Gradient norm = 0.108469
        Marquardt parameter = 0.002
       Function evaluations = 1
                  Converged = no
         Gradient converged = no
            Input converged = no
           Output converged = no

Measurement result summary: OPTIMIZE=opt2_3
   setTracker      =    1.2039       
   vPeakMin        =   13.9665m      
   vPeakMax        =  431.9620m      
   avgPrompt       =   54.3256u      
   cargaPrompt     =   21.7302f      
   avgHold         =    5.0967u      
   cargaHold       =    2.0387f      

Optimization iteration 3
                   Residual = 0.550609
              Gradient norm = 0.108469
        Marquardt parameter = 0.008
       Function evaluations = 1
                  Converged = no
         Gradient converged = no
            Input converged = no
           Output converged = no

Measurement result summary: OPTIMIZE=opt2_4
   setTracker      =    1.2039       
   vPeakMin        =   13.9665m      
   vPeakMax        =  431.9620m      
   avgPrompt       =   54.3256u      
   cargaPrompt     =   21.7302f      
   avgHold         =    5.0967u      
   cargaHold       =    2.0387f      

Optimization iteration 4
                   Residual = 0.550609
              Gradient norm = 0.108469
        Marquardt parameter = 0.032
       Function evaluations = 1
                  Converged = no
         Gradient converged = no
            Input converged = no
           Output converged = no

Measurement result summary: OPTIMIZE=opt2_5
   setTracker      =    1.2039       
   vPeakMin        =   13.9665m      
   vPeakMax        =  431.9620m      
   avgPrompt       =   54.3256u      
   cargaPrompt     =   21.7302f      
   avgHold         =    5.0967u      
   cargaHold       =    2.0387f      

Optimization iteration 5
                   Residual = 0.550609
              Gradient norm = 0.108469
        Marquardt parameter = 0.128
       Function evaluations = 1
                  Converged = no
         Gradient converged = no
            Input converged = no
           Output converged = no

Measurement result summary: OPTIMIZE=opt2_6
   setTracker      =    1.2039       
   vPeakMin        =   13.9665m      
   vPeakMax        =  431.9620m      
   avgPrompt       =   54.3256u      
   cargaPrompt     =   21.7302f      
   avgHold         =    5.0967u      
   cargaHold       =    2.0387f      

Optimization iteration 6
                   Residual = 0.550609
              Gradient norm = 0.108469
        Marquardt parameter = 0.512
       Function evaluations = 1
                  Converged = no
         Gradient converged = no
            Input converged = no
           Output converged = no

Measurement result summary: OPTIMIZE=opt2_7
   setTracker      =    1.2039       
   vPeakMin        =   13.9665m      
   vPeakMax        =  431.9620m      
   avgPrompt       =   54.3256u      
   cargaPrompt     =   21.7302f      
   avgHold         =    5.0967u      
   cargaHold       =    2.0387f      

Optimization iteration 7
                   Residual = 0.550609
              Gradient norm = 0.108469
        Marquardt parameter = 2.048
       Function evaluations = 1
                  Converged = no
         Gradient converged = no
            Input converged = no
           Output converged = no

Measurement result summary: OPTIMIZE=opt2_8
   setTracker      =    1.2039       
   vPeakMin        =   13.9665m      
   vPeakMax        =  431.9620m      
   avgPrompt       =   54.3256u      
   cargaPrompt     =   21.7302f      
   avgHold         =    5.0967u      
   cargaHold       =    2.0387f      

Optimization iteration 8
                   Residual = 0.550609
              Gradient norm = 0.108469
        Marquardt parameter = 8.192
       Function evaluations = 1
                  Converged = no
         Gradient converged = no
            Input converged = no
           Output converged = no

Optimization parameters:
       iHold = 0.00147127        derivative = 0.121312       


Measurement result summary: OPTIMIZE=opt2_9
   setTracker      =    1.8522       
   vPeakMin        =    1.8522       
   vPeakMax        =    1.8522       
   avgPrompt       =   -7.1719u      
   cargaPrompt     =   -2.8687f      
   avgHold         =  375.3038u      
   cargaHold       =  150.1215f      

Optimization iteration 9
                   Residual = 0.54345
              Gradient norm = 0.121312
        Marquardt parameter = 4.096
       Function evaluations = 2
                  Converged = no
         Gradient converged = no
            Input converged = no
           Output converged = no

Optimization parameters:
       iHold = 0.000816657       derivative = 0.376665       


Measurement result summary: OPTIMIZE=opt2_10
   setTracker      =    1.8101       
   vPeakMin        =    1.8093       
   vPeakMax        =    1.8101       
   avgPrompt       =   20.5664u      
   cargaPrompt     =    8.2265f      
   avgHold         =  208.3190u      
   cargaHold       =   83.3276f      

Optimization iteration 10
                   Residual = 0.507614
              Gradient norm = 0.376665
        Marquardt parameter = 2.048
       Function evaluations = 2
                  Converged = no
         Gradient converged = no
            Input converged = no
           Output converged = no

Optimization parameters:
       iHold = 0.00039886        derivative = -9.41604       


Measurement result summary: OPTIMIZE=opt2_11
   setTracker      =    1.3361       
   vPeakMin        =  727.2085m      
   vPeakMax        =    1.1942       
   avgPrompt       =   38.2705u      
   cargaPrompt     =   15.3082f      
   avgHold         =  101.7442u      
   cargaHold       =   40.6977f      

Optimization iteration 11
                   Residual = 0.395958
              Gradient norm = 9.41604
        Marquardt parameter = 1.024
       Function evaluations = 2
                  Converged = no
         Gradient converged = no
            Input converged = no
           Output converged = no

Optimization parameters:
       iHold = 0.000418474       derivative = -7.50671       


Measurement result summary: OPTIMIZE=opt2_12
   setTracker      =    1.3506       
   vPeakMin        =  846.6979m      
   vPeakMax        =    1.2428       
   avgPrompt       =   37.4394u      
   cargaPrompt     =   14.9758f      
   avgHold         =  106.7476u      
   cargaHold       =   42.6990f      

Optimization iteration 12
                   Residual = 0.296598
              Gradient norm = 7.50671
        Marquardt parameter = 0.512
       Function evaluations = 2
                  Converged = no
         Gradient converged = no
            Input converged = no
           Output converged = no

Optimization parameters:
       iHold = 0.000443382       derivative = -4.638         


Measurement result summary: OPTIMIZE=opt2_13
   setTracker      =    1.3712       
   vPeakMin        =    1.0126       
   vPeakMax        =    1.3045       
   avgPrompt       =   36.3839u      
   cargaPrompt     =   14.5536f      
   avgHold         =  113.1012u      
   cargaHold       =   45.2405f      

Optimization iteration 13
                   Residual = 0.158823
              Gradient norm = 4.638
        Marquardt parameter = 0.256
       Function evaluations = 2
                  Converged = no
         Gradient converged = no
            Input converged = no
           Output converged = no

Optimization parameters:
       iHold = 0.000460226       derivative = -1.66969       


Measurement result summary: OPTIMIZE=opt2_14
   setTracker      =    1.3882       
   vPeakMin        =    1.1360       
   vPeakMax        =    1.3460       
   avgPrompt       =   35.6702u      
   cargaPrompt     =   14.2681f      
   avgHold         =  117.3979u      
   cargaHold       =   46.9591f      

Optimization iteration 14
                   Residual = 0.0561237
              Gradient norm = 1.66969
        Marquardt parameter = 0.128
       Function evaluations = 2
                  Converged = no
         Gradient converged = no
            Input converged = no
           Output converged = no

Optimization parameters:
       iHold = 0.000467395       derivative = -0.323023      


Measurement result summary: OPTIMIZE=opt2_15
   setTracker      =    1.3957       
   vPeakMin        =    1.1891       
   vPeakMax        =    1.3636       
   avgPrompt       =   35.3664u      
   cargaPrompt     =   14.1465f      
   avgHold         =  119.2266u      
   cargaHold       =   47.6906f      

Optimization iteration 15
                   Residual = 0.0119806
              Gradient norm = 0.323023
        Marquardt parameter = 0.064
       Function evaluations = 2
                  Converged = no
         Gradient converged = no
            Input converged = no
           Output converged = no

Optimization parameters:
       iHold = 0.000469113       derivative = 0.00142113     


Measurement result summary: OPTIMIZE=opt2_16
   setTracker      =    1.3975       
   vPeakMin        =    1.2018       
   vPeakMax        =    1.3678       
   avgPrompt       =   35.2936u      
   cargaPrompt     =   14.1174f      
   avgHold         =  119.6648u      
   cargaHold       =   47.8659f      

Optimization iteration 16
                   Residual = 0.0013983
              Gradient norm = 0.00142113
        Marquardt parameter = 0.032
       Function evaluations = 2
                  Converged = no
         Gradient converged = no
            Input converged = no
           Output converged = no

Measurement result summary: OPTIMIZE=opt2_17
   setTracker      =    1.3901       
   vPeakMin        =    1.1492       
   vPeakMax        =    1.3504       
   avgPrompt       =   35.5947u      
   cargaPrompt     =   14.2379f      
   avgHold         =  117.8521u      
   cargaHold       =   47.1409f      

Optimization iteration 17
                   Residual = 0.0013983
              Gradient norm = 0.00142113
        Marquardt parameter = 0.128
       Function evaluations = 1
                  Converged = no
         Gradient converged = no
            Input converged = no
           Output converged = no

Measurement result summary: OPTIMIZE=opt2_18
   setTracker      =    1.3912       
   vPeakMin        =    1.1572       
   vPeakMax        =    1.3531       
   avgPrompt       =   35.5489u      
   cargaPrompt     =   14.2195f      
   avgHold         =  118.1281u      
   cargaHold       =   47.2512f      

Optimization iteration 18
                   Residual = 0.0013983
              Gradient norm = 0.00142113
        Marquardt parameter = 0.512
       Function evaluations = 1
                  Converged = no
         Gradient converged = no
            Input converged = no
           Output converged = no

Measurement result summary: OPTIMIZE=opt2_19
   setTracker      =    1.3938       
   vPeakMin        =    1.1754       
   vPeakMax        =    1.3591       
   avgPrompt       =   35.4445u      
   cargaPrompt     =   14.1778f      
   avgHold         =  118.7565u      
   cargaHold       =   47.5026f      

Optimization iteration 19
                   Residual = 0.0013983
              Gradient norm = 0.00142113
        Marquardt parameter = 2.048
       Function evaluations = 1
                  Converged = no
         Gradient converged = no
            Input converged = no
           Output converged = no

Measurement result summary: OPTIMIZE=opt2_20
   setTracker      =    1.3963       
   vPeakMin        =    1.1927       
   vPeakMax        =    1.3648       
   avgPrompt       =   35.3457u      
   cargaPrompt     =   14.1383f      
   avgHold         =  119.3512u      
   cargaHold       =   47.7405f      

Optimization iteration 20
                   Residual = 0.0013983
              Gradient norm = 0.00142113
        Marquardt parameter = 8.192
       Function evaluations = 1
                  Converged = no
         Gradient converged = no
            Input converged = no
           Output converged = no

Measurement result summary: OPTIMIZE=opt2_21
   setTracker      =    1.3970       
   vPeakMin        =    1.1977       
   vPeakMax        =    1.3664       
   avgPrompt       =   35.3170u      
   cargaPrompt     =   14.1268f      
   avgHold         =  119.5240u      
   cargaHold       =   47.8096f      

Optimization iteration 21
                   Residual = 0.0013983
              Gradient norm = 0.00142113
        Marquardt parameter = 32.768
       Function evaluations = 1
                  Converged = no
         Gradient converged = no
            Input converged = no
           Output converged = no

Measurement result summary: OPTIMIZE=opt2_22
   setTracker      =    1.3970       
   vPeakMin        =    1.1983       
   vPeakMax        =    1.3666       
   avgPrompt       =   35.3137u      
   cargaPrompt     =   14.1255f      
   avgHold         =  119.5437u      
   cargaHold       =   47.8175f      

Optimization iteration 22
                   Residual = 0.0013983
              Gradient norm = 0.00142113
        Marquardt parameter = 131.072
       Function evaluations = 1
                  Converged = no
         Gradient converged = no
            Input converged = no
           Output converged = no

Measurement result summary: OPTIMIZE=opt2_23
   setTracker      =    1.3971       
   vPeakMin        =    1.1983       
   vPeakMax        =    1.3666       
   avgPrompt       =   35.3134u      
   cargaPrompt     =   14.1254f      
   avgHold         =  119.5452u      
   cargaHold       =   47.8181f      

Optimization iteration 23
                   Residual = 0.0013983
              Gradient norm = 0.00142113
        Marquardt parameter = 524.288
       Function evaluations = 1
                  Converged = no
         Gradient converged = no
            Input converged = no
           Output converged = no

Measurement result summary: OPTIMIZE=opt2_24
   setTracker      =    1.3971       
   vPeakMin        =    1.1983       
   vPeakMax        =    1.3666       
   avgPrompt       =   35.3134u      
   cargaPrompt     =   14.1254f      
   avgHold         =  119.5453u      
   cargaHold       =   47.8181f      

Optimization iteration 24
                   Residual = 0.0013983
              Gradient norm = 0.00142113
        Marquardt parameter = 2097.15
       Function evaluations = 1
                  Converged = no
         Gradient converged = no
            Input converged = no
           Output converged = no

Measurement result summary: OPTIMIZE=opt2_25
   setTracker      =    1.3971       
   vPeakMin        =    1.1983       
   vPeakMax        =    1.3666       
   avgPrompt       =   35.3134u      
   cargaPrompt     =   14.1254f      
   avgHold         =  119.5453u      
   cargaHold       =   47.8181f      

Optimization iteration 25
                   Residual = 0.0013983
              Gradient norm = 0.00142113
        Marquardt parameter = 8388.61
       Function evaluations = 1
                  Converged = no
         Gradient converged = no
            Input converged = no
           Output converged = no

Measurement result summary: OPTIMIZE=opt2_26
   setTracker      =    1.3971       
   vPeakMin        =    1.1983       
   vPeakMax        =    1.3666       
   avgPrompt       =   35.3134u      
   cargaPrompt     =   14.1254f      
   avgHold         =  119.5453u      
   cargaHold       =   47.8181f      

Optimization iteration 26
                   Residual = 0.0013983
              Gradient norm = 0.00142113
        Marquardt parameter = 33554.4
       Function evaluations = 1
                  Converged = no
         Gradient converged = no
            Input converged = no
           Output converged = no

Measurement result summary: OPTIMIZE=opt2_27
   setTracker      =    1.3971       
   vPeakMin        =    1.1983       
   vPeakMax        =    1.3666       
   avgPrompt       =   35.3134u      
   cargaPrompt     =   14.1254f      
   avgHold         =  119.5453u      
   cargaHold       =   47.8181f      

Optimization iteration 27
                   Residual = 0.0013983
              Gradient norm = 0.00142113
        Marquardt parameter = 134218
       Function evaluations = 1
                  Converged = no
         Gradient converged = no
            Input converged = no
           Output converged = no

Measurement result summary: OPTIMIZE=opt2_28
   setTracker      =    1.3971       
   vPeakMin        =    1.1983       
   vPeakMax        =    1.3666       
   avgPrompt       =   35.3134u      
   cargaPrompt     =   14.1254f      
   avgHold         =  119.5453u      
   cargaHold       =   47.8181f      

Optimization iteration 28
                   Residual = 0.0013983
              Gradient norm = 0.00142113
        Marquardt parameter = 536871
       Function evaluations = 1
                  Converged = no
         Gradient converged = no
            Input converged = no
           Output converged = no

Measurement result summary: OPTIMIZE=opt2_29
   setTracker      =    1.3971       
   vPeakMin        =    1.1983       
   vPeakMax        =    1.3666       
   avgPrompt       =   35.3134u      
   cargaPrompt     =   14.1254f      
   avgHold         =  119.5453u      
   cargaHold       =   47.8181f      

Optimization iteration 29
                   Residual = 0.0013983
              Gradient norm = 0.00142113
        Marquardt parameter = 2.14748e+006
       Function evaluations = 1
                  Converged = yes
         Gradient converged = no
            Input converged = no
           Output converged = no

Optimization results:
                   Residual = 0.0013983
              Gradient norm = 0.00142113
        Marquardt parameter = 2.14748e+006
       Function evaluations = 40
       Number of iterations = 29
         Gradient converged = no
            Input converged = no
           Output converged = no

*** Maximum Marquardt parameter (600000) exceeded and tolerances not met.

*** Optimization incomplete, but results may still be useful.

Optimized parameter values:
   iHold =  4.6911e-004

Measurement result summary: OPTIMIZE=opt2_29
   setTracker      =    1.3971       
   vPeakMin        =    1.1983       
   vPeakMax        =    1.3666       
   avgPrompt       =   35.3134u      
   cargaPrompt     =   14.1254f      
   avgHold         =  119.5453u      
   cargaHold       =   47.8181f      

Parsing                      0.01 seconds
.TRAN Sweep                 13.65 seconds
Overhead                     0.90 seconds
-----------------------------------------
Total                       14.56 seconds

Simulation completed	with  3 Warnings