T-Spice - Tanner SPICE
Version 16.01
Network license
Product Release ID: T-Spice Win64 16.01.20130407.21:15:40
Copyright © 1988-2013 Tanner EDA

	Parsing "D:\pesquisa\Projeto SEE\Algoritmos\Passo1\src\Bruno\Output\Passo1_AOI21_111_VDDtoOUT_FO15.sp"
	Including "D:\pesquisa\Projeto SEE\Algoritmos\Passo1\src\Bruno\Output\ptm_90nm.l"

Start of Passo1_AOI21_111_VDDtoOUT_FO15.sp
Loaded BSIM4v450 model library, Berkeley BSIM4 v4.5.0

	Opening simulation database "D:\pesquisa\Projeto SEE\Algoritmos\Passo1\src\Bruno\Output\Passo1_AOI21_111_VDDtoOUT_FO15.tsim"
Warning : "Passo1_AOI21_111_VDDtoOUT_FO15.sp" line 8 Power supply node VDD2 is singularly attached to V2, and will be terminated with a Gmin conductance
Warning : "Passo1_AOI21_111_VDDtoOUT_FO15.sp" line 10 Power supply node low is singularly attached to vinB, and will be terminated with a Gmin conductance

General options:
        threads = 1

 Device and node counts:
              MOSFETs -      36
    MOSFET geometries -       4
      Voltage sources -       4
      Current sources -       1
          Subcircuits -      16
    Model Definitions -       3
      Computed Models -       2
    Independent nodes -     148
       Boundary nodes -       5
          Total nodes -     153
*** 2 WARNING MESSAGES GENERATED DURING SETUP


Optimization model parameters:
  Level   = 1
  verbose = 1
  cendif  = 1e-009
  close   = 0.001
  cut     = 2
  difsiz  = 0.001
  grad    = 1e-006
  itropt  = 40
  max     = 600000
  parmin  = 0.1
  relin   = 0.001
  relout  = 0.001

Warning : Warning messages were issued, but were suppressed
        : during a sweep, optimization, or Monte Carlos analysis.
        : 	Use '.options maxmsg=0' to view all warnings.


Optimization parameters:
      iTotal = 2e-005            derivative = -1.6307        

Optimization initialization: resid=0.991924 grad=1.6307 Marquardt=0.001

Optimization parameters:
      iTotal = 0.002             derivative = 1.04751        


Measure information will be written to file "D:\pesquisa\Projeto SEE\Algoritmos\Passo1\src\Bruno\Output\Passo1_AOI21_111_VDDtoOUT_FO15\Passo1_AOI21_111_VDDtoOUT_FO15.measure"

Measurement result summary: OPTIMIZE=opt2_1
   Vpeak           =    1.3573       
   avgiS           =   84.7501u      
   cargaTotal      =   33.9001f      

Optimization iteration 1
                   Residual = 0.129086
              Gradient norm = 1.04751
        Marquardt parameter = 0.0005
       Function evaluations = 4
                  Converged = no
         Gradient converged = no
            Input converged = no
           Output converged = no

Optimization parameters:
      iTotal = 0.00187124        derivative = 0.0139049      


Measurement result summary: OPTIMIZE=opt2_2
   Vpeak           =    1.2033       
   avgiS           =   79.2939u      
   cargaTotal      =   31.7176f      

Optimization iteration 2
                   Residual = 0.000884294
              Gradient norm = 0.0139049
        Marquardt parameter = 0.00025
       Function evaluations = 2
                  Converged = yes
         Gradient converged = no
            Input converged = no
           Output converged = yes

Optimization results:
                   Residual = 0.000884294
              Gradient norm = 0.0139049
        Marquardt parameter = 0.00025
       Function evaluations = 6
       Number of iterations = 2
         Gradient converged = no
            Input converged = no
           Output converged = yes

Optimized parameter values:
   iTotal =  1.8712e-003

Measurement result summary: OPTIMIZE=opt2_2
   Vpeak           =    1.2011       
   avgiS           =   79.2147u      
   cargaTotal      =   31.6859f      

Parsing                      0.01 seconds
.TRAN Sweep                  4.10 seconds
Overhead                     0.89 seconds
-----------------------------------------
Total                        4.99 seconds

Simulation completed	with  3 Warnings