T-Spice - Tanner SPICE
Version 16.01
Network license
Product Release ID: T-Spice Win64 16.01.20130407.21:15:40
Copyright © 1988-2013 Tanner EDA

	Parsing "D:\pesquisa\Projeto SEE\Algoritmos\Passo1\src\Bruno\Output\Passo1_AOI21_111_VDDtoOUT_FO8.sp"
	Including "D:\pesquisa\Projeto SEE\Algoritmos\Passo1\src\Bruno\Output\ptm_90nm.l"

Start of Passo1_AOI21_111_VDDtoOUT_FO8.sp
Loaded BSIM4v450 model library, Berkeley BSIM4 v4.5.0

	Opening simulation database "D:\pesquisa\Projeto SEE\Algoritmos\Passo1\src\Bruno\Output\Passo1_AOI21_111_VDDtoOUT_FO8.tsim"
Warning : "Passo1_AOI21_111_VDDtoOUT_FO8.sp" line 8 Power supply node VDD2 is singularly attached to V2, and will be terminated with a Gmin conductance
Warning : "Passo1_AOI21_111_VDDtoOUT_FO8.sp" line 10 Power supply node low is singularly attached to vinB, and will be terminated with a Gmin conductance

General options:
        threads = 1

 Device and node counts:
              MOSFETs -      22
    MOSFET geometries -       4
      Voltage sources -       4
      Current sources -       1
          Subcircuits -       9
    Model Definitions -       3
      Computed Models -       2
    Independent nodes -      92
       Boundary nodes -       5
          Total nodes -      97
*** 2 WARNING MESSAGES GENERATED DURING SETUP


Optimization model parameters:
  Level   = 1
  verbose = 1
  cendif  = 1e-009
  close   = 0.001
  cut     = 2
  difsiz  = 0.001
  grad    = 1e-006
  itropt  = 40
  max     = 600000
  parmin  = 0.1
  relin   = 0.001
  relout  = 0.001

Warning : Warning messages were issued, but were suppressed
        : during a sweep, optimization, or Monte Carlos analysis.
        : 	Use '.options maxmsg=0' to view all warnings.


Optimization parameters:
      iTotal = 2e-005            derivative = -1.97172       

Optimization initialization: resid=0.99026 grad=1.97172 Marquardt=0.001

Optimization parameters:
      iTotal = 0.002             derivative = 0.357996       


Measure information will be written to file "D:\pesquisa\Projeto SEE\Algoritmos\Passo1\src\Bruno\Output\Passo1_AOI21_111_VDDtoOUT_FO8\Passo1_AOI21_111_VDDtoOUT_FO8.measure"

Measurement result summary: OPTIMIZE=opt2_1
   Vpeak           =    1.8630       
   avgiS           =   84.7501u      
   cargaTotal      =   33.9001f      

Optimization iteration 1
                   Residual = 0.552367
              Gradient norm = 0.357996
        Marquardt parameter = 0.0005
       Function evaluations = 4
                  Converged = no
         Gradient converged = no
            Input converged = no
           Output converged = no

Measurement result summary: OPTIMIZE=opt2_2
   Vpeak           =   11.6876m      
   avgiS           =  846.6545n      
   cargaTotal      =  338.6618a      

Optimization iteration 2
                   Residual = 0.552367
              Gradient norm = 0.357996
        Marquardt parameter = 0.002
       Function evaluations = 1
                  Converged = no
         Gradient converged = no
            Input converged = no
           Output converged = no

Measurement result summary: OPTIMIZE=opt2_3
   Vpeak           =   11.6876m      
   avgiS           =  846.6545n      
   cargaTotal      =  338.6618a      

Optimization iteration 3
                   Residual = 0.552367
              Gradient norm = 0.357996
        Marquardt parameter = 0.008
       Function evaluations = 1
                  Converged = no
         Gradient converged = no
            Input converged = no
           Output converged = no

Measurement result summary: OPTIMIZE=opt2_4
   Vpeak           =   11.6876m      
   avgiS           =  846.6545n      
   cargaTotal      =  338.6618a      

Optimization iteration 4
                   Residual = 0.552367
              Gradient norm = 0.357996
        Marquardt parameter = 0.032
       Function evaluations = 1
                  Converged = no
         Gradient converged = no
            Input converged = no
           Output converged = no

Measurement result summary: OPTIMIZE=opt2_5
   Vpeak           =   11.6876m      
   avgiS           =  846.6545n      
   cargaTotal      =  338.6618a      

Optimization iteration 5
                   Residual = 0.552367
              Gradient norm = 0.357996
        Marquardt parameter = 0.128
       Function evaluations = 1
                  Converged = no
         Gradient converged = no
            Input converged = no
           Output converged = no

Measurement result summary: OPTIMIZE=opt2_6
   Vpeak           =   11.6876m      
   avgiS           =  846.6545n      
   cargaTotal      =  338.6618a      

Optimization iteration 6
                   Residual = 0.552367
              Gradient norm = 0.357996
        Marquardt parameter = 0.512
       Function evaluations = 1
                  Converged = no
         Gradient converged = no
            Input converged = no
           Output converged = no

Measurement result summary: OPTIMIZE=opt2_7
   Vpeak           =   11.6876m      
   avgiS           =  846.6545n      
   cargaTotal      =  338.6618a      

Optimization iteration 7
                   Residual = 0.552367
              Gradient norm = 0.357996
        Marquardt parameter = 2.048
       Function evaluations = 1
                  Converged = no
         Gradient converged = no
            Input converged = no
           Output converged = no

Optimization parameters:
      iTotal = 0.00126232        derivative = -0.584157      


Measurement result summary: OPTIMIZE=opt2_8
   Vpeak           =    1.1289       
   avgiS           =   53.4909u      
   cargaTotal      =   21.3964f      

Optimization iteration 8
                   Residual = 0.0611059
              Gradient norm = 0.584157
        Marquardt parameter = 1.024
       Function evaluations = 2
                  Converged = no
         Gradient converged = no
            Input converged = no
           Output converged = no

Optimization parameters:
      iTotal = 0.00127241        derivative = -0.441431      


Measurement result summary: OPTIMIZE=opt2_9
   Vpeak           =    1.1469       
   avgiS           =   53.9183u      
   cargaTotal      =   21.5673f      

Optimization iteration 9
                   Residual = 0.0461748
              Gradient norm = 0.441431
        Marquardt parameter = 0.512
       Function evaluations = 2
                  Converged = no
         Gradient converged = no
            Input converged = no
           Output converged = no

Optimization parameters:
      iTotal = 0.00128603        derivative = -0.245578      


Measurement result summary: OPTIMIZE=opt2_10
   Vpeak           =    1.1711       
   avgiS           =   54.4958u      
   cargaTotal      =   21.7983f      

Optimization iteration 10
                   Residual = 0.0259532
              Gradient norm = 0.245578
        Marquardt parameter = 0.256
       Function evaluations = 2
                  Converged = no
         Gradient converged = no
            Input converged = no
           Output converged = no

Optimization parameters:
      iTotal = 0.00129711        derivative = -0.0841612     


Measurement result summary: OPTIMIZE=opt2_11
   Vpeak           =    1.1909       
   avgiS           =   54.9650u      
   cargaTotal      =   21.9860f      

Optimization iteration 11
                   Residual = 0.00948796
              Gradient norm = 0.0841612
        Marquardt parameter = 0.128
       Function evaluations = 2
                  Converged = no
         Gradient converged = no
            Input converged = no
           Output converged = no

Optimization parameters:
      iTotal = 0.00130212        derivative = -0.0104815     


Measurement result summary: OPTIMIZE=opt2_12
   Vpeak           =    1.1999       
   avgiS           =   55.1773u      
   cargaTotal      =   22.0709f      

Optimization iteration 12
                   Residual = 0.00202885
              Gradient norm = 0.0104815
        Marquardt parameter = 0.064
       Function evaluations = 2
                  Converged = no
         Gradient converged = no
            Input converged = no
           Output converged = no

Optimization parameters:
      iTotal = 0.00130332        derivative = 0.0072705      


Measurement result summary: OPTIMIZE=opt2_13
   Vpeak           =    1.2020       
   avgiS           =   55.2283u      
   cargaTotal      =   22.0913f      

Optimization iteration 13
                   Residual = 0.000236755
              Gradient norm = 0.0072705
        Marquardt parameter = 0.032
       Function evaluations = 2
                  Converged = yes
         Gradient converged = no
            Input converged = yes
           Output converged = yes

Optimization results:
                   Residual = 0.000236755
              Gradient norm = 0.0072705
        Marquardt parameter = 0.032
       Function evaluations = 22
       Number of iterations = 13
         Gradient converged = no
            Input converged = yes
           Output converged = yes

Optimized parameter values:
   iTotal =  1.3033e-003

Measurement result summary: OPTIMIZE=opt2_13
   Vpeak           =    1.1997       
   avgiS           =   55.1731u      
   cargaTotal      =   22.0692f      

Parsing                      0.01 seconds
.TRAN Sweep                  7.71 seconds
Overhead                     0.90 seconds
-----------------------------------------
Total                        8.62 seconds

Simulation completed	with  3 Warnings