T-Spice - Tanner SPICE
Version 16.01
Network license
Product Release ID: T-Spice Win64 16.01.20130407.21:15:40
Copyright © 1988-2013 Tanner EDA

	Parsing "D:\pesquisa\Projeto SEE\Algoritmos\Passo1\src\Bruno\Output\Passo1_AOI21_110_VDDtoPU_N1_FO15.sp"
	Including "D:\pesquisa\Projeto SEE\Algoritmos\Passo1\src\Bruno\Output\ptm_90nm.l"

Start of Passo1_AOI21_110_VDDtoPU_N1_FO15.sp
Loaded BSIM4v450 model library, Berkeley BSIM4 v4.5.0

	Opening simulation database "D:\pesquisa\Projeto SEE\Algoritmos\Passo1\src\Bruno\Output\Passo1_AOI21_110_VDDtoPU_N1_FO15.tsim"
Warning : "Passo1_AOI21_110_VDDtoPU_N1_FO15.sp" line 8 Power supply node VDD2 is singularly attached to V2, and will be terminated with a Gmin conductance

General options:
        threads = 1

 Device and node counts:
              MOSFETs -      36
    MOSFET geometries -       4
      Voltage sources -       4
      Current sources -       1
          Subcircuits -      16
    Model Definitions -       3
      Computed Models -       2
    Independent nodes -     148
       Boundary nodes -       5
          Total nodes -     153
*** 1 WARNING MESSAGE GENERATED DURING SETUP


Optimization model parameters:
  Level   = 1
  verbose = 1
  cendif  = 1e-009
  close   = 0.001
  cut     = 2
  difsiz  = 0.001
  grad    = 1e-006
  itropt  = 40
  max     = 600000
  parmin  = 0.1
  relin   = 0.001
  relout  = 0.001

Warning : Warning messages were issued, but were suppressed
        : during a sweep, optimization, or Monte Carlos analysis.
        : 	Use '.options maxmsg=0' to view all warnings.


Optimization parameters:
      iTotal = 2e-005            derivative = -11.7946       

Optimization initialization: resid=0.62064 grad=11.7946 Marquardt=0.001

Optimization parameters:
      iTotal = 0.000152882       derivative = -2.23707       


Measure information will be written to file "D:\pesquisa\Projeto SEE\Algoritmos\Passo1\src\Bruno\Output\Passo1_AOI21_110_VDDtoPU_N1_FO15\Passo1_AOI21_110_VDDtoPU_N1_FO15.measure"

Measurement result summary: OPTIMIZE=opt2_1
   Vpeak           =  819.3305m      
   avgiS           =    6.4803u      
   cargaTotal      =    2.5921f      

Optimization iteration 1
                   Residual = 0.317546
              Gradient norm = 2.23707
        Marquardt parameter = 0.0005
       Function evaluations = 4
                  Converged = no
         Gradient converged = no
            Input converged = no
           Output converged = no

Optimization parameters:
      iTotal = 0.000348472       derivative = -0.252744      


Measurement result summary: OPTIMIZE=opt2_2
   Vpeak           =    1.1503       
   avgiS           =   14.7665u      
   cargaTotal      =    5.9066f      

Optimization iteration 2
                   Residual = 0.0418514
              Gradient norm = 0.252744
        Marquardt parameter = 0.00025
       Function evaluations = 2
                  Converged = no
         Gradient converged = no
            Input converged = no
           Output converged = no

Optimization parameters:
      iTotal = 0.000381108       derivative = -0.00127667    


Measurement result summary: OPTIMIZE=opt2_3
   Vpeak           =    1.2000       
   avgiS           =   16.1495u      
   cargaTotal      =    6.4598f      

Optimization iteration 3
                   Residual = 0.000450994
              Gradient norm = 0.00127667
        Marquardt parameter = 0.000125
       Function evaluations = 2
                  Converged = yes
         Gradient converged = no
            Input converged = no
           Output converged = yes

Optimization results:
                   Residual = 0.000450994
              Gradient norm = 0.00127667
        Marquardt parameter = 0.000125
       Function evaluations = 8
       Number of iterations = 3
         Gradient converged = no
            Input converged = no
           Output converged = yes

Optimized parameter values:
   iTotal =  3.8111e-004

Measurement result summary: OPTIMIZE=opt2_3
   Vpeak           =    1.1995       
   avgiS           =   16.1333u      
   cargaTotal      =    6.4533f      

Parsing                      0.01 seconds
.TRAN Sweep                  5.16 seconds
Overhead                     0.89 seconds
-----------------------------------------
Total                        6.06 seconds

Simulation completed	with  2 Warnings