T-Spice - Tanner SPICE
Version 16.01
Network license
Product Release ID: T-Spice Win64 16.01.20130407.21:15:40
Copyright © 1988-2013 Tanner EDA

	Parsing "D:\pesquisa\Projeto SEE\Algoritmos\Passo1\src\Bruno\Output\Passo2_AOI21_110_VDDtoPU_N1_FO8.sp"
	Including "D:\pesquisa\Projeto SEE\Algoritmos\Passo1\src\Bruno\Output\ptm_90nm.l"

Start of Passo2_AOI21_110_VDDtoPU_N1_FO8.sp
Loaded BSIM4v450 model library, Berkeley BSIM4 v4.5.0

	Opening simulation database "D:\pesquisa\Projeto SEE\Algoritmos\Passo1\src\Bruno\Output\Passo2_AOI21_110_VDDtoPU_N1_FO8.tsim"
Warning : "Passo2_AOI21_110_VDDtoPU_N1_FO8.sp" line 10 Power supply node VDD2 is singularly attached to V2, and will be terminated with a Gmin conductance

General options:
        threads = 1

 Device and node counts:
              MOSFETs -      22
    MOSFET geometries -       4
      Voltage sources -       4
      Current sources -       2
          Subcircuits -       9
    Model Definitions -       3
      Computed Models -       2
    Independent nodes -      92
       Boundary nodes -       5
          Total nodes -      97
*** 1 WARNING MESSAGE GENERATED DURING SETUP


Optimization model parameters:
  Level   = 1
  verbose = 1
  cendif  = 1e-009
  close   = 0.001
  cut     = 2
  difsiz  = 0.001
  grad    = 1e-006
  itropt  = 40
  max     = 600000
  parmin  = 0.1
  relin   = 0.001
  relout  = 0.001

Warning : Warning messages were issued, but were suppressed
        : during a sweep, optimization, or Monte Carlos analysis.
        : 	Use '.options maxmsg=0' to view all warnings.


Optimization parameters:
       iHold = 2e-005            derivative = -7.46416       

Optimization initialization: resid=0.544463 grad=7.46416 Marquardt=0.001

Optimization parameters:
       iHold = 0.000181615       derivative = -1.50399       


Measure information will be written to file "D:\pesquisa\Projeto SEE\Algoritmos\Passo1\src\Bruno\Output\Passo2_AOI21_110_VDDtoPU_N1_FO8\Passo2_AOI21_110_VDDtoPU_N1_FO8.measure"

Measurement result summary: OPTIMIZE=opt2_1
   setTracker      =    1.2005       
   vPeakMin        =  962.7687m      
   vPeakMax        =  968.4536m      
   avgPrompt       =    8.2518u      
   cargaPrompt     =    3.3007f      
   avgHold         =   46.3320u      
   cargaHold       =   18.5328f      

Optimization iteration 1
                   Residual = 0.198035
              Gradient norm = 1.50399
        Marquardt parameter = 0.0005
       Function evaluations = 4
                  Converged = no
         Gradient converged = no
            Input converged = no
           Output converged = no

Optimization parameters:
       iHold = 0.000296219       derivative = -0.131557      


Measurement result summary: OPTIMIZE=opt2_2
   setTracker      =    1.3423       
   vPeakMin        =    1.1774       
   vPeakMax        =    1.3423       
   avgPrompt       =    3.3961u      
   cargaPrompt     =    1.3585f      
   avgHold         =   75.5618u      
   cargaHold       =   30.2247f      

Optimization iteration 2
                   Residual = 0.0193075
              Gradient norm = 0.131557
        Marquardt parameter = 0.00025
       Function evaluations = 2
                  Converged = no
         Gradient converged = no
            Input converged = no
           Output converged = no

Optimization parameters:
       iHold = 0.000309189       derivative = 0.00105623     


Measurement result summary: OPTIMIZE=opt2_3
   setTracker      =    1.4075       
   vPeakMin        =    1.2005       
   vPeakMax        =    1.4075       
   avgPrompt       =    2.8465u      
   cargaPrompt     =    1.1386f      
   avgHold         =   78.8703u      
   cargaHold       =   31.5481f      

Optimization iteration 3
                   Residual = 7.4969e-005
              Gradient norm = 0.00105623
        Marquardt parameter = 0.000125
       Function evaluations = 2
                  Converged = yes
         Gradient converged = no
            Input converged = no
           Output converged = yes

Optimization results:
                   Residual = 7.4969e-005
              Gradient norm = 0.00105623
        Marquardt parameter = 0.000125
       Function evaluations = 8
       Number of iterations = 3
         Gradient converged = no
            Input converged = no
           Output converged = yes

Optimized parameter values:
   iHold =  3.0919e-004

Measurement result summary: OPTIMIZE=opt2_3
   setTracker      =    1.4059       
   vPeakMin        =    1.1999       
   vPeakMax        =    1.4059       
   avgPrompt       =    2.8596u      
   cargaPrompt     =    1.1438f      
   avgHold         =   78.7915u      
   cargaHold       =   31.5166f      

Parsing                      0.01 seconds
.TRAN Sweep                  3.69 seconds
Overhead                     0.90 seconds
-----------------------------------------
Total                        4.59 seconds

Simulation completed	with  2 Warnings