T-Spice - Tanner SPICE
Version 16.01
Network license
Product Release ID: T-Spice Win64 16.01.20130407.21:15:40
Copyright © 1988-2013 Tanner EDA

	Parsing "D:\pesquisa\Projeto SEE\Algoritmos\Passo1\src\Bruno\Output\Passo1_AOI21_110_VDDtoPU_N1_FO1.sp"
	Including "D:\pesquisa\Projeto SEE\Algoritmos\Passo1\src\Bruno\Output\ptm_90nm.l"

Start of Passo1_AOI21_110_VDDtoPU_N1_FO1.sp
Loaded BSIM4v450 model library, Berkeley BSIM4 v4.5.0

	Opening simulation database "D:\pesquisa\Projeto SEE\Algoritmos\Passo1\src\Bruno\Output\Passo1_AOI21_110_VDDtoPU_N1_FO1.tsim"
Warning : "Passo1_AOI21_110_VDDtoPU_N1_FO1.sp" line 8 Power supply node VDD2 is singularly attached to V2, and will be terminated with a Gmin conductance

General options:
        threads = 1

 Device and node counts:
              MOSFETs -       8
    MOSFET geometries -       4
      Voltage sources -       4
      Current sources -       1
          Subcircuits -       2
    Model Definitions -       3
      Computed Models -       2
    Independent nodes -      36
       Boundary nodes -       5
          Total nodes -      41
*** 1 WARNING MESSAGE GENERATED DURING SETUP


Optimization model parameters:
  Level   = 1
  verbose = 1
  cendif  = 1e-009
  close   = 0.001
  cut     = 2
  difsiz  = 0.001
  grad    = 1e-006
  itropt  = 40
  max     = 600000
  parmin  = 0.1
  relin   = 0.001
  relout  = 0.001

Warning : Warning messages were issued, but were suppressed
        : during a sweep, optimization, or Monte Carlos analysis.
        : 	Use '.options maxmsg=0' to view all warnings.


Optimization parameters:
      iTotal = 2e-005            derivative = -11.9818       

Optimization initialization: resid=0.621826 grad=11.9818 Marquardt=0.001

Optimization parameters:
      iTotal = 0.000151306       derivative = -2.31266       


Measure information will be written to file "D:\pesquisa\Projeto SEE\Algoritmos\Passo1\src\Bruno\Output\Passo1_AOI21_110_VDDtoPU_N1_FO1\Passo1_AOI21_110_VDDtoPU_N1_FO1.measure"

Measurement result summary: OPTIMIZE=opt2_1
   Vpeak           =  820.8440m      
   avgiS           =    6.4136u      
   cargaTotal      =    2.5654f      

Optimization iteration 1
                   Residual = 0.316297
              Gradient norm = 2.31266
        Marquardt parameter = 0.0005
       Function evaluations = 4
                  Converged = no
         Gradient converged = no
            Input converged = no
           Output converged = no

Optimization parameters:
      iTotal = 0.000338877       derivative = -0.232828      


Measurement result summary: OPTIMIZE=opt2_2
   Vpeak           =    1.1575       
   avgiS           =   14.3599u      
   cargaTotal      =    5.7440f      

Optimization iteration 2
                   Residual = 0.0358896
              Gradient norm = 0.232828
        Marquardt parameter = 0.00025
       Function evaluations = 2
                  Converged = no
         Gradient converged = no
            Input converged = no
           Output converged = no

Optimization parameters:
      iTotal = 0.000364793       derivative = 8.94665e-005   


Measurement result summary: OPTIMIZE=opt2_3
   Vpeak           =    1.2003       
   avgiS           =   15.4581u      
   cargaTotal      =    6.1832f      

Optimization iteration 3
                   Residual = 0.000235765
              Gradient norm = 8.94665e-005
        Marquardt parameter = 0.000125
       Function evaluations = 2
                  Converged = yes
         Gradient converged = no
            Input converged = no
           Output converged = yes

Optimization results:
                   Residual = 0.000235765
              Gradient norm = 8.94665e-005
        Marquardt parameter = 0.000125
       Function evaluations = 8
       Number of iterations = 3
         Gradient converged = no
            Input converged = no
           Output converged = yes

Optimized parameter values:
   iTotal =  3.6479e-004

Measurement result summary: OPTIMIZE=opt2_3
   Vpeak           =    1.1997       
   avgiS           =   15.4427u      
   cargaTotal      =    6.1771f      

Parsing                      0.01 seconds
.TRAN Sweep                  1.54 seconds
Overhead                     0.26 seconds
-----------------------------------------
Total                        1.80 seconds

Simulation completed	with  2 Warnings