T-Spice - Tanner SPICE
Version 16.01
Network license
Product Release ID: T-Spice Win64 16.01.20130407.21:15:40
Copyright © 1988-2013 Tanner EDA

	Parsing "D:\pesquisa\Projeto SEE\Algoritmos\Passo1\src\Bruno\Output\Passo2_AOI21_110_VDDtoPU_N1_FO4.sp"
	Including "D:\pesquisa\Projeto SEE\Algoritmos\Passo1\src\Bruno\Output\ptm_90nm.l"

Start of Passo2_AOI21_110_VDDtoPU_N1_FO4.sp
Loaded BSIM4v450 model library, Berkeley BSIM4 v4.5.0

	Opening simulation database "D:\pesquisa\Projeto SEE\Algoritmos\Passo1\src\Bruno\Output\Passo2_AOI21_110_VDDtoPU_N1_FO4.tsim"
Warning : "Passo2_AOI21_110_VDDtoPU_N1_FO4.sp" line 10 Power supply node VDD2 is singularly attached to V2, and will be terminated with a Gmin conductance

General options:
        threads = 1

 Device and node counts:
              MOSFETs -      14
    MOSFET geometries -       4
      Voltage sources -       4
      Current sources -       2
          Subcircuits -       5
    Model Definitions -       3
      Computed Models -       2
    Independent nodes -      60
       Boundary nodes -       5
          Total nodes -      65
*** 1 WARNING MESSAGE GENERATED DURING SETUP


Optimization model parameters:
  Level   = 1
  verbose = 1
  cendif  = 1e-009
  close   = 0.001
  cut     = 2
  difsiz  = 0.001
  grad    = 1e-006
  itropt  = 40
  max     = 600000
  parmin  = 0.1
  relin   = 0.001
  relout  = 0.001

Warning : Warning messages were issued, but were suppressed
        : during a sweep, optimization, or Monte Carlos analysis.
        : 	Use '.options maxmsg=0' to view all warnings.


Optimization parameters:
       iHold = 2e-005            derivative = -7.47589       

Optimization initialization: resid=0.545025 grad=7.47589 Marquardt=0.001

Optimization parameters:
       iHold = 0.000181695       derivative = -1.6932        


Measure information will be written to file "D:\pesquisa\Projeto SEE\Algoritmos\Passo1\src\Bruno\Output\Passo2_AOI21_110_VDDtoPU_N1_FO4\Passo2_AOI21_110_VDDtoPU_N1_FO4.measure"

Measurement result summary: OPTIMIZE=opt2_1
   setTracker      =    1.2006       
   vPeakMin        =  980.1439m      
   vPeakMax        =  984.0835m      
   avgPrompt       =    8.0405u      
   cargaPrompt     =    3.2162f      
   avgHold         =   46.3523u      
   cargaHold       =   18.5409f      

Optimization iteration 1
                   Residual = 0.183629
              Gradient norm = 1.6932
        Marquardt parameter = 0.0005
       Function evaluations = 4
                  Converged = no
         Gradient converged = no
            Input converged = no
           Output converged = no

Optimization parameters:
       iHold = 0.0002692         derivative = -0.242655      


Measurement result summary: OPTIMIZE=opt2_2
   setTracker      =    1.4175       
   vPeakMin        =    1.1618       
   vPeakMax        =    1.4175       
   avgPrompt       =    4.3332u      
   cargaPrompt     =    1.7333f      
   avgHold         =   68.6696u      
   cargaHold       =   27.4679f      

Optimization iteration 2
                   Residual = 0.0322946
              Gradient norm = 0.242655
        Marquardt parameter = 0.00025
       Function evaluations = 2
                  Converged = no
         Gradient converged = no
            Input converged = no
           Output converged = no

Optimization parameters:
       iHold = 0.000288733       derivative = 0.000640112    


Measurement result summary: OPTIMIZE=opt2_3
   setTracker      =    1.5360       
   vPeakMin        =    1.2004       
   vPeakMax        =    1.5360       
   avgPrompt       =    3.5055u      
   cargaPrompt     =    1.4022f      
   avgHold         =   73.6522u      
   cargaHold       =   29.4609f      

Optimization iteration 3
                   Residual = 0.000152373
              Gradient norm = 0.000640112
        Marquardt parameter = 0.000125
       Function evaluations = 2
                  Converged = yes
         Gradient converged = no
            Input converged = no
           Output converged = yes

Optimization results:
                   Residual = 0.000152373
              Gradient norm = 0.000640112
        Marquardt parameter = 0.000125
       Function evaluations = 8
       Number of iterations = 3
         Gradient converged = no
            Input converged = no
           Output converged = yes

Optimized parameter values:
   iHold =  2.8873e-004

Measurement result summary: OPTIMIZE=opt2_3
   setTracker      =    1.5346       
   vPeakMin        =    1.1998       
   vPeakMax        =    1.5346       
   avgPrompt       =    3.5177u      
   cargaPrompt     =    1.4071f      
   avgHold         =   73.5787u      
   cargaHold       =   29.4315f      

Parsing                      0.00 seconds
.TRAN Sweep                  2.49 seconds
Overhead                     0.89 seconds
-----------------------------------------
Total                        3.39 seconds

Simulation completed	with  2 Warnings