T-Spice - Tanner SPICE
Version 16.01
Network license
Product Release ID: T-Spice Win64 16.01.20130407.21:15:40
Copyright © 1988-2013 Tanner EDA

	Parsing "D:\pesquisa\Projeto SEE\Algoritmos\Passo1\src\Bruno\Output\Passo2_nand2_01_OUTtoGND_FO8.sp"
	Including "D:\pesquisa\Projeto SEE\Algoritmos\Passo1\src\Bruno\Output\ptm_90nm.l"

Start of Passo2_nand2_01_OUTtoGND_FO8.sp
Loaded BSIM4v450 model library, Berkeley BSIM4 v4.5.0

	Opening simulation database "D:\pesquisa\Projeto SEE\Algoritmos\Passo1\src\Bruno\Output\Passo2_nand2_01_OUTtoGND_FO8.tsim"
Warning : "Passo2_nand2_01_OUTtoGND_FO8.sp" line 10 Power supply node VDD2 is singularly attached to V2, and will be terminated with a Gmin conductance

General options:
        threads = 1

 Device and node counts:
              MOSFETs -      20
    MOSFET geometries -       3
      Voltage sources -       4
      Current sources -       2
          Subcircuits -       9
    Model Definitions -       3
      Computed Models -       2
    Independent nodes -      83
       Boundary nodes -       5
          Total nodes -      88
*** 1 WARNING MESSAGE GENERATED DURING SETUP


Optimization model parameters:
  Level   = 1
  verbose = 1
  cendif  = 1e-009
  close   = 0.001
  cut     = 2
  difsiz  = 0.001
  grad    = 1e-006
  itropt  = 40
  max     = 600000
  parmin  = 0.1
  relin   = 0.001
  relout  = 0.001

Warning : Warning messages were issued, but were suppressed
        : during a sweep, optimization, or Monte Carlos analysis.
        : 	Use '.options maxmsg=0' to view all warnings.


Optimization parameters:
       iHold = 2e-005            derivative = -2.14721e+025  

Optimization initialization: resid=8.28348e+011 grad=2.14721e+025 Marquardt=0.001

Optimization parameters:
       iHold = 0.000150021       derivative = -4.58719e+024  


Measure information will be written to file "D:\pesquisa\Projeto SEE\Algoritmos\Passo1\src\Bruno\Output\Passo2_nand2_01_OUTtoGND_FO8\Passo2_nand2_01_OUTtoGND_FO8.measure"

Measurement result summary: OPTIMIZE=opt2_1
   setTracker      =  -75.8660m      
   vPeakMin        =  -40.5393m      
   vPeakMax        =  146.5459m      
   avgPrompt       =   33.7185u      
   cargaPrompt     =   13.4874f      
   avgHold         =   38.2807u      
   cargaHold       =   15.3123f      

Optimization iteration 1
                   Residual = 1.47967e+011
              Gradient norm = 4.58719e+024
        Marquardt parameter = 0.0005
       Function evaluations = 4
                  Converged = no
         Gradient converged = no
            Input converged = no
           Output converged = no

Optimization parameters:
       iHold = 0.000170616       derivative = 4.56534e+022   


Measurement result summary: OPTIMIZE=opt2_2
   setTracker      =  -97.0926m      
   vPeakMin        =  -86.4290m      
   vPeakMax        =   -2.1561m      
   avgPrompt       =   32.8467u      
   cargaPrompt     =   13.1387f      
   avgHold         =   43.5289u      
   cargaHold       =   17.4116f      

Optimization iteration 2
                   Residual = 7.22827e+008
              Gradient norm = 4.56534e+022
        Marquardt parameter = 0.00025
       Function evaluations = 2
                  Converged = no
         Gradient converged = no
            Input converged = no
           Output converged = no

Optimization parameters:
       iHold = 0.000170516       derivative = 2.27391e+022   


Measurement result summary: OPTIMIZE=opt2_3
   setTracker      =  -96.9783m      
   vPeakMin        =  -86.2067m      
   vPeakMax        =   -1.4337m      
   avgPrompt       =   32.8509u      
   cargaPrompt     =   13.1404f      
   avgHold         =   43.5034u      
   cargaHold       =   17.4014f      

Optimization iteration 3
                   Residual = 371020
              Gradient norm = 2.27391e+022
        Marquardt parameter = 0.000125
       Function evaluations = 2
                  Converged = no
         Gradient converged = no
            Input converged = yes
           Output converged = no

Optimization parameters:
       iHold = 0.000170516       derivative = 2.27273e+022   


Measurement result summary: OPTIMIZE=opt2_4
   setTracker      =  -96.9782m      
   vPeakMin        =  -86.2066m      
   vPeakMax        =   -1.4333m      
   avgPrompt       =   32.8509u      
   cargaPrompt     =   13.1404f      
   avgHold         =   43.5034u      
   cargaHold       =   17.4014f      

Optimization iteration 4
                   Residual = 96.1013
              Gradient norm = 2.27273e+022
        Marquardt parameter = 6.25e-005
       Function evaluations = 2
                  Converged = no
         Gradient converged = no
            Input converged = yes
           Output converged = no

Optimization parameters:
       iHold = 0.000170516       derivative = 2.27273e+022   


Measurement result summary: OPTIMIZE=opt2_5
   setTracker      =  -96.9782m      
   vPeakMin        =  -86.2066m      
   vPeakMax        =   -1.4333m      
   avgPrompt       =   32.8509u      
   cargaPrompt     =   13.1404f      
   avgHold         =   43.5034u      
   cargaHold       =   17.4014f      

Optimization iteration 5
                   Residual = 0.0128004
              Gradient norm = 2.27273e+022
        Marquardt parameter = 3.125e-005
       Function evaluations = 2
                  Converged = no
         Gradient converged = no
            Input converged = yes
           Output converged = no

Optimization parameters:
       iHold = 0.000170516       derivative = 2.27273e+022   


Measurement result summary: OPTIMIZE=opt2_6
   setTracker      =  -96.9782m      
   vPeakMin        =  -86.2066m      
   vPeakMax        =   -1.4333m      
   avgPrompt       =   32.8509u      
   cargaPrompt     =   13.1404f      
   avgHold         =   43.5034u      
   cargaHold       =   17.4014f      

Optimization iteration 6
                   Residual = 0.000288144
              Gradient norm = 2.27273e+022
        Marquardt parameter = 1.5625e-005
       Function evaluations = 2
                  Converged = yes
         Gradient converged = no
            Input converged = yes
           Output converged = yes

Optimization results:
                   Residual = 0.000288144
              Gradient norm = 2.27273e+022
        Marquardt parameter = 1.5625e-005
       Function evaluations = 14
       Number of iterations = 6
         Gradient converged = no
            Input converged = yes
           Output converged = yes

Optimized parameter values:
   iHold =  1.7052e-004

Measurement result summary: OPTIMIZE=opt2_6
   setTracker      =  -96.7514m      
   vPeakMin        =  -85.7656m      
   vPeakMax        =   -1.5296f      
   avgPrompt       =   32.8593u      
   cargaPrompt     =   13.1437f      
   avgHold         =   43.4530u      
   cargaHold       =   17.3812f      

Parsing                      0.01 seconds
.TRAN Sweep                  4.99 seconds
Overhead                     0.88 seconds
-----------------------------------------
Total                        5.88 seconds

Simulation completed	with  2 Warnings