T-Spice - Tanner SPICE
Version 16.01
Network license
Product Release ID: T-Spice Win64 16.01.20130407.21:15:40
Copyright © 1988-2013 Tanner EDA

	Parsing "D:\pesquisa\Projeto SEE\Algoritmos\Passo1\src\Bruno\Output\Passo1_nand2_01_OUTtoGND_FO4.sp"
	Including "D:\pesquisa\Projeto SEE\Algoritmos\Passo1\src\Bruno\Output\ptm_90nm.l"

Start of Passo1_nand2_01_OUTtoGND_FO4.sp
Loaded BSIM4v450 model library, Berkeley BSIM4 v4.5.0

	Opening simulation database "D:\pesquisa\Projeto SEE\Algoritmos\Passo1\src\Bruno\Output\Passo1_nand2_01_OUTtoGND_FO4.tsim"
Warning : "Passo1_nand2_01_OUTtoGND_FO4.sp" line 8 Power supply node VDD2 is singularly attached to V2, and will be terminated with a Gmin conductance

General options:
        threads = 1

 Device and node counts:
              MOSFETs -      12
    MOSFET geometries -       3
      Voltage sources -       4
      Current sources -       1
          Subcircuits -       5
    Model Definitions -       3
      Computed Models -       2
    Independent nodes -      51
       Boundary nodes -       5
          Total nodes -      56
*** 1 WARNING MESSAGE GENERATED DURING SETUP


Optimization model parameters:
  Level   = 1
  verbose = 1
  cendif  = 1e-009
  close   = 0.001
  cut     = 2
  difsiz  = 0.001
  grad    = 1e-006
  itropt  = 40
  max     = 600000
  parmin  = 0.1
  relin   = 0.001
  relout  = 0.001

Warning : Warning messages were issued, but were suppressed
        : during a sweep, optimization, or Monte Carlos analysis.
        : 	Use '.options maxmsg=0' to view all warnings.


Optimization parameters:
      iTotal = 2e-005            derivative = -9.00035e+024  

Optimization initialization: resid=1.1625e+012 grad=9.00035e+024 Marquardt=0.001

Optimization parameters:
      iTotal = 0.000631287       derivative = 1.34791e+022   


Measure information will be written to file "D:\pesquisa\Projeto SEE\Algoritmos\Passo1\src\Bruno\Output\Passo1_nand2_01_OUTtoGND_FO4\Passo1_nand2_01_OUTtoGND_FO4.measure"

Measurement result summary: OPTIMIZE=opt2_1
   Vpeak           =   -1.8158m      
   avgiS           =   26.7508u      
   cargaTotal      =   10.7003f      

Optimization iteration 1
                   Residual = 2.96322e+008
              Gradient norm = 1.34791e+022
        Marquardt parameter = 0.0005
       Function evaluations = 4
                  Converged = no
         Gradient converged = no
            Input converged = no
           Output converged = no

Optimization parameters:
      iTotal = 0.000631164       derivative = 9.69808e+021   


Measurement result summary: OPTIMIZE=opt2_2
   Vpeak           =   -1.5195m      
   avgiS           =   26.7456u      
   cargaTotal      =   10.6982f      

Optimization iteration 2
                   Residual = 342669
              Gradient norm = 9.69808e+021
        Marquardt parameter = 0.00025
       Function evaluations = 2
                  Converged = no
         Gradient converged = no
            Input converged = yes
           Output converged = no

Optimization parameters:
      iTotal = 0.000631164       derivative = 9.69371e+021   


Measurement result summary: OPTIMIZE=opt2_3
   Vpeak           =   -1.5191m      
   avgiS           =   26.7456u      
   cargaTotal      =   10.6982f      

Optimization iteration 3
                   Residual = 216.413
              Gradient norm = 9.69371e+021
        Marquardt parameter = 0.000125
       Function evaluations = 2
                  Converged = no
         Gradient converged = no
            Input converged = yes
           Output converged = no

Optimization parameters:
      iTotal = 0.000631164       derivative = 9.69371e+021   


Measurement result summary: OPTIMIZE=opt2_4
   Vpeak           =   -1.5191m      
   avgiS           =   26.7456u      
   cargaTotal      =   10.6982f      

Optimization iteration 4
                   Residual = 0.0822489
              Gradient norm = 9.69371e+021
        Marquardt parameter = 6.25e-005
       Function evaluations = 2
                  Converged = no
         Gradient converged = no
            Input converged = yes
           Output converged = no

Optimization parameters:
      iTotal = 0.000631164       derivative = 9.69371e+021   


Measurement result summary: OPTIMIZE=opt2_5
   Vpeak           =   -1.5191m      
   avgiS           =   26.7456u      
   cargaTotal      =   10.6982f      

Optimization iteration 5
                   Residual = 0.0311169
              Gradient norm = 9.69371e+021
        Marquardt parameter = 3.125e-005
       Function evaluations = 2
                  Converged = no
         Gradient converged = no
            Input converged = yes
           Output converged = no

Measurement result summary: OPTIMIZE=opt2_6
   Vpeak           =   31.1991f      
   avgiS           =   26.7189u      
   cargaTotal      =   10.6876f      

Optimization iteration 6
                   Residual = 0.0311169
              Gradient norm = 9.69371e+021
        Marquardt parameter = 0.000125
       Function evaluations = 1
                  Converged = no
         Gradient converged = no
            Input converged = yes
           Output converged = no

Measurement result summary: OPTIMIZE=opt2_7
   Vpeak           =   31.5853f      
   avgiS           =   26.7189u      
   cargaTotal      =   10.6876f      

Optimization iteration 7
                   Residual = 0.0311169
              Gradient norm = 9.69371e+021
        Marquardt parameter = 0.0005
       Function evaluations = 1
                  Converged = no
         Gradient converged = no
            Input converged = yes
           Output converged = no

Measurement result summary: OPTIMIZE=opt2_8
   Vpeak           =   41.9305f      
   avgiS           =   26.7189u      
   cargaTotal      =   10.6876f      

Optimization iteration 8
                   Residual = 0.0311169
              Gradient norm = 9.69371e+021
        Marquardt parameter = 0.002
       Function evaluations = 1
                  Converged = no
         Gradient converged = no
            Input converged = yes
           Output converged = no

Measurement result summary: OPTIMIZE=opt2_9
   Vpeak           =   61.9534f      
   avgiS           =   26.7189u      
   cargaTotal      =   10.6876f      

Optimization iteration 9
                   Residual = 0.0311169
              Gradient norm = 9.69371e+021
        Marquardt parameter = 0.008
       Function evaluations = 1
                  Converged = no
         Gradient converged = no
            Input converged = yes
           Output converged = no

Measurement result summary: OPTIMIZE=opt2_10
   Vpeak           =   61.3416f      
   avgiS           =   26.7189u      
   cargaTotal      =   10.6876f      

Optimization iteration 10
                   Residual = 0.0311169
              Gradient norm = 9.69371e+021
        Marquardt parameter = 0.032
       Function evaluations = 1
                  Converged = no
         Gradient converged = no
            Input converged = yes
           Output converged = no

Optimization parameters:
      iTotal = 0.000631164       derivative = 9.69371e+021   


Measurement result summary: OPTIMIZE=opt2_11
   Vpeak           =   -1.5191m      
   avgiS           =   26.7456u      
   cargaTotal      =   10.6982f      

Optimization iteration 11
                   Residual = 0.030156
              Gradient norm = 9.69371e+021
        Marquardt parameter = 0.016
       Function evaluations = 2
                  Converged = no
         Gradient converged = no
            Input converged = yes
           Output converged = no

Measurement result summary: OPTIMIZE=opt2_12
   Vpeak           =   59.4853f      
   avgiS           =   26.7189u      
   cargaTotal      =   10.6876f      

Optimization iteration 12
                   Residual = 0.030156
              Gradient norm = 9.69371e+021
        Marquardt parameter = 0.064
       Function evaluations = 1
                  Converged = no
         Gradient converged = no
            Input converged = yes
           Output converged = no

Measurement result summary: OPTIMIZE=opt2_13
   Vpeak           =   87.1917f      
   avgiS           =   26.7189u      
   cargaTotal      =   10.6876f      

Optimization iteration 13
                   Residual = 0.030156
              Gradient norm = 9.69371e+021
        Marquardt parameter = 0.256
       Function evaluations = 1
                  Converged = no
         Gradient converged = no
            Input converged = yes
           Output converged = no

Measurement result summary: OPTIMIZE=opt2_14
   Vpeak           =   79.3686f      
   avgiS           =   26.7189u      
   cargaTotal      =   10.6876f      

Optimization iteration 14
                   Residual = 0.030156
              Gradient norm = 9.69371e+021
        Marquardt parameter = 1.024
       Function evaluations = 1
                  Converged = no
         Gradient converged = no
            Input converged = yes
           Output converged = no

Measurement result summary: OPTIMIZE=opt2_15
   Vpeak           =   67.9104f      
   avgiS           =   26.7189u      
   cargaTotal      =   10.6876f      

Optimization iteration 15
                   Residual = 0.030156
              Gradient norm = 9.69371e+021
        Marquardt parameter = 4.096
       Function evaluations = 1
                  Converged = no
         Gradient converged = no
            Input converged = yes
           Output converged = no

Measurement result summary: OPTIMIZE=opt2_16
   Vpeak           =   30.3862f      
   avgiS           =   26.7189u      
   cargaTotal      =   10.6876f      

Optimization iteration 16
                   Residual = 0.030156
              Gradient norm = 9.69371e+021
        Marquardt parameter = 16.384
       Function evaluations = 1
                  Converged = no
         Gradient converged = no
            Input converged = yes
           Output converged = no

Measurement result summary: OPTIMIZE=opt2_17
   Vpeak           =   60.3562f      
   avgiS           =   26.7189u      
   cargaTotal      =   10.6876f      

Optimization iteration 17
                   Residual = 0.030156
              Gradient norm = 9.69371e+021
        Marquardt parameter = 65.536
       Function evaluations = 1
                  Converged = no
         Gradient converged = no
            Input converged = yes
           Output converged = no

Optimization parameters:
      iTotal = 0.000631164       derivative = 9.69371e+021   


Measurement result summary: OPTIMIZE=opt2_18
   Vpeak           =   -1.5191m      
   avgiS           =   26.7456u      
   cargaTotal      =   10.6982f      

Optimization iteration 18
                   Residual = 0.0293419
              Gradient norm = 9.69371e+021
        Marquardt parameter = 32.768
       Function evaluations = 2
                  Converged = no
         Gradient converged = no
            Input converged = yes
           Output converged = no

Measurement result summary: OPTIMIZE=opt2_19
   Vpeak           =   59.8681f      
   avgiS           =   26.7189u      
   cargaTotal      =   10.6876f      

Optimization iteration 19
                   Residual = 0.0293419
              Gradient norm = 9.69371e+021
        Marquardt parameter = 131.072
       Function evaluations = 1
                  Converged = no
         Gradient converged = no
            Input converged = yes
           Output converged = no

Measurement result summary: OPTIMIZE=opt2_20
   Vpeak           =   39.5571f      
   avgiS           =   26.7189u      
   cargaTotal      =   10.6876f      

Optimization iteration 20
                   Residual = 0.0293419
              Gradient norm = 9.69371e+021
        Marquardt parameter = 524.288
       Function evaluations = 1
                  Converged = no
         Gradient converged = no
            Input converged = yes
           Output converged = no

Optimization parameters:
      iTotal = 0.000631164       derivative = 9.69371e+021   


Measurement result summary: OPTIMIZE=opt2_21
   Vpeak           =   -1.5191m      
   avgiS           =   26.7456u      
   cargaTotal      =   10.6982f      

Optimization iteration 21
                   Residual = 0.0291967
              Gradient norm = 9.69371e+021
        Marquardt parameter = 262.144
       Function evaluations = 2
                  Converged = no
         Gradient converged = no
            Input converged = yes
           Output converged = no

Measurement result summary: OPTIMIZE=opt2_22
   Vpeak           =   39.3839f      
   avgiS           =   26.7189u      
   cargaTotal      =   10.6876f      

Optimization iteration 22
                   Residual = 0.0291967
              Gradient norm = 9.69371e+021
        Marquardt parameter = 1048.58
       Function evaluations = 1
                  Converged = no
         Gradient converged = no
            Input converged = yes
           Output converged = no

Measurement result summary: OPTIMIZE=opt2_23
   Vpeak           =   29.7894f      
   avgiS           =   26.7189u      
   cargaTotal      =   10.6876f      

Optimization iteration 23
                   Residual = 0.0291967
              Gradient norm = 9.69371e+021
        Marquardt parameter = 4194.3
       Function evaluations = 1
                  Converged = no
         Gradient converged = no
            Input converged = yes
           Output converged = no

Measurement result summary: OPTIMIZE=opt2_24
   Vpeak           =   59.9229f      
   avgiS           =   26.7189u      
   cargaTotal      =   10.6876f      

Optimization iteration 24
                   Residual = 0.0291967
              Gradient norm = 9.69371e+021
        Marquardt parameter = 16777.2
       Function evaluations = 1
                  Converged = no
         Gradient converged = no
            Input converged = yes
           Output converged = no

Measurement result summary: OPTIMIZE=opt2_25
   Vpeak           =   29.3900f      
   avgiS           =   26.7189u      
   cargaTotal      =   10.6876f      

Optimization iteration 25
                   Residual = 0.0291967
              Gradient norm = 9.69371e+021
        Marquardt parameter = 67108.9
       Function evaluations = 1
                  Converged = no
         Gradient converged = no
            Input converged = yes
           Output converged = no

Measurement result summary: OPTIMIZE=opt2_26
   Vpeak           =   29.7963f      
   avgiS           =   26.7189u      
   cargaTotal      =   10.6876f      

Optimization iteration 26
                   Residual = 0.0291967
              Gradient norm = 9.69371e+021
        Marquardt parameter = 268435
       Function evaluations = 1
                  Converged = no
         Gradient converged = no
            Input converged = yes
           Output converged = no

Measurement result summary: OPTIMIZE=opt2_27
   Vpeak           =   29.8591f      
   avgiS           =   26.7189u      
   cargaTotal      =   10.6876f      

Optimization iteration 27
                   Residual = 0.0291967
              Gradient norm = 9.69371e+021
        Marquardt parameter = 1.07374e+006
       Function evaluations = 1
                  Converged = yes
         Gradient converged = no
            Input converged = yes
           Output converged = no

Optimization results:
                   Residual = 0.0291967
              Gradient norm = 9.69371e+021
        Marquardt parameter = 1.07374e+006
       Function evaluations = 37
       Number of iterations = 27
         Gradient converged = no
            Input converged = yes
           Output converged = no

Optimized parameter values:
   iTotal =  6.3116e-004

Measurement result summary: OPTIMIZE=opt2_27
   Vpeak           =   59.9490f      
   avgiS           =   26.7189u      
   cargaTotal      =   10.6876f      

Parsing                      0.01 seconds
.TRAN Sweep                  7.10 seconds
Overhead                     0.89 seconds
-----------------------------------------
Total                        7.99 seconds

Simulation completed	with  2 Warnings