T-Spice - Tanner SPICE
Version 16.01
Network license
Product Release ID: T-Spice Win64 16.01.20130407.21:15:40
Copyright © 1988-2013 Tanner EDA

	Parsing "D:\pesquisa\Projeto SEE\Algoritmos\Passo1\src\Bruno\Output\Passo1_nand2_01_OUTtoGND_FO1.sp"
	Including "D:\pesquisa\Projeto SEE\Algoritmos\Passo1\src\Bruno\Output\ptm_90nm.l"

Start of Passo1_nand2_01_OUTtoGND_FO1.sp
Loaded BSIM4v450 model library, Berkeley BSIM4 v4.5.0

	Opening simulation database "D:\pesquisa\Projeto SEE\Algoritmos\Passo1\src\Bruno\Output\Passo1_nand2_01_OUTtoGND_FO1.tsim"
Warning : "Passo1_nand2_01_OUTtoGND_FO1.sp" line 8 Power supply node VDD2 is singularly attached to V2, and will be terminated with a Gmin conductance

General options:
        threads = 1

 Device and node counts:
              MOSFETs -       6
    MOSFET geometries -       3
      Voltage sources -       4
      Current sources -       1
          Subcircuits -       2
    Model Definitions -       3
      Computed Models -       2
    Independent nodes -      27
       Boundary nodes -       5
          Total nodes -      32
*** 1 WARNING MESSAGE GENERATED DURING SETUP


Optimization model parameters:
  Level   = 1
  verbose = 1
  cendif  = 1e-009
  close   = 0.001
  cut     = 2
  difsiz  = 0.001
  grad    = 1e-006
  itropt  = 40
  max     = 600000
  parmin  = 0.1
  relin   = 0.001
  relout  = 0.001

Warning : Warning messages were issued, but were suppressed
        : during a sweep, optimization, or Monte Carlos analysis.
        : 	Use '.options maxmsg=0' to view all warnings.


Optimization parameters:
      iTotal = 2e-005            derivative = -1.1636e+025   

Optimization initialization: resid=1.15173e+012 grad=1.1636e+025 Marquardt=0.001

Optimization parameters:
      iTotal = 0.000484085       derivative = 6.63615e+024   


Measure information will be written to file "D:\pesquisa\Projeto SEE\Algoritmos\Passo1\src\Bruno\Output\Passo1_nand2_01_OUTtoGND_FO1\Passo1_nand2_01_OUTtoGND_FO1.measure"

Measurement result summary: OPTIMIZE=opt2_1
   Vpeak           = -363.6352m      
   avgiS           =   20.5131u      
   cargaTotal      =    8.2053f      

Optimization iteration 1
                   Residual = 3.61867e+011
              Gradient norm = 6.63615e+024
        Marquardt parameter = 0.0005
       Function evaluations = 4
                  Converged = no
         Gradient converged = no
            Input converged = no
           Output converged = no

Optimization parameters:
      iTotal = 0.000385119       derivative = -4.58795e+023  


Measurement result summary: OPTIMIZE=opt2_2
   Vpeak           =   23.6637m      
   avgiS           =   16.3195u      
   cargaTotal      =    6.5278f      

Optimization iteration 2
                   Residual = 2.51681e+010
              Gradient norm = 4.58795e+023
        Marquardt parameter = 0.00025
       Function evaluations = 2
                  Converged = no
         Gradient converged = no
            Input converged = no
           Output converged = no

Optimization parameters:
      iTotal = 0.000391559       derivative = 1.51065e+022   


Measurement result summary: OPTIMIZE=opt2_3
   Vpeak           =   -1.5665m      
   avgiS           =   16.5923u      
   cargaTotal      =    6.6369f      

Optimization iteration 3
                   Residual = 3.13483e+007
              Gradient norm = 1.51065e+022
        Marquardt parameter = 0.000125
       Function evaluations = 2
                  Converged = no
         Gradient converged = no
            Input converged = no
           Output converged = no

Optimization parameters:
      iTotal = 0.000391551       derivative = 1.45135e+022   


Measurement result summary: OPTIMIZE=opt2_4
   Vpeak           =   -1.5351m      
   avgiS           =   16.5920u      
   cargaTotal      =    6.6368f      

Optimization iteration 4
                   Residual = 11037.7
              Gradient norm = 1.45135e+022
        Marquardt parameter = 6.25e-005
       Function evaluations = 2
                  Converged = no
         Gradient converged = no
            Input converged = yes
           Output converged = no

Optimization parameters:
      iTotal = 0.000391551       derivative = 1.45133e+022   


Measurement result summary: OPTIMIZE=opt2_5
   Vpeak           =   -1.5351m      
   avgiS           =   16.5920u      
   cargaTotal      =    6.6368f      

Optimization iteration 5
                   Residual = 2.48538
              Gradient norm = 1.45133e+022
        Marquardt parameter = 3.125e-005
       Function evaluations = 2
                  Converged = no
         Gradient converged = no
            Input converged = yes
           Output converged = no

Optimization parameters:
      iTotal = 0.000391551       derivative = 1.45133e+022   


Measurement result summary: OPTIMIZE=opt2_6
   Vpeak           =   -1.5351m      
   avgiS           =   16.5920u      
   cargaTotal      =    6.6368f      

Optimization iteration 6
                   Residual = 0.000868426
              Gradient norm = 1.45133e+022
        Marquardt parameter = 1.5625e-005
       Function evaluations = 2
                  Converged = yes
         Gradient converged = no
            Input converged = yes
           Output converged = yes

Optimization results:
                   Residual = 0.000868426
              Gradient norm = 1.45133e+022
        Marquardt parameter = 1.5625e-005
       Function evaluations = 14
       Number of iterations = 6
         Gradient converged = no
            Input converged = yes
           Output converged = yes

Optimized parameter values:
   iTotal =  3.9155e-004

Measurement result summary: OPTIMIZE=opt2_6
   Vpeak           =  -24.8480f      
   avgiS           =   16.5754u      
   cargaTotal      =    6.6302f      

Parsing                      0.01 seconds
.TRAN Sweep                  1.83 seconds
Overhead                     1.18 seconds
-----------------------------------------
Total                        3.01 seconds

Simulation completed	with  2 Warnings