T-Spice - Tanner SPICE
Version 16.01
Network license
Product Release ID: T-Spice Win64 16.01.20130407.21:15:40
Copyright © 1988-2013 Tanner EDA

	Parsing "D:\pesquisa\Projeto SEE\Algoritmos\Passo1\src\bruno\Output\f33\1000\Passo1_f33_1000_VDDtoOUT_FO1.sp"
	Including "D:\pesquisa\Projeto SEE\Algoritmos\Passo1\src\bruno\Output\f33\1000\ptm_90nm.l"

Start of Passo1_f33_1000_VDDtoOUT_FO1.sp
Loaded BSIM4v450 model library, Berkeley BSIM4 v4.5.0

	Opening simulation database "D:\pesquisa\Projeto SEE\Algoritmos\Passo1\src\bruno\Output\f33\1000\Passo1_f33_1000_VDDtoOUT_FO1.tsim"
Warning : "Passo1_f33_1000_VDDtoOUT_FO1.sp" line 8 Power supply node VDD2 is singularly attached to V2, and will be terminated with a Gmin conductance

General options:
        threads = 1

 Device and node counts:
              MOSFETs -      30
    MOSFET geometries -       3
      Voltage sources -       4
      Current sources -       1
          Subcircuits -       2
    Model Definitions -       3
      Computed Models -       2
    Independent nodes -      87
       Boundary nodes -       5
          Total nodes -      92
*** 1 WARNING MESSAGE GENERATED DURING SETUP


Optimization model parameters:
  Level   = 1
  verbose = 1
  cendif  = 1e-009
  close   = 0.001
  cut     = 2
  difsiz  = 0.001
  grad    = 1e-006
  itropt  = 40
  max     = 600000
  parmin  = 0.1
  relin   = 0.001
  relout  = 0.001

Warning : Warning messages were issued, but were suppressed
        : during a sweep, optimization, or Monte Carlos analysis.
        : 	Use '.options maxmsg=0' to view all warnings.


Optimization parameters:
      iTotal = 2e-005            derivative = -3.46912       

Optimization initialization: resid=0.982928 grad=3.46912 Marquardt=0.001

Measure information will be written to file "D:\pesquisa\Projeto SEE\Algoritmos\Passo1\src\bruno\Output\f33\1000\Passo1_f33_1000_VDDtoOUT_FO1\Passo1_f33_1000_VDDtoOUT_FO1.measure"

Measurement result summary: OPTIMIZE=opt2_1
   Vpeak           =    2.5566       
   avgiS           =   40.4395u      
   cargaTotal      =   16.1758f      

Optimization iteration 1
                   Residual = 0.982928
              Gradient norm = 3.46912
        Marquardt parameter = 0.004
       Function evaluations = 3
                  Converged = no
         Gradient converged = no
            Input converged = no
           Output converged = no

Measurement result summary: OPTIMIZE=opt2_2
   Vpeak           =    2.5592       
   avgiS           =   40.4370u      
   cargaTotal      =   16.1748f      

Optimization iteration 2
                   Residual = 0.982928
              Gradient norm = 3.46912
        Marquardt parameter = 0.016
       Function evaluations = 1
                  Converged = no
         Gradient converged = no
            Input converged = no
           Output converged = no

Measurement result summary: OPTIMIZE=opt2_3
   Vpeak           =    2.5487       
   avgiS           =   39.5040u      
   cargaTotal      =   15.8016f      

Optimization iteration 3
                   Residual = 0.982928
              Gradient norm = 3.46912
        Marquardt parameter = 0.064
       Function evaluations = 1
                  Converged = no
         Gradient converged = no
            Input converged = no
           Output converged = no

Measurement result summary: OPTIMIZE=opt2_4
   Vpeak           =    2.5251       
   avgiS           =   36.0823u      
   cargaTotal      =   14.4329f      

Optimization iteration 4
                   Residual = 0.982928
              Gradient norm = 3.46912
        Marquardt parameter = 0.256
       Function evaluations = 1
                  Converged = no
         Gradient converged = no
            Input converged = no
           Output converged = no

Optimization parameters:
      iTotal = 0.000740223       derivative = 18.7169        


Measurement result summary: OPTIMIZE=opt2_5
   Vpeak           =    2.0735       
   avgiS           =   26.1189u      
   cargaTotal      =   10.4476f      

Optimization iteration 5
                   Residual = 0.724497
              Gradient norm = 18.7169
        Marquardt parameter = 0.128
       Function evaluations = 2
                  Converged = no
         Gradient converged = no
            Input converged = no
           Output converged = no

Optimization parameters:
      iTotal = 0.000618259       derivative = 3.35101        


Measurement result summary: OPTIMIZE=opt2_6
   Vpeak           =    1.3765       
   avgiS           =   21.8154u      
   cargaTotal      =    8.7262f      

Optimization iteration 6
                   Residual = 0.144409
              Gradient norm = 3.35101
        Marquardt parameter = 0.064
       Function evaluations = 2
                  Converged = no
         Gradient converged = no
            Input converged = no
           Output converged = no

Optimization parameters:
      iTotal = 0.000588984       derivative = 0.496464       


Measurement result summary: OPTIMIZE=opt2_7
   Vpeak           =    1.2303       
   avgiS           =   20.7824u      
   cargaTotal      =    8.3130f      

Optimization iteration 7
                   Residual = 0.0228851
              Gradient norm = 0.496464
        Marquardt parameter = 0.032
       Function evaluations = 2
                  Converged = no
         Gradient converged = no
            Input converged = no
           Output converged = no

Optimization parameters:
      iTotal = 0.000583552       derivative = 0.0556084      


Measurement result summary: OPTIMIZE=opt2_8
   Vpeak           =    1.2047       
   avgiS           =   20.5908u      
   cargaTotal      =    8.2363f      

Optimization iteration 8
                   Residual = 0.00161764
              Gradient norm = 0.0556084
        Marquardt parameter = 0.016
       Function evaluations = 2
                  Converged = no
         Gradient converged = no
            Input converged = no
           Output converged = no

Optimization parameters:
      iTotal = 0.000583149       derivative = 0.0238947      


Measurement result summary: OPTIMIZE=opt2_9
   Vpeak           =    1.2028       
   avgiS           =   20.5765u      
   cargaTotal      =    8.2306f      

Optimization iteration 9
                   Residual = 5.32641e-005
              Gradient norm = 0.0238947
        Marquardt parameter = 0.008
       Function evaluations = 2
                  Converged = yes
         Gradient converged = no
            Input converged = yes
           Output converged = yes

Optimization results:
                   Residual = 5.32641e-005
              Gradient norm = 0.0238947
        Marquardt parameter = 0.008
       Function evaluations = 16
       Number of iterations = 9
         Gradient converged = no
            Input converged = yes
           Output converged = yes

Optimized parameter values:
   iTotal =  5.8315e-004

Measurement result summary: OPTIMIZE=opt2_9
   Vpeak           =    1.2001       
   avgiS           =   20.5560u      
   cargaTotal      =    8.2224f      

Parsing                      0.01 seconds
.TRAN Sweep                  4.56 seconds
Overhead                     0.86 seconds
-----------------------------------------
Total                        5.43 seconds

Simulation completed	with  2 Warnings